<testsuites id="" name="" tests="8" failures="2" skipped="6" errors="0" time="76.94891899999999">
<testsuite name="e2e/google-calendar-full-flow.spec.ts" timestamp="2025-11-14T15:08:07.380Z" hostname="chromium:e2e" tests="8" failures="2" skipped="6" time="144.509" errors="0">
<testcase name="Google Calendar Integration › should connect Google Calendar from profile page" classname="e2e/google-calendar-full-flow.spec.ts" time="40.971">
<failure message="google-calendar-full-flow.spec.ts:23:7 should connect Google Calendar from profile page" type="FAILURE">
<![CDATA[  [chromium:e2e] › e2e/google-calendar-full-flow.spec.ts:23:7 › Google Calendar Integration › should connect Google Calendar from profile page 

    TimeoutError: page.waitForURL: Timeout 30000ms exceeded.
    =========================== logs ===========================
    waiting for navigation to "/" until "load"
    ============================================================

      18 |     await page.fill('input[type="password"]', process.env.TEST_USER_PASSWORD || 'password123');
      19 |     await page.click('button[type="submit"]');
    > 20 |     await page.waitForURL('/');
         |                ^
      21 |   });
      22 |
      23 |   test('should connect Google Calendar from profile page', async ({ page }) => {
        at /home/edu/autorenta/tests/e2e/google-calendar-full-flow.spec.ts:20:16

    attachment #1: screenshot (image/png) ──────────────────────────────────────────────────────────
    ../test-results/artifacts/e2e-google-calendar-full-f-4c466--Calendar-from-profile-page-chromium-e2e/test-failed-1.png
    ────────────────────────────────────────────────────────────────────────────────────────────────

    attachment #2: video (video/webm) ──────────────────────────────────────────────────────────────
    ../test-results/artifacts/e2e-google-calendar-full-f-4c466--Calendar-from-profile-page-chromium-e2e/video.webm
    ────────────────────────────────────────────────────────────────────────────────────────────────

    Error Context: ../test-results/artifacts/e2e-google-calendar-full-f-4c466--Calendar-from-profile-page-chromium-e2e/error-context.md

    attachment #4: trace (application/zip) ─────────────────────────────────────────────────────────
    ../test-results/artifacts/e2e-google-calendar-full-f-4c466--Calendar-from-profile-page-chromium-e2e/trace.zip
    Usage:

        pnpm exec playwright show-trace ../test-results/artifacts/e2e-google-calendar-full-f-4c466--Calendar-from-profile-page-chromium-e2e/trace.zip

    ────────────────────────────────────────────────────────────────────────────────────────────────
]]>
</failure>
<system-out>
<![CDATA[
[[ATTACHMENT|artifacts/e2e-google-calendar-full-f-4c466--Calendar-from-profile-page-chromium-e2e/test-failed-1.png]]

[[ATTACHMENT|artifacts/e2e-google-calendar-full-f-4c466--Calendar-from-profile-page-chromium-e2e/video.webm]]

[[ATTACHMENT|artifacts/e2e-google-calendar-full-f-4c466--Calendar-from-profile-page-chromium-e2e/error-context.md]]

[[ATTACHMENT|artifacts/e2e-google-calendar-full-f-4c466--Calendar-from-profile-page-chromium-e2e/trace.zip]]
]]>
</system-out>
</testcase>
<testcase name="Google Calendar Integration › should display calendar in car detail page" classname="e2e/google-calendar-full-flow.spec.ts" time="41.364">
<failure message="google-calendar-full-flow.spec.ts:49:7 should display calendar in car detail page" type="FAILURE">
<![CDATA[  [chromium:e2e] › e2e/google-calendar-full-flow.spec.ts:49:7 › Google Calendar Integration › should display calendar in car detail page 

    TimeoutError: page.waitForURL: Timeout 30000ms exceeded.
    =========================== logs ===========================
    waiting for navigation to "/" until "load"
    ============================================================

      18 |     await page.fill('input[type="password"]', process.env.TEST_USER_PASSWORD || 'password123');
      19 |     await page.click('button[type="submit"]');
    > 20 |     await page.waitForURL('/');
         |                ^
      21 |   });
      22 |
      23 |   test('should connect Google Calendar from profile page', async ({ page }) => {
        at /home/edu/autorenta/tests/e2e/google-calendar-full-flow.spec.ts:20:16

    attachment #1: screenshot (image/png) ──────────────────────────────────────────────────────────
    ../test-results/artifacts/e2e-google-calendar-full-f-7544f-calendar-in-car-detail-page-chromium-e2e/test-failed-1.png
    ────────────────────────────────────────────────────────────────────────────────────────────────

    attachment #2: video (video/webm) ──────────────────────────────────────────────────────────────
    ../test-results/artifacts/e2e-google-calendar-full-f-7544f-calendar-in-car-detail-page-chromium-e2e/video.webm
    ────────────────────────────────────────────────────────────────────────────────────────────────

    Error Context: ../test-results/artifacts/e2e-google-calendar-full-f-7544f-calendar-in-car-detail-page-chromium-e2e/error-context.md

    attachment #4: trace (application/zip) ─────────────────────────────────────────────────────────
    ../test-results/artifacts/e2e-google-calendar-full-f-7544f-calendar-in-car-detail-page-chromium-e2e/trace.zip
    Usage:

        pnpm exec playwright show-trace ../test-results/artifacts/e2e-google-calendar-full-f-7544f-calendar-in-car-detail-page-chromium-e2e/trace.zip

    ────────────────────────────────────────────────────────────────────────────────────────────────
]]>
</failure>
<system-out>
<![CDATA[
[[ATTACHMENT|artifacts/e2e-google-calendar-full-f-7544f-calendar-in-car-detail-page-chromium-e2e/test-failed-1.png]]

[[ATTACHMENT|artifacts/e2e-google-calendar-full-f-7544f-calendar-in-car-detail-page-chromium-e2e/video.webm]]

[[ATTACHMENT|artifacts/e2e-google-calendar-full-f-7544f-calendar-in-car-detail-page-chromium-e2e/error-context.md]]

[[ATTACHMENT|artifacts/e2e-google-calendar-full-f-7544f-calendar-in-car-detail-page-chromium-e2e/trace.zip]]
]]>
</system-out>
</testcase>
<testcase name="Google Calendar Integration › should sync booking to Google Calendar" classname="e2e/google-calendar-full-flow.spec.ts" time="31.126">
<skipped>
</skipped>
</testcase>
<testcase name="Google Calendar Integration › should display calendar management panel in profile" classname="e2e/google-calendar-full-flow.spec.ts" time="31.048">
<skipped>
</skipped>
</testcase>
<testcase name="Google Calendar Integration › should handle calendar availability data" classname="e2e/google-calendar-full-flow.spec.ts" time="0">
<skipped>
</skipped>
</testcase>
<testcase name="Google Calendar Integration › should verify calendar OAuth callback" classname="e2e/google-calendar-full-flow.spec.ts" time="0">
<skipped>
</skipped>
</testcase>
<testcase name="Google Calendar - Integration Scenarios › scenario: owner publishes car with calendar sync" classname="e2e/google-calendar-full-flow.spec.ts" time="0">
<skipped>
</skipped>
</testcase>
<testcase name="Google Calendar - Integration Scenarios › scenario: renter sees availability and books" classname="e2e/google-calendar-full-flow.spec.ts" time="0">
<skipped>
</skipped>
</testcase>
</testsuite>
</testsuites>