<testsuites id="" name="" tests="1" failures="1" skipped="0" errors="0" time="39.099239999999995">
<testsuite name="e2e/complete-porsche-publication-flow.spec.ts" timestamp="2025-11-13T04:45:05.796Z" hostname="chromium:e2e" tests="1" failures="1" skipped="0" time="36.643" errors="0">
<testcase name="Flujo Completo: Registro → Login → Publicar Porsche Carrera con IA › Flujo completo: Registro → Login → Publicar Porsche Carrera con Fotos IA" classname="e2e/complete-porsche-publication-flow.spec.ts" time="36.643">
<failure message="complete-porsche-publication-flow.spec.ts:87:7 Flujo completo: Registro → Login → Publicar Porsche Carrera con Fotos IA" type="FAILURE">
<![CDATA[  [chromium:e2e] › e2e/complete-porsche-publication-flow.spec.ts:87:7 › Flujo Completo: Registro → Login → Publicar Porsche Carrera con IA › Flujo completo: Registro → Login → Publicar Porsche Carrera con Fotos IA 

    TimeoutError: locator.click: Timeout 15000ms exceeded.
    Call log:
      - waiting for locator('button:has-text("🔍 Buscar Fotos de Stock")')
        - locator resolved to <button disabled type="button" _ngcontent-ng-c904914049="" class="w-full px-4 py-2 bg-cta-default text-cta-text rounded-lg hover:bg-cta-default disabled:opacity-50 disabled:cursor-not-allowed">…</button>
      - attempting click action
        2 × waiting for element to be visible, enabled and stable
          - element is not enabled
        - retrying click action
        - waiting 20ms
        2 × waiting for element to be visible, enabled and stable
          - element is not enabled
        - retrying click action
          - waiting 100ms
        28 × waiting for element to be visible, enabled and stable
           - element is not enabled
         - retrying click action
           - waiting 500ms


      379 |           if (await searchButton.isVisible({ timeout: 5000 }).catch(() => false)) {
      380 |             console.log('✅ Clickeando botón de búsqueda...');
    > 381 |             await searchButton.click();
          |                                ^
      382 |             await page.waitForTimeout(3000);
      383 |           }
      384 |         }
        at /home/edu/autorenta/tests/e2e/complete-porsche-publication-flow.spec.ts:381:32
        at captureStep (/home/edu/autorenta/tests/e2e/complete-porsche-publication-flow.spec.ts:106:9)
        at /home/edu/autorenta/tests/e2e/complete-porsche-publication-flow.spec.ts:354:5

    attachment #1: screenshot (image/png) ──────────────────────────────────────────────────────────
    ../test-results/artifacts/e2e-complete-porsche-publi-1b90c-orsche-Carrera-con-Fotos-IA-chromium-e2e/test-failed-1.png
    ────────────────────────────────────────────────────────────────────────────────────────────────

    attachment #2: video (video/webm) ──────────────────────────────────────────────────────────────
    ../test-results/artifacts/e2e-complete-porsche-publi-1b90c-orsche-Carrera-con-Fotos-IA-chromium-e2e/video.webm
    ────────────────────────────────────────────────────────────────────────────────────────────────

    Error Context: ../test-results/artifacts/e2e-complete-porsche-publi-1b90c-orsche-Carrera-con-Fotos-IA-chromium-e2e/error-context.md

    attachment #4: trace (application/zip) ─────────────────────────────────────────────────────────
    ../test-results/artifacts/e2e-complete-porsche-publi-1b90c-orsche-Carrera-con-Fotos-IA-chromium-e2e/trace.zip
    Usage:

        npx playwright show-trace ../test-results/artifacts/e2e-complete-porsche-publi-1b90c-orsche-Carrera-con-Fotos-IA-chromium-e2e/trace.zip

    ────────────────────────────────────────────────────────────────────────────────────────────────
]]>
</failure>
<system-out>
<![CDATA[
📸 Paso: 1. Login con Usuario Existente
[CONSOLE warning]: <link rel=preload> uses an unsupported `as` value
[CONSOLE debug]: [vite] connecting...
[CONSOLE debug]: [vite] connected.
[CONSOLE warning]: ⚠️ Sentry DSN not configured - error tracking disabled
[CONSOLE log]: 📱 Device Info: {userAgent: Mozilla/5.0 (Windows NT 10.0; Win64; x64) AppleWeb…L, like Gecko) Chrome/141.0.7390.37 Safari/537.36, platform: Linux x86_64, memory: Object, connection: Object, screen: Object}
[CONSOLE log]: 📊 Performance Monitoring initialized
[CONSOLE log]: Angular is running in development mode.
[REQUEST FAILED]: http://localhost:4200/assets/videos/volvo-c-recharge-splash.mp4
[CONSOLE log]: 📊 LCP: 2120.00ms
[CONSOLE log]: 📊 FID: 4.40ms
[CONSOLE log]: 📊 CLS: 0.0125
✅ Usuario autenticado, redirigido a: http://localhost:4200/
[CONSOLE log]: 📊 CLS: 0.4086
[CONSOLE warning]: ⚠️ CLS is above target (0.1): 0.4086
[CONSOLE warning]: Error getting current position: User denied Geolocation
[REQUEST FAILED]: https://pisqjmoklivzpwufhscx.supabase.co/rest/v1/bookings?select=*&car_id=eq.75a7efe3-dc31-4346-a126-c5e3fa734e63&status=in.%28confirmed%2Ccompleted%2Cin_progress%29&created_at=gte.2025-10-14T04%3A45%3A14.764Z
[REQUEST FAILED]: https://pisqjmoklivzpwufhscx.supabase.co/rest/v1/bookings?select=*&car_id=eq.628e8fa3-78b8-46de-bd4d-ad8fd5f1ad0e&status=in.%28confirmed%2Ccompleted%2Cin_progress%29&created_at=gte.2025-10-14T04%3A45%3A14.762Z
[REQUEST FAILED]: https://pisqjmoklivzpwufhscx.supabase.co/rest/v1/bookings?select=*&car_id=eq.10326ee8-2bb1-41a5-ac6e-0f639126b797&status=in.%28confirmed%2Ccompleted%2Cin_progress%29&created_at=gte.2025-10-14T04%3A45%3A14.765Z
[REQUEST FAILED]: https://pisqjmoklivzpwufhscx.supabase.co/rest/v1/bookings?select=*&car_id=eq.b288ed1c-9544-44e1-b159-8e3335425051&status=in.%28confirmed%2Ccompleted%2Cin_progress%29&created_at=gte.2025-10-14T04%3A45%3A14.767Z
[REQUEST FAILED]: https://pisqjmoklivzpwufhscx.supabase.co/rest/v1/bookings?select=*&car_id=eq.cf33b6b0-94a6-4e8b-844d-8aaa0a32eb14&status=in.%28confirmed%2Ccompleted%2Cin_progress%29&created_at=gte.2025-10-14T04%3A45%3A14.770Z
[REQUEST FAILED]: https://pisqjmoklivzpwufhscx.supabase.co/rest/v1/bookings?select=*&car_id=eq.9fe9a17d-f33c-48e9-9889-8d4f1e876fc6&status=in.%28confirmed%2Ccompleted%2Cin_progress%29&created_at=gte.2025-10-14T04%3A45%3A14.766Z
[REQUEST FAILED]: https://pisqjmoklivzpwufhscx.supabase.co/rest/v1/bookings?select=*&car_id=eq.d8e47708-b9f9-460a-bf7b-81ed68bf601c&status=in.%28confirmed%2Ccompleted%2Cin_progress%29&created_at=gte.2025-10-14T04%3A45%3A14.769Z
[REQUEST FAILED]: https://pisqjmoklivzpwufhscx.supabase.co/rest/v1/bookings?select=*&car_id=eq.4da4c7ed-33e9-4a30-92b8-342332d660a9&status=in.%28confirmed%2Ccompleted%2Cin_progress%29&created_at=gte.2025-10-14T04%3A45%3A14.768Z

📸 Paso: 2. Navegar a Publicar Auto
[CONSOLE warning]: <link rel=preload> uses an unsupported `as` value
[CONSOLE debug]: [vite] connecting...
[CONSOLE debug]: [vite] connected.
[CONSOLE warning]: ⚠️ Sentry DSN not configured - error tracking disabled
[CONSOLE log]: 📱 Device Info: {userAgent: Mozilla/5.0 (Windows NT 10.0; Win64; x64) AppleWeb…L, like Gecko) Chrome/141.0.7390.37 Safari/537.36, platform: Linux x86_64, memory: Object, connection: Object, screen: Object}
[CONSOLE log]: 📊 Performance Monitoring initialized
[CONSOLE log]: Angular is running in development mode.
[CONSOLE warning]: 
  It looks like you're using the disabled attribute with a reactive form directive. If you set disabled to true
  when you set up this control in your component class, the disabled attribute will actually be set in the DOM for
  you. We recommend using this approach to avoid 'changed after checked' errors.

  Example:
  // Specify the `disabled` property at control creation time:
  form = new FormGroup({
    first: new FormControl({value: 'Nancy', disabled: true}, Validators.required),
    last: new FormControl('Drew', Validators.required)
  });

  // Controls can also be enabled/disabled after creation:
  form.get('first')?.enable();
  form.get('last')?.disable();

[CONSOLE log]: 📊 CLS: 0.0041
[CONSOLE log]: 📊 LCP: 1084.00ms
[CONSOLE log]: 📊 CLS: 0.0101
[CONSOLE log]: [PublishCarV2] Loaded FIPE brands: 103
[CONSOLE log]: [PublishCarV2] Formatted brands: [Object, Object, Object, Object, Object]
[CONSOLE log]: 📊 CLS: 0.0187

📸 Paso: 3. Completar Formulario - Porsche Carrera

📸 Paso: 4. Buscar Fotos de Stock
✅ Botón de fotos de stock encontrado
[CONSOLE log]: 📊 FID: 2.90ms
✅ Modal de stock photos abierto
✅ Clickeando botón de búsqueda...

[[ATTACHMENT|artifacts/e2e-complete-porsche-publi-1b90c-orsche-Carrera-con-Fotos-IA-chromium-e2e/test-failed-1.png]]

[[ATTACHMENT|artifacts/e2e-complete-porsche-publi-1b90c-orsche-Carrera-con-Fotos-IA-chromium-e2e/video.webm]]

[[ATTACHMENT|artifacts/e2e-complete-porsche-publi-1b90c-orsche-Carrera-con-Fotos-IA-chromium-e2e/error-context.md]]

[[ATTACHMENT|artifacts/e2e-complete-porsche-publi-1b90c-orsche-Carrera-con-Fotos-IA-chromium-e2e/trace.zip]]
]]>
</system-out>
</testcase>
</testsuite>
</testsuites>