[33m‚ùØ[39m Building...
[32m‚úî[39m Building...
Application bundle generation failed. [79.721 seconds] - 2025-10-27T20:44:01.975Z

[1m[31m[31m‚úò [41;31m[[41;97mERROR[41;31m][0m [1mTS4111: Property 'avatar_url' comes from an index signature, so it must be accessed with ['avatar_url'].[0m [1m[35m[plugin angular-compiler][0m

    src/app/app.component.html:121:34:
[37m      121 ‚îÇ ...       *ngIf="userProfile()?.[32mavatar_url[37m; else profilePlaceholder"
          ‚ïµ                                 [32m~~~~~~~~~~[0m

  Error occurs in the template of component AppComponent.

    src/app/app.component.ts:65:15:
[37m      65 ‚îÇ   templateUrl: [32m'./app.component.html'[37m,
         ‚ïµ                [32m~~~~~~~~~~~~~~~~~~~~~~[0m


[31m‚úò [41;31m[[41;97mERROR[41;31m][0m [1mTS4111: Property 'avatar_url' comes from an index signature, so it must be accessed with ['avatar_url'].[0m [1m[35m[plugin angular-compiler][0m

    src/app/app.component.html:122:34:
[37m      122 ‚îÇ             [src]="userProfile()!.[32mavatar_url[37m"
          ‚ïµ                                   [32m~~~~~~~~~~[0m

  Error occurs in the template of component AppComponent.

    src/app/app.component.ts:65:15:
[37m      65 ‚îÇ   templateUrl: [32m'./app.component.html'[37m,
         ‚ïµ                [32m~~~~~~~~~~~~~~~~~~~~~~[0m


[31m‚úò [41;31m[[41;97mERROR[41;31m][0m [1mTS4111: Property 'full_name' comes from an index signature, so it must be accessed with ['full_name'].[0m [1m[35m[plugin angular-compiler][0m

    src/app/app.component.html:123:34:
[37m      123 ‚îÇ             [alt]="userProfile()?.[32mfull_name[37m || 'Profile'"
          ‚ïµ                                   [32m~~~~~~~~~[0m

  Error occurs in the template of component AppComponent.

    src/app/app.component.ts:65:15:
[37m      65 ‚îÇ   templateUrl: [32m'./app.component.html'[37m,
         ‚ïµ                [32m~~~~~~~~~~~~~~~~~~~~~~[0m


[31m‚úò [41;31m[[41;97mERROR[41;31m][0m [1mTS4111: Property 'avatar_url' comes from an index signature, so it must be accessed with ['avatar_url'].[0m [1m[35m[plugin angular-compiler][0m

    src/app/app.component.html:219:36:
[37m      219 ‚îÇ ...       *ngIf="userProfile()?.[32mavatar_url[37m; else sidebarPlaceholder"
          ‚ïµ                                 [32m~~~~~~~~~~[0m

  Error occurs in the template of component AppComponent.

    src/app/app.component.ts:65:15:
[37m      65 ‚îÇ   templateUrl: [32m'./app.component.html'[37m,
         ‚ïµ                [32m~~~~~~~~~~~~~~~~~~~~~~[0m


[31m‚úò [41;31m[[41;97mERROR[41;31m][0m [1mTS4111: Property 'avatar_url' comes from an index signature, so it must be accessed with ['avatar_url'].[0m [1m[35m[plugin angular-compiler][0m

    src/app/app.component.html:220:36:
[37m      220 ‚îÇ               [src]="userProfile()!.[32mavatar_url[37m"
          ‚ïµ                                     [32m~~~~~~~~~~[0m

  Error occurs in the template of component AppComponent.

    src/app/app.component.ts:65:15:
[37m      65 ‚îÇ   templateUrl: [32m'./app.component.html'[37m,
         ‚ïµ                [32m~~~~~~~~~~~~~~~~~~~~~~[0m


[31m‚úò [41;31m[[41;97mERROR[41;31m][0m [1mTS4111: Property 'full_name' comes from an index signature, so it must be accessed with ['full_name'].[0m [1m[35m[plugin angular-compiler][0m

    src/app/app.component.html:221:36:
[37m      221 ‚îÇ               [alt]="userProfile()?.[32mfull_name[37m || 'Profile'"
          ‚ïµ                                     [32m~~~~~~~~~[0m

  Error occurs in the template of component AppComponent.

    src/app/app.component.ts:65:15:
[37m      65 ‚îÇ   templateUrl: [32m'./app.component.html'[37m,
         ‚ïµ                [32m~~~~~~~~~~~~~~~~~~~~~~[0m


[31m‚úò [41;31m[[41;97mERROR[41;31m][0m [1mTS4111: Property 'useModalOverlay' comes from an index signature, so it must be accessed with ['useModalOverlay'].[0m [1m[35m[plugin angular-compiler][0m

    src/app/core/guided-tour/adapters/shepherd-adapter.service.ts:44:31:
[37m      44 ‚îÇ       useModalOverlay: options.[32museModalOverlay[37m ?? true,
         ‚ïµ                                [32m~~~~~~~~~~~~~~~[0m


[31m‚úò [41;31m[[41;97mERROR[41;31m][0m [1mTS4111: Property 'canClickTarget' comes from an index signature, so it must be accessed with ['canClickTarget'].[0m [1m[35m[plugin angular-compiler][0m

    src/app/core/guided-tour/adapters/shepherd-adapter.service.ts:47:32:
[37m      47 ‚îÇ         canClickTarget: options.[32mcanClickTarget[37m ?? true,
         ‚ïµ                                 [32m~~~~~~~~~~~~~~[0m


[31m‚úò [41;31m[[41;97mERROR[41;31m][0m [1mTS2698: Spread types may only be created from object types.[0m [1m[35m[plugin angular-compiler][0m

    src/app/core/guided-tour/adapters/shepherd-adapter.service.ts:53:8:
[37m      53 ‚îÇ         [32m...options.stepOptions[37m,
         ‚ïµ         [32m~~~~~~~~~~~~~~~~~~~~~~[0m


[31m‚úò [41;31m[[41;97mERROR[41;31m][0m [1mTS4111: Property 'stepOptions' comes from an index signature, so it must be accessed with ['stepOptions'].[0m [1m[35m[plugin angular-compiler][0m

    src/app/core/guided-tour/adapters/shepherd-adapter.service.ts:53:19:
[37m      53 ‚îÇ         ...options.[32mstepOptions[37m,
         ‚ïµ                    [32m~~~~~~~~~~~[0m


[31m‚úò [41;31m[[41;97mERROR[41;31m][0m [1mTS2345: Argument of type '{ useModalOverlay: {}; defaultStepOptions: any; }' is not assignable to parameter of type 'TourOptions'.
  Types of property 'useModalOverlay' are incompatible.
    Type '{}' is not assignable to type 'boolean | undefined'.[0m [1m[35m[plugin angular-compiler][0m

    src/app/core/guided-tour/adapters/shepherd-adapter.service.ts:57:34:
[37m      57 ‚îÇ     this.tour = new Shepherd.Tour([32mdefaultOptions[37m);
         ‚ïµ                                   [32m~~~~~~~~~~~~~~[0m


[31m‚úò [41;31m[[41;97mERROR[41;31m][0m [1mTS2304: Cannot find name 'jasmine'.[0m [1m[35m[plugin angular-compiler][0m

    src/testing/helpers/responsive-test-helpers.ts:17:17:
[37m      17 ‚îÇ     addListener: [32mjasmine[37m.createSpy('addListener'),
         ‚ïµ                  [32m~~~~~~~[0m


[31m‚úò [41;31m[[41;97mERROR[41;31m][0m [1mTS2304: Cannot find name 'jasmine'.[0m [1m[35m[plugin angular-compiler][0m

    src/testing/helpers/responsive-test-helpers.ts:18:20:
[37m      18 ‚îÇ     removeListener: [32mjasmine[37m.createSpy('removeListener'),
         ‚ïµ                     [32m~~~~~~~[0m


[31m‚úò [41;31m[[41;97mERROR[41;31m][0m [1mTS2304: Cannot find name 'jasmine'.[0m [1m[35m[plugin angular-compiler][0m

    src/testing/helpers/responsive-test-helpers.ts:19:22:
[37m      19 ‚îÇ     addEventListener: [32mjasmine[37m.createSpy('addEventListener'),
         ‚ïµ                       [32m~~~~~~~[0m


[31m‚úò [41;31m[[41;97mERROR[41;31m][0m [1mTS2304: Cannot find name 'jasmine'.[0m [1m[35m[plugin angular-compiler][0m

    src/testing/helpers/responsive-test-helpers.ts:20:25:
[37m      20 ‚îÇ     removeEventListener: [32mjasmine[37m.createSpy('removeEventListener'),
         ‚ïµ                          [32m~~~~~~~[0m


[31m‚úò [41;31m[[41;97mERROR[41;31m][0m [1mTS2304: Cannot find name 'jasmine'.[0m [1m[35m[plugin angular-compiler][0m

    src/testing/helpers/responsive-test-helpers.ts:21:19:
[37m      21 ‚îÇ     dispatchEvent: [32mjasmine[37m.createSpy('dispatchEvent').and.returnVa...
         ‚ïµ                    [32m~~~~~~~[0m


[31m‚úò [41;31m[[41;97mERROR[41;31m][0m [1mTS2304: Cannot find name 'jasmine'.[0m [1m[35m[plugin angular-compiler][0m

    src/testing/helpers/responsive-test-helpers.ts:33:13:
[37m      33 ‚îÇ     observe: [32mjasmine[37m.createSpy('observe'),
         ‚ïµ              [32m~~~~~~~[0m


[31m‚úò [41;31m[[41;97mERROR[41;31m][0m [1mTS2304: Cannot find name 'jasmine'.[0m [1m[35m[plugin angular-compiler][0m

    src/testing/helpers/responsive-test-helpers.ts:34:15:
[37m      34 ‚îÇ     unobserve: [32mjasmine[37m.createSpy('unobserve'),
         ‚ïµ                [32m~~~~~~~[0m


[31m‚úò [41;31m[[41;97mERROR[41;31m][0m [1mTS2304: Cannot find name 'jasmine'.[0m [1m[35m[plugin angular-compiler][0m

    src/testing/helpers/responsive-test-helpers.ts:35:16:
[37m      35 ‚îÇ     disconnect: [32mjasmine[37m.createSpy('disconnect'),
         ‚ïµ                 [32m~~~~~~~[0m


[31m‚úò [41;31m[[41;97mERROR[41;31m][0m [1mTS2304: Cannot find name 'jasmine'.[0m [1m[35m[plugin angular-compiler][0m

    src/testing/helpers/responsive-test-helpers.ts:75:22:
[37m      75 ‚îÇ   window.matchMedia = [32mjasmine[37m.createSpy('matchMedia').and.callFake...
         ‚ïµ                       [32m~~~~~~~[0m


[31m‚úò [41;31m[[41;97mERROR[41;31m][0m [1mTS2304: Cannot find name 'jasmine'.[0m [1m[35m[plugin angular-compiler][0m

    src/testing/helpers/responsive-test-helpers.ts:131:26:
[37m      131 ‚îÇ       window.matchMedia = [32mjasmine[37m.createSpy('matchMedia').and.cal...
          ‚ïµ                           [32m~~~~~~~[0m


[31m‚úò [41;31m[[41;97mERROR[41;31m][0m [1mTS2304: Cannot find name 'jasmine'.[0m [1m[35m[plugin angular-compiler][0m

    src/testing/mocks/supabase-mock.ts:8:17:
[37m      8 ‚îÇ   const rpcSpy = [32mjasmine[37m.createSpy('rpc');
        ‚ïµ                  [32m~~~~~~~[0m


[31m‚úò [41;31m[[41;97mERROR[41;31m][0m [1mTS2304: Cannot find name 'jasmine'.[0m [1m[35m[plugin angular-compiler][0m

    src/testing/mocks/supabase-mock.ts:9:18:
[37m      9 ‚îÇ   const authSpy = [32mjasmine[37m.createSpyObj('auth', ['getUser']);
        ‚ïµ                   [32m~~~~~~~[0m


[31m‚úò [41;31m[[41;97mERROR[41;31m][0m [1mTS2304: Cannot find name 'jasmine'.[0m [1m[35m[plugin angular-compiler][0m

    src/testing/mocks/supabase-mock.ts:10:18:
[37m      10 ‚îÇ   const fromSpy = [32mjasmine[37m.createSpy('from');
         ‚ïµ                   [32m~~~~~~~[0m


[31m‚úò [41;31m[[41;97mERROR[41;31m][0m [1mTS2304: Cannot find name 'jasmine'.[0m [1m[35m[plugin angular-compiler][0m

    src/testing/mocks/supabase-mock.ts:11:21:
[37m      11 ‚îÇ   const storageSpy = [32mjasmine[37m.createSpyObj('storage', ['from']);
         ‚ïµ                      [32m~~~~~~~[0m


[31m‚úò [41;31m[[41;97mERROR[41;31m][0m [1mTS2304: Cannot find name 'jasmine'.[0m [1m[35m[plugin angular-compiler][0m

    src/testing/mocks/supabase-mock.ts:18:21:
[37m      18 ‚îÇ     builder.select = [32mjasmine[37m.createSpy('select').and.returnValue(b...
         ‚ïµ                      [32m~~~~~~~[0m


[31m‚úò [41;31m[[41;97mERROR[41;31m][0m [1mTS2304: Cannot find name 'jasmine'.[0m [1m[35m[plugin angular-compiler][0m

    src/testing/mocks/supabase-mock.ts:19:17:
[37m      19 ‚îÇ     builder.eq = [32mjasmine[37m.createSpy('eq').and.returnValue(builder);
         ‚ïµ                  [32m~~~~~~~[0m


[31m‚úò [41;31m[[41;97mERROR[41;31m][0m [1mTS2304: Cannot find name 'jasmine'.[0m [1m[35m[plugin angular-compiler][0m

    src/testing/mocks/supabase-mock.ts:20:18:
[37m      20 ‚îÇ     builder.neq = [32mjasmine[37m.createSpy('neq').and.returnValue(builder);
         ‚ïµ                   [32m~~~~~~~[0m


[31m‚úò [41;31m[[41;97mERROR[41;31m][0m [1mTS2304: Cannot find name 'jasmine'.[0m [1m[35m[plugin angular-compiler][0m

    src/testing/mocks/supabase-mock.ts:21:17:
[37m      21 ‚îÇ     builder.gt = [32mjasmine[37m.createSpy('gt').and.returnValue(builder);
         ‚ïµ                  [32m~~~~~~~[0m


[31m‚úò [41;31m[[41;97mERROR[41;31m][0m [1mTS2304: Cannot find name 'jasmine'.[0m [1m[35m[plugin angular-compiler][0m

    src/testing/mocks/supabase-mock.ts:22:18:
[37m      22 ‚îÇ     builder.gte = [32mjasmine[37m.createSpy('gte').and.returnValue(builder);
         ‚ïµ                   [32m~~~~~~~[0m


[31m‚úò [41;31m[[41;97mERROR[41;31m][0m [1mTS2304: Cannot find name 'jasmine'.[0m [1m[35m[plugin angular-compiler][0m

    src/testing/mocks/supabase-mock.ts:23:17:
[37m      23 ‚îÇ     builder.lt = [32mjasmine[37m.createSpy('lt').and.returnValue(builder);
         ‚ïµ                  [32m~~~~~~~[0m


[31m‚úò [41;31m[[41;97mERROR[41;31m][0m [1mTS2304: Cannot find name 'jasmine'.[0m [1m[35m[plugin angular-compiler][0m

    src/testing/mocks/supabase-mock.ts:24:18:
[37m      24 ‚îÇ     builder.lte = [32mjasmine[37m.createSpy('lte').and.returnValue(builder);
         ‚ïµ                   [32m~~~~~~~[0m


[31m‚úò [41;31m[[41;97mERROR[41;31m][0m [1mTS2304: Cannot find name 'jasmine'.[0m [1m[35m[plugin angular-compiler][0m

    src/testing/mocks/supabase-mock.ts:25:19:
[37m      25 ‚îÇ     builder.like = [32mjasmine[37m.createSpy('like').and.returnValue(build...
         ‚ïµ                    [32m~~~~~~~[0m


[31m‚úò [41;31m[[41;97mERROR[41;31m][0m [1mTS2304: Cannot find name 'jasmine'.[0m [1m[35m[plugin angular-compiler][0m

    src/testing/mocks/supabase-mock.ts:26:20:
[37m      26 ‚îÇ     builder.ilike = [32mjasmine[37m.createSpy('ilike').and.returnValue(bui...
         ‚ïµ                     [32m~~~~~~~[0m


[31m‚úò [41;31m[[41;97mERROR[41;31m][0m [1mTS2304: Cannot find name 'jasmine'.[0m [1m[35m[plugin angular-compiler][0m

    src/testing/mocks/supabase-mock.ts:27:17:
[37m      27 ‚îÇ     builder.in = [32mjasmine[37m.createSpy('in').and.returnValue(builder);
         ‚ïµ                  [32m~~~~~~~[0m


[31m‚úò [41;31m[[41;97mERROR[41;31m][0m [1mTS2304: Cannot find name 'jasmine'.[0m [1m[35m[plugin angular-compiler][0m

    src/testing/mocks/supabase-mock.ts:28:17:
[37m      28 ‚îÇ     builder.is = [32mjasmine[37m.createSpy('is').and.returnValue(builder);
         ‚ïµ                  [32m~~~~~~~[0m


[31m‚úò [41;31m[[41;97mERROR[41;31m][0m [1mTS2304: Cannot find name 'jasmine'.[0m [1m[35m[plugin angular-compiler][0m

    src/testing/mocks/supabase-mock.ts:29:20:
[37m      29 ‚îÇ     builder.order = [32mjasmine[37m.createSpy('order').and.returnValue(bui...
         ‚ïµ                     [32m~~~~~~~[0m


[31m‚úò [41;31m[[41;97mERROR[41;31m][0m [1mTS2304: Cannot find name 'jasmine'.[0m [1m[35m[plugin angular-compiler][0m

    src/testing/mocks/supabase-mock.ts:30:20:
[37m      30 ‚îÇ     builder.limit = [32mjasmine[37m.createSpy('limit').and.returnValue(bui...
         ‚ïµ                     [32m~~~~~~~[0m


[31m‚úò [41;31m[[41;97mERROR[41;31m][0m [1mTS2304: Cannot find name 'jasmine'.[0m [1m[35m[plugin angular-compiler][0m

    src/testing/mocks/supabase-mock.ts:31:20:
[37m      31 ‚îÇ     builder.range = [32mjasmine[37m.createSpy('range').and.returnValue(bui...
         ‚ïµ                     [32m~~~~~~~[0m


[31m‚úò [41;31m[[41;97mERROR[41;31m][0m [1mTS2304: Cannot find name 'jasmine'.[0m [1m[35m[plugin angular-compiler][0m

    src/testing/mocks/supabase-mock.ts:32:21:
[37m      32 ‚îÇ     builder.single = [32mjasmine[37m
         ‚ïµ                      [32m~~~~~~~[0m


[31m‚úò [41;31m[[41;97mERROR[41;31m][0m [1mTS2304: Cannot find name 'jasmine'.[0m [1m[35m[plugin angular-compiler][0m

    src/testing/mocks/supabase-mock.ts:35:26:
[37m      35 ‚îÇ     builder.maybeSingle = [32mjasmine[37m
         ‚ïµ                           [32m~~~~~~~[0m

[39m[22m
Watch mode enabled. Watching for file changes...
