‚ÄâWARN‚Äâ Unsupported engine: wanted: {"node":">=20.0.0 <=22.0.0"} (current: {"node":"v22.20.0","pnpm":"9.0.0"})

> autorenta-web@0.1.0 prebuild /home/edu/autorenta/apps/web
> node scripts/generate-env.js

[dotenv@17.2.3] injecting env (0) from .env.development.local -- tip: üîê encrypt with Dotenvx: https://dotenvx.com
[dotenv@17.2.3] injecting env (0) from .env -- tip: ‚úÖ audit secrets and track compliance: https://dotenvx.com/ops
‚úÖ Generated public/env.js with environment configuration
Environment variables:
  - NG_APP_SUPABASE_URL: (empty)
  - NG_APP_SUPABASE_ANON_KEY: (empty)
  - NG_APP_DEFAULT_CURRENCY: ARS
  - NG_APP_PAYMENTS_WEBHOOK_URL: (empty)
  - NG_APP_MAPBOX_ACCESS_TOKEN: (empty)
  - NG_APP_CAR_LOCATIONS_EDGE_FUNCTION: (empty)
  - NG_APP_MERCADOPAGO_PUBLIC_KEY: (empty)

> autorenta-web@0.1.0 build /home/edu/autorenta/apps/web
> node_modules/.bin/ng build

‚ùØ Building...
‚úî Building...
Application bundle generation failed. [19.467 seconds] - 2025-11-01T08:33:03.123Z

[33m‚ñ≤ [43;33m[[43;30mWARNING[43;33m][0m [1mThe glob pattern import("./**/*.entry.js*") did not match any files[0m [empty-glob]

    ../../node_modules/.pnpm/@stencil+core@4.38.0/node_modules/@stencil/core/internal/client/index.js:169:2:
[37m      169 ‚îÇ   [32m`./${bundleId}.entry.js${BUILD5.hotModuleReplacement && hmrVers[37m...
          ‚ïµ   [32m~~~~~~~~~~~~~~~~~~~~~~~~~~~~~~~~~~~~~~~~~~~~~~~~~~~~~~~~~~~~~~~[0m


[31m‚úò [41;31m[[41;97mERROR[41;31m][0m [1mTS2339: Property 'hasCompletedOnboarding' does not exist on type 'ProfileService'.[0m [1m[35m[plugin angular-compiler][0m

    src/app/core/guards/onboarding.guard.ts:22:46:
[37m      22 ‚îÇ ...onst hasCompleted = await profileService.[32mhasCompletedOnboarding[37m();
         ‚ïµ                                             [32m~~~~~~~~~~~~~~~~~~~~~~[0m


[31m‚úò [41;31m[[41;97mERROR[41;31m][0m [1mTS2339: Property 'hasAcceptedTOS' does not exist on type 'ProfileService'.[0m [1m[35m[plugin angular-compiler][0m

    src/app/core/guards/onboarding.guard.ts:55:45:
[37m      55 ‚îÇ     const hasAccepted = await profileService.[32mhasAcceptedTOS[37m();
         ‚ïµ                                              [32m~~~~~~~~~~~~~~[0m


[31m‚úò [41;31m[[41;97mERROR[41;31m][0m [1mTS2339: Property 'getMe' does not exist on type 'ProfileService'.[0m [1m[35m[plugin angular-compiler][0m

    src/app/core/guards/onboarding.guard.ts:89:41:
[37m      89 ‚îÇ     const profile = await profileService.[32mgetMe[37m();
         ‚ïµ                                          [32m~~~~~[0m


[31m‚úò [41;31m[[41;97mERROR[41;31m][0m [1mTS2339: Property 'getMe' does not exist on type 'ProfileService'.[0m [1m[35m[plugin angular-compiler][0m

    src/app/core/guards/onboarding.guard.ts:125:41:
[37m      125 ‚îÇ     const profile = await profileService.[32mgetMe[37m();
          ‚ïµ                                          [32m~~~~~[0m


[31m‚úò [41;31m[[41;97mERROR[41;31m][0m [1mTS2339: Property 'getMe' does not exist on type 'ProfileService'.[0m [1m[35m[plugin angular-compiler][0m

    src/app/core/guards/onboarding.guard.ts:161:41:
[37m      161 ‚îÇ     const profile = await profileService.[32mgetMe[37m();
          ‚ïµ                                          [32m~~~~~[0m


[31m‚úò [41;31m[[41;97mERROR[41;31m][0m [1mTS1128: Declaration or statement expected.[0m [1m[35m[plugin angular-compiler][0m

    src/app/core/services/encryption.service.ts:32:6:
[37m      32 ‚îÇ       [32m)[37m;
         ‚ïµ       [32m^[0m


[31m‚úò [41;31m[[41;97mERROR[41;31m][0m [1mTS2769: No overload matches this call.
  Overload 1 of 2, '(algorithm: AlgorithmIdentifier | EcdhKeyDeriveParams | HkdfParams | Pbkdf2Params, baseKey: CryptoKey, derivedKeyType: AlgorithmIdentifier | ... 3 more ... | AesDerivedKeyParams, extractable: boolean, keyUsages: Iterable<...>): Promise<...>', gave the following error.
    Type 'Uint8Array<ArrayBufferLike>' is not assignable to type 'BufferSource'.
      Type 'Uint8Array<ArrayBufferLike>' is not assignable to type 'ArrayBufferView<ArrayBuffer>'.
        Types of property 'buffer' are incompatible.
          Type 'ArrayBufferLike' is not assignable to type 'ArrayBuffer'.
            Type 'SharedArrayBuffer' is not assignable to type 'ArrayBuffer'.
              Types of property '[Symbol.toStringTag]' are incompatible.
                Type '"SharedArrayBuffer"' is not assignable to type '"ArrayBuffer"'.
  Overload 2 of 2, '(algorithm: AlgorithmIdentifier | EcdhKeyDeriveParams | HkdfParams | Pbkdf2Params, baseKey: CryptoKey, derivedKeyType: AlgorithmIdentifier | ... 3 more ... | AesDerivedKeyParams, extractable: boolean, keyUsages: KeyUsage[]): Promise<...>', gave the following error.
    Type 'Uint8Array<ArrayBufferLike>' is not assignable to type 'BufferSource'.
      Type 'Uint8Array<ArrayBufferLike>' is not assignable to type 'ArrayBufferView<ArrayBuffer>'.
        Types of property 'buffer' are incompatible.
          Type 'ArrayBufferLike' is not assignable to type 'ArrayBuffer'.
            Type 'SharedArrayBuffer' is not assignable to type 'ArrayBuffer'.
              Types of property '[Symbol.toStringTag]' are incompatible.
                Type '"SharedArrayBuffer"' is not assignable to type '"ArrayBuffer"'.[0m [1m[35m[plugin angular-compiler][0m

    src/app/core/services/encryption.service.ts:146:8:
[37m      146 ‚îÇ         [32msalt[37m: salt,
          ‚ïµ         [32m~~~~[0m


[31m‚úò [41;31m[[41;97mERROR[41;31m][0m [1mUnexpected ";"[0m

    src/app/core/services/exchange-rate.service.ts:55:12:
[37m      55 ‚îÇ             [32m;[37m
         ‚ïµ             [32m^[0m


[31m‚úò [41;31m[[41;97mERROR[41;31m][0m [1mTS2695: Left side of comma operator is unused and has no side effects.[0m [1m[35m[plugin angular-compiler][0m

    src/app/core/services/exchange-rate.service.ts:61:8:
[37m      61 ‚îÇ         [32m`üí± Usando cotizaci√≥n cacheada: 1 USD = ${this.lastRate[37m...
         ‚ïµ         [32m~~~~~~~~~~~~~~~~~~~~~~~~~~~~~~~~~~~~~~~~~~~~~~~~~~~~~~[0m


[31m‚úò [41;31m[[41;97mERROR[41;31m][0m [1mTS1109: Expression expected.[0m [1m[35m[plugin angular-compiler][0m

    src/app/core/services/exchange-rate.service.ts:62:6:
[37m      62 ‚îÇ       [32m)[37m;
         ‚ïµ       [32m^[0m


[31m‚úò [41;31m[[41;97mERROR[41;31m][0m [1mTS2695: Left side of comma operator is unused and has no side effects.[0m [1m[35m[plugin angular-compiler][0m

    src/app/core/services/exchange-rate.service.ts:89:8:
[37m      89 ‚îÇ         [32m`‚úÖ Cotizaci√≥n de plataforma (con margen ${data.margin_p[37m...
         ‚ïµ         [32m~~~~~~~~~~~~~~~~~~~~~~~~~~~~~~~~~~~~~~~~~~~~~~~~~~~~~~~[0m


[31m‚úò [41;31m[[41;97mERROR[41;31m][0m [1mTS1109: Expression expected.[0m [1m[35m[plugin angular-compiler][0m

    src/app/core/services/exchange-rate.service.ts:90:6:
[37m      90 ‚îÇ       [32m)[37m;
         ‚ïµ       [32m^[0m


[31m‚úò [41;31m[[41;97mERROR[41;31m][0m [1mTS2322: Type 'Observable<null | undefined>' is not assignable to type 'Observable<FxSnapshot | null>'.
  Type 'null | undefined' is not assignable to type 'FxSnapshot | null'.
    Type 'undefined' is not assignable to type 'FxSnapshot | null'.[0m [1m[35m[plugin angular-compiler][0m

    src/app/core/services/fx.service.ts:35:4:
[37m      35 ‚îÇ     [32mreturn[37m from(
         ‚ïµ     [32m~~~~~~[0m


[31m‚úò [41;31m[[41;97mERROR[41;31m][0m [1mTS7030: Not all code paths return a value.[0m [1m[35m[plugin angular-compiler][0m

    src/app/core/services/fx.service.ts:45:10:
[37m      45 ‚îÇ       map([32m(response) => {[37m
         ‚ïµ           [32m~~~~~~~~~~~~~~~[0m


[31m‚úò [41;31m[[41;97mERROR[41;31m][0m [1mUnexpected ";"[0m

    src/app/core/services/fx.service.ts:47:12:
[37m      47 ‚îÇ             [32m;[37m
         ‚ïµ             [32m^[0m


[31m‚úò [41;31m[[41;97mERROR[41;31m][0m [1mTS2695: Left side of comma operator is unused and has no side effects.[0m [1m[35m[plugin angular-compiler][0m

    src/app/core/services/fx.service.ts:65:10:
[37m      65 ‚îÇ           [32m`üí± FX Snapshot (Binance): 1 USD = ${snapshot.rate} AR[37m...
         ‚ïµ           [32m~~~~~~~~~~~~~~~~~~~~~~~~~~~~~~~~~~~~~~~~~~~~~~~~~~~~~[0m


[31m‚úò [41;31m[[41;97mERROR[41;31m][0m [1mTS1109: Expression expected.[0m [1m[35m[plugin angular-compiler][0m

    src/app/core/services/fx.service.ts:66:8:
[37m      66 ‚îÇ         [32m)[37m;
         ‚ïµ         [32m^[0m


[31m‚úò [41;31m[[41;97mERROR[41;31m][0m [1mTS1005: ')' expected.[0m [1m[35m[plugin angular-compiler][0m

    src/app/core/services/fx.service.ts:66:9:
[37m      66 ‚îÇ         )[32m;[37m
         ‚ïµ          [32m^[0m


[31m‚úò [41;31m[[41;97mERROR[41;31m][0m [1mTS2304: Cannot find name 'snapshot'.[0m [1m[35m[plugin angular-compiler][0m

    src/app/core/services/fx.service.ts:68:15:
[37m      68 ‚îÇ         return [32msnapshot[37m;
         ‚ïµ                [32m~~~~~~~~[0m


[31m‚úò [41;31m[[41;97mERROR[41;31m][0m [1mTS1068: Unexpected token. A constructor, method, accessor, or property was expected.[0m [1m[35m[plugin angular-compiler][0m

    src/app/core/services/fx.service.ts:69:7:
[37m      69 ‚îÇ       }[32m)[37m,
         ‚ïµ        [32m^[0m


[31m‚úò [41;31m[[41;97mERROR[41;31m][0m [1mTS1068: Unexpected token. A constructor, method, accessor, or property was expected.[0m [1m[35m[plugin angular-compiler][0m

    src/app/core/services/fx.service.ts:69:8:
[37m      69 ‚îÇ       })[32m,[37m
         ‚ïµ         [32m^[0m


[31m‚úò [41;31m[[41;97mERROR[41;31m][0m [1mTS7010: 'catchError', which lacks return-type annotation, implicitly has an 'any' return type.[0m [1m[35m[plugin angular-compiler][0m

    src/app/core/services/fx.service.ts:70:6:
[37m      70 ‚îÇ       [32mcatchError[37m((error) => {
         ‚ïµ       [32m~~~~~~~~~~[0m


[31m‚úò [41;31m[[41;97mERROR[41;31m][0m [1mTS1138: Parameter declaration expected.[0m [1m[35m[plugin angular-compiler][0m

    src/app/core/services/fx.service.ts:70:17:
[37m      70 ‚îÇ       catchError([32m([37merror) => {
         ‚ïµ                  [32m^[0m


[31m‚úò [41;31m[[41;97mERROR[41;31m][0m [1mTS7006: Parameter 'error' implicitly has an 'any' type.[0m [1m[35m[plugin angular-compiler][0m

    src/app/core/services/fx.service.ts:70:18:
[37m      70 ‚îÇ       catchError(([32merror[37m) => {
         ‚ïµ                   [32m~~~~~[0m


[31m‚úò [41;31m[[41;97mERROR[41;31m][0m [1mTS1005: ';' expected.[0m [1m[35m[plugin angular-compiler][0m

    src/app/core/services/fx.service.ts:72:7:
[37m      72 ‚îÇ       }[32m)[37m,
         ‚ïµ        [32m^[0m


[31m‚úò [41;31m[[41;97mERROR[41;31m][0m [1mTS1128: Declaration or statement expected.[0m [1m[35m[plugin angular-compiler][0m

    src/app/core/services/fx.service.ts:72:8:
[37m      72 ‚îÇ       })[32m,[37m
         ‚ïµ         [32m^[0m


[31m‚úò [41;31m[[41;97mERROR[41;31m][0m [1mTS1128: Declaration or statement expected.[0m [1m[35m[plugin angular-compiler][0m

    src/app/core/services/fx.service.ts:73:4:
[37m      73 ‚îÇ     [32m)[37m;
         ‚ïµ     [32m^[0m


[31m‚úò [41;31m[[41;97mERROR[41;31m][0m [1mTS1128: Declaration or statement expected.[0m [1m[35m[plugin angular-compiler][0m

    src/app/core/services/fx.service.ts:74:2:
[37m      74 ‚îÇ   [32m}[37m
         ‚ïµ   [32m^[0m


[31m‚úò [41;31m[[41;97mERROR[41;31m][0m [1mTS2304: Cannot find name 'needsRevalidation'.[0m [1m[35m[plugin angular-compiler][0m

    src/app/core/services/fx.service.ts:79:2:
[37m      79 ‚îÇ   [32mneedsRevalidation[37m(fxSnapshot: FxSnapshot): { needs: boolean; rea...
         ‚ïµ   [32m~~~~~~~~~~~~~~~~~[0m


[31m‚úò [41;31m[[41;97mERROR[41;31m][0m [1mTS2304: Cannot find name 'fxSnapshot'.[0m [1m[35m[plugin angular-compiler][0m

    src/app/core/services/fx.service.ts:79:20:
[37m      79 ‚îÇ   needsRevalidation([32mfxSnapshot[37m: FxSnapshot): { needs: boolean; rea...
         ‚ïµ                     [32m~~~~~~~~~~[0m


[31m‚úò [41;31m[[41;97mERROR[41;31m][0m [1mTS1005: ',' expected.[0m [1m[35m[plugin angular-compiler][0m

    src/app/core/services/fx.service.ts:79:30:
[37m      79 ‚îÇ   needsRevalidation(fxSnapshot[32m:[37m FxSnapshot): { needs: boolean; rea...
         ‚ïµ                               [32m^[0m


[31m‚úò [41;31m[[41;97mERROR[41;31m][0m [1mTS2693: 'FxSnapshot' only refers to a type, but is being used as a value here.[0m [1m[35m[plugin angular-compiler][0m

    src/app/core/services/fx.service.ts:79:32:
[37m      79 ‚îÇ ...dsRevalidation(fxSnapshot: [32mFxSnapshot[37m): { needs: boolean; reaso...
         ‚ïµ                               [32m~~~~~~~~~~[0m


[31m‚úò [41;31m[[41;97mERROR[41;31m][0m [1mTS1005: ';' expected.[0m [1m[35m[plugin angular-compiler][0m

    src/app/core/services/fx.service.ts:79:43:
[37m      79 ‚îÇ ...idation(fxSnapshot: FxSnapshot)[32m:[37m { needs: boolean; reason?: str...
         ‚ïµ                                   [32m^[0m


[31m‚úò [41;31m[[41;97mERROR[41;31m][0m [1mTS2693: 'boolean' only refers to a type, but is being used as a value here.[0m [1m[35m[plugin angular-compiler][0m

    src/app/core/services/fx.service.ts:79:54:
[37m      79 ‚îÇ ...ion(fxSnapshot: FxSnapshot): { needs: [32mboolean[37m; reason?: string } {
         ‚ïµ                                          [32m~~~~~~~[0m


[31m‚úò [41;31m[[41;97mERROR[41;31m][0m [1mTS2304: Cannot find name 'reason'.[0m [1m[35m[plugin angular-compiler][0m

    src/app/core/services/fx.service.ts:79:63:
[37m      79 ‚îÇ ...ion(fxSnapshot: FxSnapshot): { needs: boolean; [32mreason[37m?: string } {
         ‚ïµ                                                   [32m~~~~~~[0m


[31m‚úò [41;31m[[41;97mERROR[41;31m][0m [1mTS1109: Expression expected.[0m [1m[35m[plugin angular-compiler][0m

    src/app/core/services/fx.service.ts:79:70:
[37m      79 ‚îÇ ...ion(fxSnapshot: FxSnapshot): { needs: boolean; reason?[32m:[37m string } {
         ‚ïµ                                                          [32m^[0m


[31m‚úò [41;31m[[41;97mERROR[41;31m][0m [1mTS2693: 'string' only refers to a type, but is being used as a value here.[0m [1m[35m[plugin angular-compiler][0m

    src/app/core/services/fx.service.ts:79:72:
[37m      79 ‚îÇ ...ion(fxSnapshot: FxSnapshot): { needs: boolean; reason?: [32mstring[37m } {
         ‚ïµ                                                            [32m~~~~~~[0m


[31m‚úò [41;31m[[41;97mERROR[41;31m][0m [1mTS2304: Cannot find name 'fxSnapshot'.[0m [1m[35m[plugin angular-compiler][0m

    src/app/core/services/fx.service.ts:81:20:
[37m      81 ‚îÇ     if (isFxExpired([32mfxSnapshot[37m)) {
         ‚ïµ                     [32m~~~~~~~~~~[0m


[31m‚úò [41;31m[[41;97mERROR[41;31m][0m [1mTS2304: Cannot find name 'revalidateFxSnapshot'.[0m [1m[35m[plugin angular-compiler][0m

    src/app/core/services/fx.service.ts:98:2:
[37m      98 ‚îÇ   [32mrevalidateFxSnapshot[37m(oldSnapshot: FxSnapshot): Observable<{
         ‚ïµ   [32m~~~~~~~~~~~~~~~~~~~~[0m


[31m‚úò [41;31m[[41;97mERROR[41;31m][0m [1mTS2304: Cannot find name 'oldSnapshot'.[0m [1m[35m[plugin angular-compiler][0m

    src/app/core/services/fx.service.ts:98:23:
[37m      98 ‚îÇ   revalidateFxSnapshot([32moldSnapshot[37m: FxSnapshot): Observable<{
         ‚ïµ                        [32m~~~~~~~~~~~[0m


[31m‚úò [41;31m[[41;97mERROR[41;31m][0m [1mTS1005: ',' expected.[0m [1m[35m[plugin angular-compiler][0m

    src/app/core/services/fx.service.ts:98:34:
[37m      98 ‚îÇ   revalidateFxSnapshot(oldSnapshot[32m:[37m FxSnapshot): Observable<{
         ‚ïµ                                   [32m^[0m


[31m‚úò [41;31m[[41;97mERROR[41;31m][0m [1mTS2693: 'FxSnapshot' only refers to a type, but is being used as a value here.[0m [1m[35m[plugin angular-compiler][0m

    src/app/core/services/fx.service.ts:98:36:
[37m      98 ‚îÇ   revalidateFxSnapshot(oldSnapshot: [32mFxSnapshot[37m): Observable<{
         ‚ïµ                                     [32m~~~~~~~~~~[0m


[31m‚úò [41;31m[[41;97mERROR[41;31m][0m [1mTS1005: ';' expected.[0m [1m[35m[plugin angular-compiler][0m

    src/app/core/services/fx.service.ts:98:47:
[37m      98 ‚îÇ   revalidateFxSnapshot(oldSnapshot: FxSnapshot)[32m:[37m Observable<{
         ‚ïµ                                                [32m^[0m


[31m‚úò [41;31m[[41;97mERROR[41;31m][0m [1mTS2365: Operator '<' cannot be applied to types 'typeof Observable' and '{ needsUpdate: any; newSnapshot: any; reason: any; }'.[0m [1m[35m[plugin angular-compiler][0m

    src/app/core/services/fx.service.ts:98:49:
[37m      98 ‚îÇ   revalidateFxSnapshot(oldSnapshot: FxSnapshot): [32mObservable<{[37m
         ‚ïµ                                                  [32m~~~~~~~~~~~~[0m


[31m‚úò [41;31m[[41;97mERROR[41;31m][0m [1mTS2365: Operator '>' cannot be applied to types 'boolean' and '{ return: any; }'.[0m [1m[35m[plugin angular-compiler][0m

    src/app/core/services/fx.service.ts:98:49:
[37m      98 ‚îÇ   revalidateFxSnapshot(oldSnapshot: FxSnapshot): [32mObservable<{[37m
         ‚ïµ                                                  [32m~~~~~~~~~~~~[0m


[31m‚úò [41;31m[[41;97mERROR[41;31m][0m [1mTS2693: 'boolean' only refers to a type, but is being used as a value here.[0m [1m[35m[plugin angular-compiler][0m

    src/app/core/services/fx.service.ts:99:17:
[37m      99 ‚îÇ     needsUpdate: [32mboolean[37m;
         ‚ïµ                  [32m~~~~~~~[0m


[31m‚úò [41;31m[[41;97mERROR[41;31m][0m [1mTS1005: ',' expected.[0m [1m[35m[plugin angular-compiler][0m

    src/app/core/services/fx.service.ts:99:24:
[37m      99 ‚îÇ     needsUpdate: boolean[32m;[37m
         ‚ïµ                         [32m^[0m


[31m‚úò [41;31m[[41;97mERROR[41;31m][0m [1mTS2693: 'FxSnapshot' only refers to a type, but is being used as a value here.[0m [1m[35m[plugin angular-compiler][0m

    src/app/core/services/fx.service.ts:100:18:
[37m      100 ‚îÇ     newSnapshot?: [32mFxSnapshot[37m;
          ‚ïµ                   [32m~~~~~~~~~~[0m


[31m‚úò [41;31m[[41;97mERROR[41;31m][0m [1mTS1005: ',' expected.[0m [1m[35m[plugin angular-compiler][0m

    src/app/core/services/fx.service.ts:100:28:
[37m      100 ‚îÇ     newSnapshot?: FxSnapshot[32m;[37m
          ‚ïµ                             [32m^[0m


[31m‚úò [41;31m[[41;97mERROR[41;31m][0m [1mTS2693: 'string' only refers to a type, but is being used as a value here.[0m [1m[35m[plugin angular-compiler][0m

    src/app/core/services/fx.service.ts:101:13:
[37m      101 ‚îÇ     reason?: [32mstring[37m;
          ‚ïµ              [32m~~~~~~[0m


[31m‚úò [41;31m[[41;97mERROR[41;31m][0m [1mTS1005: ',' expected.[0m [1m[35m[plugin angular-compiler][0m

    src/app/core/services/fx.service.ts:101:19:
[37m      101 ‚îÇ     reason?: string[32m;[37m
          ‚ïµ                    [32m^[0m


[31m‚úò [41;31m[[41;97mERROR[41;31m][0m [1mTS1005: ':' expected.[0m [1m[35m[plugin angular-compiler][0m

    src/app/core/services/fx.service.ts:103:11:
[37m      103 ‚îÇ     return [32mthis[37m.getFxSnapshot(oldSnapshot.fromCurrency, oldSnapsh...
          ‚ïµ            [32m~~~~[0m


[31m‚úò [41;31m[[41;97mERROR[41;31m][0m [1mTS2532: Object is possibly 'undefined'.[0m [1m[35m[plugin angular-compiler][0m

    src/app/core/services/fx.service.ts:103:11:
[37m      103 ‚îÇ     return [32mthis[37m.getFxSnapshot(oldSnapshot.fromCurrency, oldSnapsh...
          ‚ïµ            [32m~~~~[0m


[31m‚úò [41;31m[[41;97mERROR[41;31m][0m [1mTS2304: Cannot find name 'oldSnapshot'.[0m [1m[35m[plugin angular-compiler][0m

    src/app/core/services/fx.service.ts:103:30:
[37m      103 ‚îÇ ...return this.getFxSnapshot([32moldSnapshot[37m.fromCurrency, oldSnapsho...
          ‚ïµ                              [32m~~~~~~~~~~~[0m


[31m‚úò [41;31m[[41;97mERROR[41;31m][0m [1mTS2304: Cannot find name 'oldSnapshot'.[0m [1m[35m[plugin angular-compiler][0m

    src/app/core/services/fx.service.ts:103:56:
[37m      103 ‚îÇ ...xSnapshot(oldSnapshot.fromCurrency, [32moldSnapshot[37m.toCurrency).pipe(
          ‚ïµ                                        [32m~~~~~~~~~~~[0m


[31m‚úò [41;31m[[41;97mERROR[41;31m][0m [1mTS2304: Cannot find name 'oldSnapshot'.[0m [1m[35m[plugin angular-compiler][0m

    src/app/core/services/fx.service.ts:114:10:
[37m      114 ‚îÇ           [32moldSnapshot[37m.rate,
          ‚ïµ           [32m~~~~~~~~~~~[0m


[31m‚úò [41;31m[[41;97mERROR[41;31m][0m [1mTS2339: Property 'rate' does not exist on type '{}'.[0m [1m[35m[plugin angular-compiler][0m

    src/app/core/services/fx.service.ts:115:22:
[37m      115 ‚îÇ           newSnapshot.[32mrate[37m,
          ‚ïµ                       [32m~~~~[0m


[31m‚úò [41;31m[[41;97mERROR[41;31m][0m [1mTS2304: Cannot find name 'oldSnapshot'.[0m [1m[35m[plugin angular-compiler][0m

    src/app/core/services/fx.service.ts:116:10:
[37m      116 ‚îÇ           [32moldSnapshot[37m.variationThreshold,
          ‚ïµ           [32m~~~~~~~~~~~[0m


[31m‚úò [41;31m[[41;97mERROR[41;31m][0m [1mTS2304: Cannot find name 'oldSnapshot'.[0m [1m[35m[plugin angular-compiler][0m

    src/app/core/services/fx.service.ts:123:50:
[37m      123 ‚îÇ ...tasa ha variado m√°s del $[32m{oldSnapsho[37mt.variationThreshold * 10...
          ‚ïµ                             [32m~~~~~~~~~~~[0m


[31m‚úò [41;31m[[41;97mERROR[41;31m][0m [1mTS2304: Cannot find name 'oldSnapshot'.[0m [1m[35m[plugin angular-compiler][0m

    src/app/core/services/fx.service.ts:128:24:
[37m      128 ‚îÇ         if (isFxExpired([32moldSnapshot[37m)) {
          ‚ïµ                         [32m~~~~~~~~~~~[0m


[31m‚úò [41;31m[[41;97mERROR[41;31m][0m [1mTS1005: ',' expected.[0m [1m[35m[plugin angular-compiler][0m

    src/app/core/services/fx.service.ts:141:5:
[37m      141 ‚îÇ     )[32m;[37m
          ‚ïµ      [32m^[0m


[31m‚úò [41;31m[[41;97mERROR[41;31m][0m [1mTS2304: Cannot find name 'convert'.[0m [1m[35m[plugin angular-compiler][0m

    src/app/core/services/fx.service.ts:147:2:
[37m      147 ‚îÇ   [32mconvert[37m(amount: number, fxSnapshot: FxSnapshot): number {
          ‚ïµ   [32m~~~~~~~[0m


[31m‚úò [41;31m[[41;97mERROR[41;31m][0m [1mTS2304: Cannot find name 'amount'.[0m [1m[35m[plugin angular-compiler][0m

    src/app/core/services/fx.service.ts:147:10:
[37m      147 ‚îÇ   convert([32mamount[37m: number, fxSnapshot: FxSnapshot): number {
          ‚ïµ           [32m~~~~~~[0m


[31m‚úò [41;31m[[41;97mERROR[41;31m][0m [1mTS1005: ',' expected.[0m [1m[35m[plugin angular-compiler][0m

    src/app/core/services/fx.service.ts:147:16:
[37m      147 ‚îÇ   convert(amount[32m:[37m number, fxSnapshot: FxSnapshot): number {
          ‚ïµ                 [32m^[0m


[31m‚úò [41;31m[[41;97mERROR[41;31m][0m [1mTS2693: 'number' only refers to a type, but is being used as a value here.[0m [1m[35m[plugin angular-compiler][0m

    src/app/core/services/fx.service.ts:147:18:
[37m      147 ‚îÇ   convert(amount: [32mnumber[37m, fxSnapshot: FxSnapshot): number {
          ‚ïµ                   [32m~~~~~~[0m


[31m‚úò [41;31m[[41;97mERROR[41;31m][0m [1mTS2304: Cannot find name 'fxSnapshot'.[0m [1m[35m[plugin angular-compiler][0m

    src/app/core/services/fx.service.ts:147:26:
[37m      147 ‚îÇ   convert(amount: number, [32mfxSnapshot[37m: FxSnapshot): number {
          ‚ïµ                           [32m~~~~~~~~~~[0m


[31m‚úò [41;31m[[41;97mERROR[41;31m][0m [1mTS1005: ',' expected.[0m [1m[35m[plugin angular-compiler][0m

    src/app/core/services/fx.service.ts:147:36:
[37m      147 ‚îÇ   convert(amount: number, fxSnapshot[32m:[37m FxSnapshot): number {
          ‚ïµ                                     [32m^[0m


[31m‚úò [41;31m[[41;97mERROR[41;31m][0m [1mTS2693: 'FxSnapshot' only refers to a type, but is being used as a value here.[0m [1m[35m[plugin angular-compiler][0m

    src/app/core/services/fx.service.ts:147:38:
[37m      147 ‚îÇ   convert(amount: number, fxSnapshot: [32mFxSnapshot[37m): number {
          ‚ïµ                                       [32m~~~~~~~~~~[0m


[31m‚úò [41;31m[[41;97mERROR[41;31m][0m [1mTS1005: ';' expected.[0m [1m[35m[plugin angular-compiler][0m

    src/app/core/services/fx.service.ts:147:49:
[37m      147 ‚îÇ   convert(amount: number, fxSnapshot: FxSnapshot)[32m:[37m number {
          ‚ïµ                                                  [32m^[0m


[31m‚úò [41;31m[[41;97mERROR[41;31m][0m [1mTS1434: Unexpected keyword or identifier.[0m [1m[35m[plugin angular-compiler][0m

    src/app/core/services/fx.service.ts:147:51:
[37m      147 ‚îÇ   convert(amount: number, fxSnapshot: FxSnapshot): [32mnumber[37m {
          ‚ïµ                                                    [32m~~~~~~[0m


[31m‚úò [41;31m[[41;97mERROR[41;31m][0m [1mTS2693: 'number' only refers to a type, but is being used as a value here.[0m [1m[35m[plugin angular-compiler][0m

    src/app/core/services/fx.service.ts:147:51:
[37m      147 ‚îÇ   convert(amount: number, fxSnapshot: FxSnapshot): [32mnumber[37m {
          ‚ïµ                                                    [32m~~~~~~[0m


[31m‚úò [41;31m[[41;97mERROR[41;31m][0m [1mTS2304: Cannot find name 'convertReverse'.[0m [1m[35m[plugin angular-compiler][0m

    src/app/core/services/fx.service.ts:154:2:
[37m      154 ‚îÇ   [32mconvertReverse[37m(amount: number, fxSnapshot: FxSnapshot): number {
          ‚ïµ   [32m~~~~~~~~~~~~~~[0m


[31m‚úò [41;31m[[41;97mERROR[41;31m][0m [1mTS2304: Cannot find name 'amount'.[0m [1m[35m[plugin angular-compiler][0m

    src/app/core/services/fx.service.ts:154:17:
[37m      154 ‚îÇ   convertReverse([32mamount[37m: number, fxSnapshot: FxSnapshot): number {
          ‚ïµ                  [32m~~~~~~[0m


[31m‚úò [41;31m[[41;97mERROR[41;31m][0m [1mTS1005: ',' expected.[0m [1m[35m[plugin angular-compiler][0m

    src/app/core/services/fx.service.ts:154:23:
[37m      154 ‚îÇ   convertReverse(amount[32m:[37m number, fxSnapshot: FxSnapshot): number {
          ‚ïµ                        [32m^[0m


[31m‚úò [41;31m[[41;97mERROR[41;31m][0m [1mTS2693: 'number' only refers to a type, but is being used as a value here.[0m [1m[35m[plugin angular-compiler][0m

    src/app/core/services/fx.service.ts:154:25:
[37m      154 ‚îÇ   convertReverse(amount: [32mnumber[37m, fxSnapshot: FxSnapshot): number {
          ‚ïµ                          [32m~~~~~~[0m


[31m‚úò [41;31m[[41;97mERROR[41;31m][0m [1mTS2304: Cannot find name 'fxSnapshot'.[0m [1m[35m[plugin angular-compiler][0m

    src/app/core/services/fx.service.ts:154:33:
[37m      154 ‚îÇ   convertReverse(amount: number, [32mfxSnapshot[37m: FxSnapshot): number {
          ‚ïµ                                  [32m~~~~~~~~~~[0m


[31m‚úò [41;31m[[41;97mERROR[41;31m][0m [1mTS1005: ',' expected.[0m [1m[35m[plugin angular-compiler][0m

    src/app/core/services/fx.service.ts:154:43:
[37m      154 ‚îÇ   convertReverse(amount: number, fxSnapshot[32m:[37m FxSnapshot): number {
          ‚ïµ                                            [32m^[0m


[31m‚úò [41;31m[[41;97mERROR[41;31m][0m [1mTS2693: 'FxSnapshot' only refers to a type, but is being used as a value here.[0m [1m[35m[plugin angular-compiler][0m

    src/app/core/services/fx.service.ts:154:45:
[37m      154 ‚îÇ   convertReverse(amount: number, fxSnapshot: [32mFxSnapshot[37m): number {
          ‚ïµ                                              [32m~~~~~~~~~~[0m


[31m‚úò [41;31m[[41;97mERROR[41;31m][0m [1mTS1005: ';' expected.[0m [1m[35m[plugin angular-compiler][0m

    src/app/core/services/fx.service.ts:154:56:
[37m      154 ‚îÇ   convertReverse(amount: number, fxSnapshot: FxSnapshot)[32m:[37m number {
          ‚ïµ                                                         [32m^[0m


[31m‚úò [41;31m[[41;97mERROR[41;31m][0m [1mTS1434: Unexpected keyword or identifier.[0m [1m[35m[plugin angular-compiler][0m

    src/app/core/services/fx.service.ts:154:58:
[37m      154 ‚îÇ   convertReverse(amount: number, fxSnapshot: FxSnapshot): [32mnumber[37m {
          ‚ïµ                                                           [32m~~~~~~[0m


[31m‚úò [41;31m[[41;97mERROR[41;31m][0m [1mTS2693: 'number' only refers to a type, but is being used as a value here.[0m [1m[35m[plugin angular-compiler][0m

    src/app/core/services/fx.service.ts:154:58:
[37m      154 ‚îÇ   convertReverse(amount: number, fxSnapshot: FxSnapshot): [32mnumber[37m {
          ‚ïµ                                                           [32m~~~~~~[0m


[31m‚úò [41;31m[[41;97mERROR[41;31m][0m [1mTS1128: Declaration or statement expected.[0m [1m[35m[plugin angular-compiler][0m

    src/app/core/services/fx.service.ts:161:2:
[37m      161 ‚îÇ   [32mprivate[37m mapFxSnapshotFromDb(db: Record<string, unknown>): FxSna...
          ‚ïµ   [32m~~~~~~~[0m


[31m‚úò [41;31m[[41;97mERROR[41;31m][0m [1mTS2304: Cannot find name 'mapFxSnapshotFromDb'.[0m [1m[35m[plugin angular-compiler][0m

    src/app/core/services/fx.service.ts:161:10:
[37m      161 ‚îÇ   private [32mmapFxSnapshotFromDb[37m(db: Record<string, unknown>): FxSna...
          ‚ïµ           [32m~~~~~~~~~~~~~~~~~~~[0m


[31m‚úò [41;31m[[41;97mERROR[41;31m][0m [1mTS2304: Cannot find name 'db'.[0m [1m[35m[plugin angular-compiler][0m

    src/app/core/services/fx.service.ts:161:30:
[37m      161 ‚îÇ   private mapFxSnapshotFromDb([32mdb[37m: Record<string, unknown>): FxSna...
          ‚ïµ                               [32m~~[0m


[31m‚úò [41;31m[[41;97mERROR[41;31m][0m [1mTS1005: ',' expected.[0m [1m[35m[plugin angular-compiler][0m

    src/app/core/services/fx.service.ts:161:32:
[37m      161 ‚îÇ   private mapFxSnapshotFromDb(db[32m:[37m Record<string, unknown>): FxSna...
          ‚ïµ                                 [32m^[0m


[31m‚úò [41;31m[[41;97mERROR[41;31m][0m [1mTS2693: 'Record' only refers to a type, but is being used as a value here.[0m [1m[35m[plugin angular-compiler][0m

    src/app/core/services/fx.service.ts:161:34:
[37m      161 ‚îÇ ...ate mapFxSnapshotFromDb(db: [32mRecord[37m<string, unknown>): FxSnapsh...
          ‚ïµ                                [32m~~~~~~[0m


[31m‚úò [41;31m[[41;97mERROR[41;31m][0m [1mTS1005: ';' expected.[0m [1m[35m[plugin angular-compiler][0m

    src/app/core/services/fx.service.ts:161:58:
[37m      161 ‚îÇ ...te mapFxSnapshotFromDb(db: Record<string, unknown>)[32m:[37m FxSnapshot {
          ‚ïµ                                                       [32m^[0m


[31m‚úò [41;31m[[41;97mERROR[41;31m][0m [1mTS1434: Unexpected keyword or identifier.[0m [1m[35m[plugin angular-compiler][0m

    src/app/core/services/fx.service.ts:161:60:
[37m      161 ‚îÇ ...te mapFxSnapshotFromDb(db: Record<string, unknown>): [32mFxSnapshot[37m {
          ‚ïµ                                                         [32m~~~~~~~~~~[0m


[31m‚úò [41;31m[[41;97mERROR[41;31m][0m [1mTS2693: 'FxSnapshot' only refers to a type, but is being used as a value here.[0m [1m[35m[plugin angular-compiler][0m

    src/app/core/services/fx.service.ts:161:60:
[37m      161 ‚îÇ ...te mapFxSnapshotFromDb(db: Record<string, unknown>): [32mFxSnapshot[37m {
          ‚ïµ                                                         [32m~~~~~~~~~~[0m


[31m‚úò [41;31m[[41;97mERROR[41;31m][0m [1mTS2304: Cannot find name 'db'.[0m [1m[35m[plugin angular-compiler][0m

    src/app/core/services/fx.service.ts:162:38:
[37m      162 ‚îÇ ...onst timestamp = new Date(String([32mdb[37m.timestamp || db.created_at));
          ‚ïµ                                     [32m~~[0m


[31m‚úò [41;31m[[41;97mERROR[41;31m][0m [1mTS2304: Cannot find name 'db'.[0m [1m[35m[plugin angular-compiler][0m

    src/app/core/services/fx.service.ts:162:54:
[37m      162 ‚îÇ ...onst timestamp = new Date(String(db.timestamp || [32mdb[37m.created_at));
          ‚ïµ                                                     [32m~~[0m


[31m‚úò [41;31m[[41;97mERROR[41;31m][0m [1mTS1434: Unexpected keyword or identifier.[0m [1m[35m[plugin angular-compiler][0m

    src/app/core/services/fx.service.ts:182:2:
[37m      182 ‚îÇ   [32masync[37m getCurrentRateAsync(
          ‚ïµ   [32m~~~~~[0m


[31m‚úò [41;31m[[41;97mERROR[41;31m][0m [1mTS2304: Cannot find name 'async'.[0m [1m[35m[plugin angular-compiler][0m

    src/app/core/services/fx.service.ts:182:2:
[37m      182 ‚îÇ   [32masync[37m getCurrentRateAsync(
          ‚ïµ   [32m~~~~~[0m


[31m‚úò [41;31m[[41;97mERROR[41;31m][0m [1mTS2304: Cannot find name 'getCurrentRateAsync'.[0m [1m[35m[plugin angular-compiler][0m

    src/app/core/services/fx.service.ts:182:8:
[37m      182 ‚îÇ   async [32mgetCurrentRateAsync[37m(
          ‚ïµ         [32m~~~~~~~~~~~~~~~~~~~[0m


[31m‚úò [41;31m[[41;97mERROR[41;31m][0m [1mTS2304: Cannot find name '_fromCurrency'.[0m [1m[35m[plugin angular-compiler][0m

    src/app/core/services/fx.service.ts:183:4:
[37m      183 ‚îÇ     [32m_fromCurrency[37m: CurrencyCode = 'USD',
          ‚ïµ     [32m~~~~~~~~~~~~~[0m


[31m‚úò [41;31m[[41;97mERROR[41;31m][0m [1mTS1005: ',' expected.[0m [1m[35m[plugin angular-compiler][0m

    src/app/core/services/fx.service.ts:183:17:
[37m      183 ‚îÇ     _fromCurrency[32m:[37m CurrencyCode = 'USD',
          ‚ïµ                  [32m^[0m


[31m‚úò [41;31m[[41;97mERROR[41;31m][0m [1mTS2693: 'CurrencyCode' only refers to a type, but is being used as a value here.[0m [1m[35m[plugin angular-compiler][0m

    src/app/core/services/fx.service.ts:183:19:
[37m      183 ‚îÇ     _fromCurrency: [32mCurrencyCode[37m = 'USD',
          ‚ïµ                    [32m~~~~~~~~~~~~[0m


[31m‚úò [41;31m[[41;97mERROR[41;31m][0m [1mTS2304: Cannot find name '_toCurrency'.[0m [1m[35m[plugin angular-compiler][0m

    src/app/core/services/fx.service.ts:184:4:
[37m      184 ‚îÇ     [32m_toCurrency[37m: CurrencyCode = 'ARS',
          ‚ïµ     [32m~~~~~~~~~~~[0m


[31m‚úò [41;31m[[41;97mERROR[41;31m][0m [1mTS1005: ',' expected.[0m [1m[35m[plugin angular-compiler][0m

    src/app/core/services/fx.service.ts:184:15:
[37m      184 ‚îÇ     _toCurrency[32m:[37m CurrencyCode = 'ARS',
          ‚ïµ                [32m^[0m


[31m‚úò [41;31m[[41;97mERROR[41;31m][0m [1mTS2693: 'CurrencyCode' only refers to a type, but is being used as a value here.[0m [1m[35m[plugin angular-compiler][0m

    src/app/core/services/fx.service.ts:184:17:
[37m      184 ‚îÇ     _toCurrency: [32mCurrencyCode[37m = 'ARS',
          ‚ïµ                  [32m~~~~~~~~~~~~[0m


[31m‚úò [41;31m[[41;97mERROR[41;31m][0m [1mTS1005: ';' expected.[0m [1m[35m[plugin angular-compiler][0m

    src/app/core/services/fx.service.ts:185:3:
[37m      185 ‚îÇ   )[32m:[37m Promise<number> {
          ‚ïµ    [32m^[0m


[31m‚úò [41;31m[[41;97mERROR[41;31m][0m [1mTS2365: Operator '>' cannot be applied to types 'boolean' and '{ try: { const: any; return: any; }; catch(error: any): any; }'.[0m [1m[35m[plugin angular-compiler][0m

    src/app/core/services/fx.service.ts:185:5:
[37m      185 ‚îÇ   ): [32mPromise<number> {[37m
          ‚ïµ      [32m~~~~~~~~~~~~~~~~~[0m


[31m‚úò [41;31m[[41;97mERROR[41;31m][0m [1mTS2693: 'number' only refers to a type, but is being used as a value here.[0m [1m[35m[plugin angular-compiler][0m

    src/app/core/services/fx.service.ts:185:13:
[37m      185 ‚îÇ   ): Promise<[32mnumber[37m> {
          ‚ïµ              [32m~~~~~~[0m


[31m‚úò [41;31m[[41;97mERROR[41;31m][0m [1mTS1005: ':' expected.[0m [1m[35m[plugin angular-compiler][0m

    src/app/core/services/fx.service.ts:186:8:
[37m      186 ‚îÇ     try [32m{[37m
          ‚ïµ         [32m^[0m


[31m‚úò [41;31m[[41;97mERROR[41;31m][0m [1mTS1005: ':' expected.[0m [1m[35m[plugin angular-compiler][0m

    src/app/core/services/fx.service.ts:188:12:
[37m      188 ‚îÇ       const [32mrate[37m = await this.exchangeRateService.getPlatformRate...
          ‚ïµ             [32m~~~~[0m


[31m‚úò [41;31m[[41;97mERROR[41;31m][0m [1mTS2304: Cannot find name 'rate'.[0m [1m[35m[plugin angular-compiler][0m

    src/app/core/services/fx.service.ts:188:12:
[37m      188 ‚îÇ       const [32mrate[37m = await this.exchangeRateService.getPlatformRate...
          ‚ïµ             [32m~~~~[0m


[31m‚úò [41;31m[[41;97mERROR[41;31m][0m [1mTS2532: Object is possibly 'undefined'.[0m [1m[35m[plugin angular-compiler][0m

    src/app/core/services/fx.service.ts:188:25:
[37m      188 ‚îÇ       const rate = await [32mthis[37m.exchangeRateService.getPlatformRate...
          ‚ïµ                          [32m~~~~[0m


[31m‚úò [41;31m[[41;97mERROR[41;31m][0m [1mTS1005: ',' expected.[0m [1m[35m[plugin angular-compiler][0m

    src/app/core/services/fx.service.ts:188:76:
[37m      188 ‚îÇ ...rate = await this.exchangeRateService.getPlatformRate('USDTARS')[32m;[37m
          ‚ïµ                                                                    [32m^[0m


[31m‚úò [41;31m[[41;97mERROR[41;31m][0m [1mTS1005: ':' expected.[0m [1m[35m[plugin angular-compiler][0m

    src/app/core/services/fx.service.ts:189:13:
[37m      189 ‚îÇ       return [32mrate[37m;
          ‚ïµ              [32m~~~~[0m


[31m‚úò [41;31m[[41;97mERROR[41;31m][0m [1mTS2304: Cannot find name 'rate'.[0m [1m[35m[plugin angular-compiler][0m

    src/app/core/services/fx.service.ts:189:13:
[37m      189 ‚îÇ       return [32mrate[37m;
          ‚ïµ              [32m~~~~[0m


[31m‚úò [41;31m[[41;97mERROR[41;31m][0m [1mTS1005: ',' expected.[0m [1m[35m[plugin angular-compiler][0m

    src/app/core/services/fx.service.ts:189:17:
[37m      189 ‚îÇ       return rate[32m;[37m
          ‚ïµ                  [32m^[0m


[31m‚úò [41;31m[[41;97mERROR[41;31m][0m [1mTS1005: ',' expected.[0m [1m[35m[plugin angular-compiler][0m

    src/app/core/services/fx.service.ts:190:6:
[37m      190 ‚îÇ     } [32mcatch[37m (error) {
          ‚ïµ       [32m~~~~~[0m


[31m‚úò [41;31m[[41;97mERROR[41;31m][0m [1mTS7023: 'catch' implicitly has return type 'any' because it does not have a return type annotation and is referenced directly or indirectly in one of its return expressions.[0m [1m[35m[plugin angular-compiler][0m

    src/app/core/services/fx.service.ts:190:6:
[37m      190 ‚îÇ     } [32mcatch[37m (error) {
          ‚ïµ       [32m~~~~~[0m


[31m‚úò [41;31m[[41;97mERROR[41;31m][0m [1mTS7006: Parameter 'error' implicitly has an 'any' type.[0m [1m[35m[plugin angular-compiler][0m

    src/app/core/services/fx.service.ts:190:13:
[37m      190 ‚îÇ     } catch ([32merror[37m) {
          ‚ïµ              [32m~~~~~[0m


[31m‚úò [41;31m[[41;97mERROR[41;31m][0m [1mTS7022: 'binanceRate' implicitly has type 'any' because it does not have a type annotation and is referenced directly or indirectly in its own initializer.[0m [1m[35m[plugin angular-compiler][0m

    src/app/core/services/fx.service.ts:193:14:
[37m      193 ‚îÇ         const [32mbinanceRate[37m = await this.exchangeRateService.getBin...
          ‚ïµ               [32m~~~~~~~~~~~[0m


[31m‚úò [41;31m[[41;97mERROR[41;31m][0m [1mTS2339: Property 'exchangeRateService' does not exist on type '{ try: { const: any; return: any; }; catch(error: any): any; }'.[0m [1m[35m[plugin angular-compiler][0m

    src/app/core/services/fx.service.ts:193:39:
[37m      193 ‚îÇ ...st binanceRate = await this.[32mexchangeRateService[37m.getBinanceRate();
          ‚ïµ                                [32m~~~~~~~~~~~~~~~~~~~[0m


[31m‚úò [41;31m[[41;97mERROR[41;31m][0m [1mTS1128: Declaration or statement expected.[0m [1m[35m[plugin angular-compiler][0m

    src/app/core/services/fx.service.ts:200:0:
[37m      200 ‚îÇ [32m}[37m
          ‚ïµ [32m^[0m


[31m‚úò [41;31m[[41;97mERROR[41;31m][0m [1mTS2695: Left side of comma operator is unused and has no side effects.[0m [1m[35m[plugin angular-compiler][0m

    src/app/core/services/mercado-pago-script.service.ts:83:8:
[37m      83 ‚îÇ         [32m'Detailed error object in getMercadoPago:'[37m,
         ‚ïµ         [32m~~~~~~~~~~~~~~~~~~~~~~~~~~~~~~~~~~~~~~~~~~[0m


[31m‚úò [41;31m[[41;97mERROR[41;31m][0m [1mTS1109: Expression expected.[0m [1m[35m[plugin angular-compiler][0m

    src/app/core/services/mercado-pago-script.service.ts:85:6:
[37m      85 ‚îÇ       [32m)[37m;
         ‚ïµ       [32m^[0m


[31m‚úò [41;31m[[41;97mERROR[41;31m][0m [1mTS2695: Left side of comma operator is unused and has no side effects.[0m [1m[35m[plugin angular-compiler][0m

    src/app/core/services/mercadopago-oauth.service.ts:146:8:
[37m      146 ‚îÇ         [32m'[OAuth] Estado:'[37m,
          ‚ïµ         [32m~~~~~~~~~~~~~~~~~[0m


[31m‚úò [41;31m[[41;97mERROR[41;31m][0m [1mTS1128: Declaration or statement expected.[0m [1m[35m[plugin angular-compiler][0m

    src/app/core/services/mercadopago-oauth.service.ts:148:6:
[37m      148 ‚îÇ       [32m)[37m;
          ‚ïµ       [32m^[0m


[31m‚úò [41;31m[[41;97mERROR[41;31m][0m [1mUnexpected ";"[0m

    src/app/core/services/payment-authorization.service.ts:62:12:
[37m      62 ‚îÇ             [32m;[37m
         ‚ïµ             [32m^[0m


[31m‚úò [41;31m[[41;97mERROR[41;31m][0m [1mTS2695: Left side of comma operator is unused and has no side effects.[0m [1m[35m[plugin angular-compiler][0m

    src/app/core/services/payment-authorization.service.ts:85:8:
[37m      85 ‚îÇ         [32m`üí° [TEST MODE] Monto reducido de $${amountArs} ARS a $$[37m...
         ‚ïµ         [32m~~~~~~~~~~~~~~~~~~~~~~~~~~~~~~~~~~~~~~~~~~~~~~~~~~~~~~~[0m


[31m‚úò [41;31m[[41;97mERROR[41;31m][0m [1mTS1109: Expression expected.[0m [1m[35m[plugin angular-compiler][0m

    src/app/core/services/payment-authorization.service.ts:86:6:
[37m      86 ‚îÇ       [32m)[37m;
         ‚ïµ       [32m^[0m


[31m‚úò [41;31m[[41;97mERROR[41;31m][0m [1mTS2355: A function whose declared type is neither 'undefined', 'void', nor 'any' must return a value.[0m [1m[35m[plugin angular-compiler][0m

    src/app/core/services/payment-authorization.service.ts:105:6:
[37m      105 ‚îÇ   }): [32mObservable<AuthorizePaymentResult>[37m {
          ‚ïµ       [32m~~~~~~~~~~~~~~~~~~~~~~~~~~~~~~~~~~[0m


[31m‚úò [41;31m[[41;97mERROR[41;31m][0m [1mTS2695: Left side of comma operator is unused and has no side effects.[0m [1m[35m[plugin angular-compiler][0m

    src/app/core/services/payment-authorization.service.ts:121:17:
[37m      121 ‚îÇ       amountUsd: [32msafeAmountUsd[37m,
          ‚ïµ                  [32m~~~~~~~~~~~~~[0m


[31m‚úò [41;31m[[41;97mERROR[41;31m][0m [1mTS1005: ';' expected.[0m [1m[35m[plugin angular-compiler][0m

    src/app/core/services/payment-authorization.service.ts:122:15:
[37m      122 ‚îÇ       amountArs[32m:[37m safeAmountArs,
          ‚ïµ                [32m^[0m


[31m‚úò [41;31m[[41;97mERROR[41;31m][0m [1mTS2695: Left side of comma operator is unused and has no side effects.[0m [1m[35m[plugin angular-compiler][0m

    src/app/core/services/payment-authorization.service.ts:122:17:
[37m      122 ‚îÇ       amountArs: [32msafeAmountArs[37m,
          ‚ïµ                  [32m~~~~~~~~~~~~~[0m


[31m‚úò [41;31m[[41;97mERROR[41;31m][0m [1mTS2695: Left side of comma operator is unused and has no side effects.[0m [1m[35m[plugin angular-compiler][0m

    src/app/core/services/payment-authorization.service.ts:122:17:
[37m      122 ‚îÇ       amountArs: [32msafeAmountArs,[37m
          ‚ïµ                  [32m~~~~~~~~~~~~~~[0m


[31m‚úò [41;31m[[41;97mERROR[41;31m][0m [1mTS1109: Expression expected.[0m [1m[35m[plugin angular-compiler][0m

    src/app/core/services/payment-authorization.service.ts:124:6:
[37m      124 ‚îÇ       [32m...[37m(safeAmountArs !== amountArs && {
          ‚ïµ       [32m~~~[0m


[31m‚úò [41;31m[[41;97mERROR[41;31m][0m [1mTS2695: Left side of comma operator is unused and has no side effects.[0m [1m[35m[plugin angular-compiler][0m

    src/app/core/services/payment-authorization.service.ts:124:9:
[37m      124 ‚îÇ       ...[32m(safeAmountArs !== amountArs && {[37m
          ‚ïµ          [32m~~~~~~~~~~~~~~~~~~~~~~~~~~~~~~~~~[0m


[31m‚úò [41;31m[[41;97mERROR[41;31m][0m [1mTS1109: Expression expected.[0m [1m[35m[plugin angular-compiler][0m

    src/app/core/services/payment-authorization.service.ts:128:4:
[37m      128 ‚îÇ     [32m}[37m);
          ‚ïµ     [32m^[0m


[31m‚úò [41;31m[[41;97mERROR[41;31m][0m [1mTS1068: Unexpected token. A constructor, method, accessor, or property was expected.[0m [1m[35m[plugin angular-compiler][0m

    src/app/core/services/payment-authorization.service.ts:128:5:
[37m      128 ‚îÇ     }[32m)[37m;
          ‚ïµ      [32m^[0m


[31m‚úò [41;31m[[41;97mERROR[41;31m][0m [1mTS1068: Unexpected token. A constructor, method, accessor, or property was expected.[0m [1m[35m[plugin angular-compiler][0m

    src/app/core/services/payment-authorization.service.ts:130:4:
[37m      130 ‚îÇ     [32mreturn[37m from(
          ‚ïµ     [32m~~~~~~[0m


[31m‚úò [41;31m[[41;97mERROR[41;31m][0m [1mTS1005: ';' expected.[0m [1m[35m[plugin angular-compiler][0m

    src/app/core/services/payment-authorization.service.ts:195:25:
[37m      195 ‚îÇ             mp_payment_id[32m:[37m mpData.mp_payment_id,
          ‚ïµ                          [32m^[0m


[31m‚úò [41;31m[[41;97mERROR[41;31m][0m [1mTS1109: Expression expected.[0m [1m[35m[plugin angular-compiler][0m

    src/app/core/services/payment-authorization.service.ts:196:10:
[37m      196 ‚îÇ           [32m}[37m);
          ‚ïµ           [32m^[0m


[31m‚úò [41;31m[[41;97mERROR[41;31m][0m [1mTS1128: Declaration or statement expected.[0m [1m[35m[plugin angular-compiler][0m

    src/app/core/services/payment-authorization.service.ts:196:11:
[37m      196 ‚îÇ           }[32m)[37m;
          ‚ïµ            [32m^[0m


[31m‚úò [41;31m[[41;97mERROR[41;31m][0m [1mTS1005: ')' expected.[0m [1m[35m[plugin angular-compiler][0m

    src/app/core/services/payment-authorization.service.ts:196:12:
[37m      196 ‚îÇ           })[32m;[37m
          ‚ïµ             [32m^[0m


[31m‚úò [41;31m[[41;97mERROR[41;31m][0m [1mTS2304: Cannot find name 'errorMsg'.[0m [1m[35m[plugin angular-compiler][0m

    src/app/core/services/payment-authorization.service.ts:197:26:
[37m      197 ‚îÇ           throw new Error([32merrorMsg[37m);
          ‚ïµ                           [32m~~~~~~~~[0m


[31m‚úò [41;31m[[41;97mERROR[41;31m][0m [1mTS1128: Declaration or statement expected.[0m [1m[35m[plugin angular-compiler][0m

    src/app/core/services/payment-authorization.service.ts:198:8:
[37m      198 ‚îÇ         [32m}[37m
          ‚ïµ         [32m^[0m


[31m‚úò [41;31m[[41;97mERROR[41;31m][0m [1mTS2304: Cannot find name 'mpData'.[0m [1m[35m[plugin angular-compiler][0m

    src/app/core/services/payment-authorization.service.ts:200:13:
[37m      200 ‚îÇ         if (![32mmpData[37m.success) {
          ‚ïµ              [32m~~~~~~[0m


[31m‚úò [41;31m[[41;97mERROR[41;31m][0m [1mTS2304: Cannot find name 'mpData'.[0m [1m[35m[plugin angular-compiler][0m

    src/app/core/services/payment-authorization.service.ts:201:26:
[37m      201 ‚îÇ           throw new Error([32mmpData[37m.error || 'Authorization failed');
          ‚ïµ                           [32m~~~~~~[0m


[31m‚úò [41;31m[[41;97mERROR[41;31m][0m [1mTS2304: Cannot find name 'intentId'.[0m [1m[35m[plugin angular-compiler][0m

    src/app/core/services/payment-authorization.service.ts:207:31:
[37m      207 ‚îÇ           authorizedPaymentId: [32mintentId[37m,
          ‚ïµ                                [32m~~~~~~~~[0m


[31m‚úò [41;31m[[41;97mERROR[41;31m][0m [1mTS2304: Cannot find name 'mpData'.[0m [1m[35m[plugin angular-compiler][0m

    src/app/core/services/payment-authorization.service.ts:208:21:
[37m      208 ‚îÇ           expiresAt: [32mmpData[37m.expires_at ? new Date(mpData.expires_...
          ‚ïµ                      [32m~~~~~~[0m


[31m‚úò [41;31m[[41;97mERROR[41;31m][0m [1mTS2304: Cannot find name 'mpData'.[0m [1m[35m[plugin angular-compiler][0m

    src/app/core/services/payment-authorization.service.ts:208:50:
[37m      208 ‚îÇ ...sAt: mpData.expires_at ? new Date([32mmpData[37m.expires_at) : undefined,
          ‚ïµ                                      [32m~~~~~~[0m


[31m‚úò [41;31m[[41;97mERROR[41;31m][0m [1mTS1128: Declaration or statement expected.[0m [1m[35m[plugin angular-compiler][0m

    src/app/core/services/payment-authorization.service.ts:212:6:
[37m      212 ‚îÇ       [32m}[37m)(),
          ‚ïµ       [32m^[0m


[31m‚úò [41;31m[[41;97mERROR[41;31m][0m [1mTS1128: Declaration or statement expected.[0m [1m[35m[plugin angular-compiler][0m

    src/app/core/services/payment-authorization.service.ts:212:7:
[37m      212 ‚îÇ       }[32m)[37m(),
          ‚ïµ        [32m^[0m


[31m‚úò [41;31m[[41;97mERROR[41;31m][0m [1mTS2695: Left side of comma operator is unused and has no side effects.[0m [1m[35m[plugin angular-compiler][0m

    src/app/core/services/payment-authorization.service.ts:212:8:
[37m      212 ‚îÇ       })[32m()[37m,
          ‚ïµ         [32m~~[0m


[31m‚úò [41;31m[[41;97mERROR[41;31m][0m [1mTS1109: Expression expected.[0m [1m[35m[plugin angular-compiler][0m

    src/app/core/services/payment-authorization.service.ts:212:9:
[37m      212 ‚îÇ       })([32m)[37m,
          ‚ïµ          [32m^[0m


[31m‚úò [41;31m[[41;97mERROR[41;31m][0m [1mTS1109: Expression expected.[0m [1m[35m[plugin angular-compiler][0m

    src/app/core/services/payment-authorization.service.ts:213:4:
[37m      213 ‚îÇ     [32m)[37m.pipe(
          ‚ïµ     [32m^[0m


[31m‚úò [41;31m[[41;97mERROR[41;31m][0m [1mTS1128: Declaration or statement expected.[0m [1m[35m[plugin angular-compiler][0m

    src/app/core/services/payment-authorization.service.ts:213:5:
[37m      213 ‚îÇ     )[32m.[37mpipe(
          ‚ïµ      [32m^[0m


[31m‚úò [41;31m[[41;97mERROR[41;31m][0m [1mTS2304: Cannot find name 'pipe'.[0m [1m[35m[plugin angular-compiler][0m

    src/app/core/services/payment-authorization.service.ts:213:6:
[37m      213 ‚îÇ     ).[32mpipe[37m(
          ‚ïµ       [32m~~~~[0m


[31m‚úò [41;31m[[41;97mERROR[41;31m][0m [1mTS1128: Declaration or statement expected.[0m [1m[35m[plugin angular-compiler][0m

    src/app/core/services/payment-authorization.service.ts:221:2:
[37m      221 ‚îÇ   [32m}[37m
          ‚ïµ   [32m^[0m


[31m‚úò [41;31m[[41;97mERROR[41;31m][0m [1mTS2304: Cannot find name 'getAuthorizationStatus'.[0m [1m[35m[plugin angular-compiler][0m

    src/app/core/services/payment-authorization.service.ts:226:2:
[37m      226 ‚îÇ   [32mgetAuthorizationStatus[37m(authorizedPaymentId: string): Observable...
          ‚ïµ   [32m~~~~~~~~~~~~~~~~~~~~~~[0m


[31m‚úò [41;31m[[41;97mERROR[41;31m][0m [1mTS2304: Cannot find name 'authorizedPaymentId'.[0m [1m[35m[plugin angular-compiler][0m

    src/app/core/services/payment-authorization.service.ts:226:25:
[37m      226 ‚îÇ   getAuthorizationStatus([32mauthorizedPaymentId[37m: string): Observable...
          ‚ïµ                          [32m~~~~~~~~~~~~~~~~~~~[0m


[31m‚úò [41;31m[[41;97mERROR[41;31m][0m [1mTS1005: ',' expected.[0m [1m[35m[plugin angular-compiler][0m

    src/app/core/services/payment-authorization.service.ts:226:44:
[37m      226 ‚îÇ ...ationStatus(authorizedPaymentId[32m:[37m string): Observable<PaymentAu...
          ‚ïµ                                   [32m^[0m


[31m‚úò [41;31m[[41;97mERROR[41;31m][0m [1mTS2693: 'string' only refers to a type, but is being used as a value here.[0m [1m[35m[plugin angular-compiler][0m

    src/app/core/services/payment-authorization.service.ts:226:46:
[37m      226 ‚îÇ ...Status(authorizedPaymentId: [32mstring[37m): Observable<PaymentAuthori...
          ‚ïµ                                [32m~~~~~~[0m


[31m‚úò [41;31m[[41;97mERROR[41;31m][0m [1mTS1005: ';' expected.[0m [1m[35m[plugin angular-compiler][0m

    src/app/core/services/payment-authorization.service.ts:226:53:
[37m      226 ‚îÇ ...us(authorizedPaymentId: string)[32m:[37m Observable<PaymentAuthorizati...
          ‚ïµ                                   [32m^[0m


[31m‚úò [41;31m[[41;97mERROR[41;31m][0m [1mTS2447: The '|' operator is not allowed for boolean types. Consider using '||' instead.[0m [1m[35m[plugin angular-compiler][0m

    src/app/core/services/payment-authorization.service.ts:226:55:
[37m      226 ‚îÇ ...izedPaymentId: string): [32mObservable<PaymentAuthorization | null> {[37m
          ‚ïµ                            [32m~~~~~~~~~~~~~~~~~~~~~~~~~~~~~~~~~~~~~~~~~[0m


[31m‚úò [41;31m[[41;97mERROR[41;31m][0m [1mTS2693: 'PaymentAuthorization' only refers to a type, but is being used as a value here.[0m [1m[35m[plugin angular-compiler][0m

    src/app/core/services/payment-authorization.service.ts:226:66:
[37m      226 ‚îÇ ...izedPaymentId: string): Observable<[32mPaymentAuthorization[37m | null> {
          ‚ïµ                                       [32m~~~~~~~~~~~~~~~~~~~~[0m


[31m‚úò [41;31m[[41;97mERROR[41;31m][0m [1mTS18050: The value 'null' cannot be used here.[0m [1m[35m[plugin angular-compiler][0m

    src/app/core/services/payment-authorization.service.ts:226:89:
[37m      226 ‚îÇ ...izedPaymentId: string): Observable<PaymentAuthorization | [32mnull[37m> {
          ‚ïµ                                                              [32m~~~~[0m


[31m‚úò [41;31m[[41;97mERROR[41;31m][0m [1mTS1005: ':' expected.[0m [1m[35m[plugin angular-compiler][0m

    src/app/core/services/payment-authorization.service.ts:227:11:
[37m      227 ‚îÇ     return [32mfrom[37m(
          ‚ïµ            [32m~~~~[0m


[31m‚úò [41;31m[[41;97mERROR[41;31m][0m [1mTS2532: Object is possibly 'undefined'.[0m [1m[35m[plugin angular-compiler][0m

    src/app/core/services/payment-authorization.service.ts:228:6:
[37m      228 ‚îÇ       [32mthis[37m.supabaseClient
          ‚ïµ       [32m~~~~[0m


[31m‚úò [41;31m[[41;97mERROR[41;31m][0m [1mTS2304: Cannot find name 'authorizedPaymentId'.[0m [1m[35m[plugin angular-compiler][0m

    src/app/core/services/payment-authorization.service.ts:231:18:
[37m      231 ‚îÇ         .eq('id', [32mauthorizedPaymentId[37m)
          ‚ïµ                   [32m~~~~~~~~~~~~~~~~~~~[0m


[31m‚úò [41;31m[[41;97mERROR[41;31m][0m [1mTS2532: Object is possibly 'undefined'.[0m [1m[35m[plugin angular-compiler][0m

    src/app/core/services/payment-authorization.service.ts:247:18:
[37m      247 ‚îÇ           status: [32mthis[37m.mapStatus(data.status),
          ‚ïµ                   [32m~~~~[0m


[31m‚úò [41;31m[[41;97mERROR[41;31m][0m [1mTS1005: ',' expected.[0m [1m[35m[plugin angular-compiler][0m

    src/app/core/services/payment-authorization.service.ts:258:5:
[37m      258 ‚îÇ     )[32m;[37m
          ‚ïµ      [32m^[0m


[31m‚úò [41;31m[[41;97mERROR[41;31m][0m [1mTS2304: Cannot find name 'captureAuthorization'.[0m [1m[35m[plugin angular-compiler][0m

    src/app/core/services/payment-authorization.service.ts:265:2:
[37m      265 ‚îÇ   [32mcaptureAuthorization[37m(
          ‚ïµ   [32m~~~~~~~~~~~~~~~~~~~~[0m


[31m‚úò [41;31m[[41;97mERROR[41;31m][0m [1mTS2304: Cannot find name 'authorizedPaymentId'.[0m [1m[35m[plugin angular-compiler][0m

    src/app/core/services/payment-authorization.service.ts:266:4:
[37m      266 ‚îÇ     [32mauthorizedPaymentId[37m: string,
          ‚ïµ     [32m~~~~~~~~~~~~~~~~~~~[0m


[31m‚úò [41;31m[[41;97mERROR[41;31m][0m [1mTS1005: ',' expected.[0m [1m[35m[plugin angular-compiler][0m

    src/app/core/services/payment-authorization.service.ts:266:23:
[37m      266 ‚îÇ     authorizedPaymentId[32m:[37m string,
          ‚ïµ                        [32m^[0m


[31m‚úò [41;31m[[41;97mERROR[41;31m][0m [1mTS2693: 'string' only refers to a type, but is being used as a value here.[0m [1m[35m[plugin angular-compiler][0m

    src/app/core/services/payment-authorization.service.ts:266:25:
[37m      266 ‚îÇ     authorizedPaymentId: [32mstring[37m,
          ‚ïµ                          [32m~~~~~~[0m


[31m‚úò [41;31m[[41;97mERROR[41;31m][0m [1mTS2304: Cannot find name 'amountArs'.[0m [1m[35m[plugin angular-compiler][0m

    src/app/core/services/payment-authorization.service.ts:267:4:
[37m      267 ‚îÇ     [32mamountArs[37m?: number,
          ‚ïµ     [32m~~~~~~~~~[0m


[31m‚úò [41;31m[[41;97mERROR[41;31m][0m [1mTS1109: Expression expected.[0m [1m[35m[plugin angular-compiler][0m

    src/app/core/services/payment-authorization.service.ts:267:14:
[37m      267 ‚îÇ     amountArs?[32m:[37m number,
          ‚ïµ               [32m^[0m


[31m‚úò [41;31m[[41;97mERROR[41;31m][0m [1mTS2693: 'number' only refers to a type, but is being used as a value here.[0m [1m[35m[plugin angular-compiler][0m

    src/app/core/services/payment-authorization.service.ts:267:16:
[37m      267 ‚îÇ     amountArs?: [32mnumber[37m,
          ‚ïµ                 [32m~~~~~~[0m


[31m‚úò [41;31m[[41;97mERROR[41;31m][0m [1mTS1005: ';' expected.[0m [1m[35m[plugin angular-compiler][0m

    src/app/core/services/payment-authorization.service.ts:268:3:
[37m      268 ‚îÇ   )[32m:[37m Observable<{ ok: boolean; error?: string }> {
          ‚ïµ    [32m^[0m


[31m‚úò [41;31m[[41;97mERROR[41;31m][0m [1mTS2365: Operator '<' cannot be applied to types 'typeof Observable' and '{ ok: any; error: any; }'.[0m [1m[35m[plugin angular-compiler][0m

    src/app/core/services/payment-authorization.service.ts:268:5:
[37m      268 ‚îÇ   ): [32mObservable<{ ok: boolean; error?: string }[37m> {
          ‚ïµ      [32m~~~~~~~~~~~~~~~~~~~~~~~~~~~~~~~~~~~~~~~~~~[0m


[31m‚úò [41;31m[[41;97mERROR[41;31m][0m [1mTS2365: Operator '>' cannot be applied to types 'boolean' and '{ return: Observable<{ ok: boolean; } | { ok: boolean; error: any; }>; }'.[0m [1m[35m[plugin angular-compiler][0m

    src/app/core/services/payment-authorization.service.ts:268:5:
[37m      268 ‚îÇ   ): [32mObservable<{ ok: boolean; error?: string }> {[37m
          ‚ïµ      [32m~~~~~~~~~~~~~~~~~~~~~~~~~~~~~~~~~~~~~~~~~~~~~[0m


[31m‚úò [41;31m[[41;97mERROR[41;31m][0m [1mTS2693: 'boolean' only refers to a type, but is being used as a value here.[0m [1m[35m[plugin angular-compiler][0m

    src/app/core/services/payment-authorization.service.ts:268:22:
[37m      268 ‚îÇ   ): Observable<{ ok: [32mboolean[37m; error?: string }> {
          ‚ïµ                       [32m~~~~~~~[0m


[31m‚úò [41;31m[[41;97mERROR[41;31m][0m [1mTS1005: ',' expected.[0m [1m[35m[plugin angular-compiler][0m

    src/app/core/services/payment-authorization.service.ts:268:29:
[37m      268 ‚îÇ   ): Observable<{ ok: boolean[32m;[37m error?: string }> {
          ‚ïµ                              [32m^[0m


[31m‚úò [41;31m[[41;97mERROR[41;31m][0m [1mTS2693: 'string' only refers to a type, but is being used as a value here.[0m [1m[35m[plugin angular-compiler][0m

    src/app/core/services/payment-authorization.service.ts:268:39:
[37m      268 ‚îÇ   ): Observable<{ ok: boolean; error?: [32mstring[37m }> {
          ‚ïµ                                        [32m~~~~~~[0m


[31m‚úò [41;31m[[41;97mERROR[41;31m][0m [1mTS1005: ':' expected.[0m [1m[35m[plugin angular-compiler][0m

    src/app/core/services/payment-authorization.service.ts:270:11:
[37m      270 ‚îÇ     return [32mfrom[37m(
          ‚ïµ            [32m~~~~[0m


[31m‚úò [41;31m[[41;97mERROR[41;31m][0m [1mTS2532: Object is possibly 'undefined'.[0m [1m[35m[plugin angular-compiler][0m

    src/app/core/services/payment-authorization.service.ts:273:30:
[37m      273 ‚îÇ         const session = await [32mthis[37m.authService.ensureSession();
          ‚ïµ                               [32m~~~~[0m


[31m‚úò [41;31m[[41;97mERROR[41;31m][0m [1mTS2304: Cannot find name 'authorizedPaymentId'.[0m [1m[35m[plugin angular-compiler][0m

    src/app/core/services/payment-authorization.service.ts:292:23:
[37m      292 ‚îÇ             intent_id: [32mauthorizedPaymentId[37m,
          ‚ïµ                        [32m~~~~~~~~~~~~~~~~~~~[0m


[31m‚úò [41;31m[[41;97mERROR[41;31m][0m [1mTS2304: Cannot find name 'amountArs'.[0m [1m[35m[plugin angular-compiler][0m

    src/app/core/services/payment-authorization.service.ts:293:16:
[37m      293 ‚îÇ             ...([32mamountArs[37m ? { amount_ars: amountArs } : {}),
          ‚ïµ                 [32m~~~~~~~~~[0m


[31m‚úò [41;31m[[41;97mERROR[41;31m][0m [1mTS2304: Cannot find name 'amountArs'.[0m [1m[35m[plugin angular-compiler][0m

    src/app/core/services/payment-authorization.service.ts:293:42:
[37m      293 ‚îÇ             ...(amountArs ? { amount_ars: [32mamountArs[37m } : {}),
          ‚ïµ                                           [32m~~~~~~~~~[0m


[31m‚úò [41;31m[[41;97mERROR[41;31m][0m [1mTS1005: ',' expected.[0m [1m[35m[plugin angular-compiler][0m

    src/app/core/services/payment-authorization.service.ts:317:5:
[37m      317 ‚îÇ     )[32m;[37m
          ‚ïµ      [32m^[0m


[31m‚úò [41;31m[[41;97mERROR[41;31m][0m [1mTS2304: Cannot find name 'cancelAuthorization'.[0m [1m[35m[plugin angular-compiler][0m

    src/app/core/services/payment-authorization.service.ts:324:2:
[37m      324 ‚îÇ   [32mcancelAuthorization[37m(authorizedPaymentId: string): Observable<{ ...
          ‚ïµ   [32m~~~~~~~~~~~~~~~~~~~[0m


[31m‚úò [41;31m[[41;97mERROR[41;31m][0m [1mTS2304: Cannot find name 'authorizedPaymentId'.[0m [1m[35m[plugin angular-compiler][0m

    src/app/core/services/payment-authorization.service.ts:324:22:
[37m      324 ‚îÇ   cancelAuthorization([32mauthorizedPaymentId[37m: string): Observable<{ ...
          ‚ïµ                       [32m~~~~~~~~~~~~~~~~~~~[0m


[31m‚úò [41;31m[[41;97mERROR[41;31m][0m [1mTS1005: ',' expected.[0m [1m[35m[plugin angular-compiler][0m

    src/app/core/services/payment-authorization.service.ts:324:41:
[37m      324 ‚îÇ ...thorization(authorizedPaymentId[32m:[37m string): Observable<{ ok: boo...
          ‚ïµ                                   [32m^[0m


[31m‚úò [41;31m[[41;97mERROR[41;31m][0m [1mTS2693: 'string' only refers to a type, but is being used as a value here.[0m [1m[35m[plugin angular-compiler][0m

    src/app/core/services/payment-authorization.service.ts:324:43:
[37m      324 ‚îÇ ...zation(authorizedPaymentId: [32mstring[37m): Observable<{ ok: boolean;...
          ‚ïµ                                [32m~~~~~~[0m


[31m‚úò [41;31m[[41;97mERROR[41;31m][0m [1mTS1005: ';' expected.[0m [1m[35m[plugin angular-compiler][0m

    src/app/core/services/payment-authorization.service.ts:324:50:
[37m      324 ‚îÇ ...on(authorizedPaymentId: string)[32m:[37m Observable<{ ok: boolean; err...
          ‚ïµ                                   [32m^[0m


[31m‚úò [41;31m[[41;97mERROR[41;31m][0m [1mTS2365: Operator '<' cannot be applied to types 'typeof Observable' and '{ ok: any; error: any; }'.[0m [1m[35m[plugin angular-compiler][0m

    src/app/core/services/payment-authorization.service.ts:324:52:
[37m      324 ‚îÇ ...PaymentId: string): [32mObservable<{ ok: boolean; error?: string }[37m> {
          ‚ïµ                        [32m~~~~~~~~~~~~~~~~~~~~~~~~~~~~~~~~~~~~~~~~~~[0m


[31m‚úò [41;31m[[41;97mERROR[41;31m][0m [1mTS2365: Operator '>' cannot be applied to types 'boolean' and '{ return: Observable<{ ok: boolean; } | { ok: boolean; error: any; }>; }'.[0m [1m[35m[plugin angular-compiler][0m

    src/app/core/services/payment-authorization.service.ts:324:52:
[37m      324 ‚îÇ ...PaymentId: string): [32mObservable<{ ok: boolean; error?: string }> {[37m
          ‚ïµ                        [32m~~~~~~~~~~~~~~~~~~~~~~~~~~~~~~~~~~~~~~~~~~~~~[0m


[31m‚úò [41;31m[[41;97mERROR[41;31m][0m [1mTS2693: 'boolean' only refers to a type, but is being used as a value here.[0m [1m[35m[plugin angular-compiler][0m

    src/app/core/services/payment-authorization.service.ts:324:69:
[37m      324 ‚îÇ ...PaymentId: string): Observable<{ ok: [32mboolean[37m; error?: string }> {
          ‚ïµ                                         [32m~~~~~~~[0m


[31m‚úò [41;31m[[41;97mERROR[41;31m][0m [1mTS1005: ',' expected.[0m [1m[35m[plugin angular-compiler][0m

    src/app/core/services/payment-authorization.service.ts:324:76:
[37m      324 ‚îÇ ...PaymentId: string): Observable<{ ok: boolean[32m;[37m error?: string }> {
          ‚ïµ                                                [32m^[0m


[31m‚úò [41;31m[[41;97mERROR[41;31m][0m [1mTS2693: 'string' only refers to a type, but is being used as a value here.[0m [1m[35m[plugin angular-compiler][0m

    src/app/core/services/payment-authorization.service.ts:324:86:
[37m      324 ‚îÇ ...PaymentId: string): Observable<{ ok: boolean; error?: [32mstring[37m }> {
          ‚ïµ                                                          [32m~~~~~~[0m


[31m‚úò [41;31m[[41;97mERROR[41;31m][0m [1mTS1005: ':' expected.[0m [1m[35m[plugin angular-compiler][0m

    src/app/core/services/payment-authorization.service.ts:326:11:
[37m      326 ‚îÇ     return [32mfrom[37m(
          ‚ïµ            [32m~~~~[0m


[31m‚úò [41;31m[[41;97mERROR[41;31m][0m [1mTS2532: Object is possibly 'undefined'.[0m [1m[35m[plugin angular-compiler][0m

    src/app/core/services/payment-authorization.service.ts:329:30:
[37m      329 ‚îÇ         const session = await [32mthis[37m.authService.ensureSession();
          ‚ïµ                               [32m~~~~[0m


[31m‚úò [41;31m[[41;97mERROR[41;31m][0m [1mTS2304: Cannot find name 'authorizedPaymentId'.[0m [1m[35m[plugin angular-compiler][0m

    src/app/core/services/payment-authorization.service.ts:348:23:
[37m      348 ‚îÇ             intent_id: [32mauthorizedPaymentId[37m,
          ‚ïµ                        [32m~~~~~~~~~~~~~~~~~~~[0m


[31m‚úò [41;31m[[41;97mERROR[41;31m][0m [1mTS1005: ',' expected.[0m [1m[35m[plugin angular-compiler][0m

    src/app/core/services/payment-authorization.service.ts:372:5:
[37m      372 ‚îÇ     )[32m;[37m
          ‚ïµ      [32m^[0m


[31m‚úò [41;31m[[41;97mERROR[41;31m][0m [1mTS2304: Cannot find name 'isAuthorizationExpired'.[0m [1m[35m[plugin angular-compiler][0m

    src/app/core/services/payment-authorization.service.ts:378:2:
[37m      378 ‚îÇ   [32misAuthorizationExpired[37m(authorization: PaymentAuthorization): bo...
          ‚ïµ   [32m~~~~~~~~~~~~~~~~~~~~~~[0m


[31m‚úò [41;31m[[41;97mERROR[41;31m][0m [1mTS2304: Cannot find name 'authorization'.[0m [1m[35m[plugin angular-compiler][0m

    src/app/core/services/payment-authorization.service.ts:378:25:
[37m      378 ‚îÇ   isAuthorizationExpired([32mauthorization[37m: PaymentAuthorization): bo...
          ‚ïµ                          [32m~~~~~~~~~~~~~[0m


[31m‚úò [41;31m[[41;97mERROR[41;31m][0m [1mTS1005: ',' expected.[0m [1m[35m[plugin angular-compiler][0m

    src/app/core/services/payment-authorization.service.ts:378:38:
[37m      378 ‚îÇ ...horizationExpired(authorization[32m:[37m PaymentAuthorization): boolean {
          ‚ïµ                                   [32m^[0m


[31m‚úò [41;31m[[41;97mERROR[41;31m][0m [1mTS2693: 'PaymentAuthorization' only refers to a type, but is being used as a value here.[0m [1m[35m[plugin angular-compiler][0m

    src/app/core/services/payment-authorization.service.ts:378:40:
[37m      378 ‚îÇ ...horizationExpired(authorization: [32mPaymentAuthorization[37m): boolean {
          ‚ïµ                                     [32m~~~~~~~~~~~~~~~~~~~~[0m


[31m‚úò [41;31m[[41;97mERROR[41;31m][0m [1mTS1005: ';' expected.[0m [1m[35m[plugin angular-compiler][0m

    src/app/core/services/payment-authorization.service.ts:378:61:
[37m      378 ‚îÇ ...horizationExpired(authorization: PaymentAuthorization)[32m:[37m boolean {
          ‚ïµ                                                          [32m^[0m


[31m‚úò [41;31m[[41;97mERROR[41;31m][0m [1mTS1434: Unexpected keyword or identifier.[0m [1m[35m[plugin angular-compiler][0m

    src/app/core/services/payment-authorization.service.ts:378:63:
[37m      378 ‚îÇ ...horizationExpired(authorization: PaymentAuthorization): [32mboolean[37m {
          ‚ïµ                                                            [32m~~~~~~~[0m


[31m‚úò [41;31m[[41;97mERROR[41;31m][0m [1mTS2693: 'boolean' only refers to a type, but is being used as a value here.[0m [1m[35m[plugin angular-compiler][0m

    src/app/core/services/payment-authorization.service.ts:378:63:
[37m      378 ‚îÇ ...horizationExpired(authorization: PaymentAuthorization): [32mboolean[37m {
          ‚ïµ                                                            [32m~~~~~~~[0m


[31m‚úò [41;31m[[41;97mERROR[41;31m][0m [1mTS2304: Cannot find name 'authorization'.[0m [1m[35m[plugin angular-compiler][0m

    src/app/core/services/payment-authorization.service.ts:379:9:
[37m      379 ‚îÇ     if (![32mauthorization[37m.expiresAt) return false;
          ‚ïµ          [32m~~~~~~~~~~~~~[0m


[31m‚úò [41;31m[[41;97mERROR[41;31m][0m [1mTS1128: Declaration or statement expected.[0m [1m[35m[plugin angular-compiler][0m

    src/app/core/services/payment-authorization.service.ts:386:2:
[37m      386 ‚îÇ   [32mprivate[37m mapStatus(dbStatus: string): 'pending' | 'authorized' |...
          ‚ïµ   [32m~~~~~~~[0m


[31m‚úò [41;31m[[41;97mERROR[41;31m][0m [1mTS2304: Cannot find name 'mapStatus'.[0m [1m[35m[plugin angular-compiler][0m

    src/app/core/services/payment-authorization.service.ts:386:10:
[37m      386 ‚îÇ   private [32mmapStatus[37m(dbStatus: string): 'pending' | 'authorized' |...
          ‚ïµ           [32m~~~~~~~~~[0m


[31m‚úò [41;31m[[41;97mERROR[41;31m][0m [1mTS2304: Cannot find name 'dbStatus'.[0m [1m[35m[plugin angular-compiler][0m

    src/app/core/services/payment-authorization.service.ts:386:20:
[37m      386 ‚îÇ   private mapStatus([32mdbStatus[37m: string): 'pending' | 'authorized' |...
          ‚ïµ                     [32m~~~~~~~~[0m


[31m‚úò [41;31m[[41;97mERROR[41;31m][0m [1mTS1005: ',' expected.[0m [1m[35m[plugin angular-compiler][0m

    src/app/core/services/payment-authorization.service.ts:386:28:
[37m      386 ‚îÇ   private mapStatus(dbStatus[32m:[37m string): 'pending' | 'authorized' |...
          ‚ïµ                             [32m^[0m


[31m‚úò [41;31m[[41;97mERROR[41;31m][0m [1mTS2693: 'string' only refers to a type, but is being used as a value here.[0m [1m[35m[plugin angular-compiler][0m

    src/app/core/services/payment-authorization.service.ts:386:30:
[37m      386 ‚îÇ   private mapStatus(dbStatus: [32mstring[37m): 'pending' | 'authorized' |...
          ‚ïµ                               [32m~~~~~~[0m


[31m‚úò [41;31m[[41;97mERROR[41;31m][0m [1mTS1005: ';' expected.[0m [1m[35m[plugin angular-compiler][0m

    src/app/core/services/payment-authorization.service.ts:386:37:
[37m      386 ‚îÇ ...ate mapStatus(dbStatus: string)[32m:[37m 'pending' | 'authorized' | 'e...
          ‚ïµ                                   [32m^[0m


[31m‚úò [41;31m[[41;97mERROR[41;31m][0m [1mTS2362: The left-hand side of an arithmetic operation must be of type 'any', 'number', 'bigint' or an enum type.[0m [1m[35m[plugin angular-compiler][0m

    src/app/core/services/payment-authorization.service.ts:386:39:
[37m      386 ‚îÇ ...pStatus(dbStatus: string): [32m'pending'[37m | 'authorized' | 'expired...
          ‚ïµ                               [32m~~~~~~~~~[0m


[31m‚úò [41;31m[[41;97mERROR[41;31m][0m [1mTS2363: The right-hand side of an arithmetic operation must be of type 'any', 'number', 'bigint' or an enum type.[0m [1m[35m[plugin angular-compiler][0m

    src/app/core/services/payment-authorization.service.ts:386:51:
[37m      386 ‚îÇ ...tatus: string): 'pending' | [32m'authorized'[37m | 'expired' | 'failed' {
          ‚ïµ                                [32m~~~~~~~~~~~~[0m


[31m‚úò [41;31m[[41;97mERROR[41;31m][0m [1mTS2363: The right-hand side of an arithmetic operation must be of type 'any', 'number', 'bigint' or an enum type.[0m [1m[35m[plugin angular-compiler][0m

    src/app/core/services/payment-authorization.service.ts:386:66:
[37m      386 ‚îÇ ...tatus: string): 'pending' | 'authorized' | [32m'expired'[37m | 'failed' {
          ‚ïµ                                               [32m~~~~~~~~~[0m


[31m‚úò [41;31m[[41;97mERROR[41;31m][0m [1mTS2363: The right-hand side of an arithmetic operation must be of type 'any', 'number', 'bigint' or an enum type.[0m [1m[35m[plugin angular-compiler][0m

    src/app/core/services/payment-authorization.service.ts:386:78:
[37m      386 ‚îÇ ...tatus: string): 'pending' | 'authorized' | 'expired' | [32m'failed'[37m {
          ‚ïµ                                                           [32m~~~~~~~~[0m


[31m‚úò [41;31m[[41;97mERROR[41;31m][0m [1mTS1005: ';' expected.[0m [1m[35m[plugin angular-compiler][0m

    src/app/core/services/payment-authorization.service.ts:386:87:
[37m      386 ‚îÇ ...tatus: string): 'pending' | 'authorized' | 'expired' | 'failed' [32m{[37m
          ‚ïµ                                                                    [32m^[0m


[31m‚úò [41;31m[[41;97mERROR[41;31m][0m [1mTS2304: Cannot find name 'dbStatus'.[0m [1m[35m[plugin angular-compiler][0m

    src/app/core/services/payment-authorization.service.ts:387:12:
[37m      387 ‚îÇ     switch ([32mdbStatus[37m) {
          ‚ïµ             [32m~~~~~~~~[0m


[31m‚úò [41;31m[[41;97mERROR[41;31m][0m [1mTS1128: Declaration or statement expected.[0m [1m[35m[plugin angular-compiler][0m

    src/app/core/services/payment-authorization.service.ts:401:0:
[37m      401 ‚îÇ [32m}[37m
          ‚ïµ [32m^[0m


[31m‚úò [41;31m[[41;97mERROR[41;31m][0m [1mTS2339: Property 'getCurrentRateAsync' does not exist on type 'FxService'.[0m [1m[35m[plugin angular-compiler][0m

    src/app/core/services/payments.service.ts:66:40:
[37m      66 ‚îÇ ...t fxRate = await this.fxService.[32mgetCurrentRateAsync[37m('USD', 'ARS');
         ‚ïµ                                    [32m~~~~~~~~~~~~~~~~~~~[0m


[31m‚úò [41;31m[[41;97mERROR[41;31m][0m [1mUnexpected ";"[0m

    src/app/core/services/profile.service.ts:175:8:
[37m      175 ‚îÇ         [32m;[37m
          ‚ïµ         [32m^[0m


[31m‚úò [41;31m[[41;97mERROR[41;31m][0m [1mTS2355: A function whose declared type is neither 'undefined', 'void', nor 'any' must return a value.[0m [1m[35m[plugin angular-compiler][0m

    src/app/core/services/profile.service.ts:206:62:
[37m      206 ‚îÇ ...ateProfile(userId: string, email: string): [32mPromise<UserProfile>[37m {
          ‚ïµ                                               [32m~~~~~~~~~~~~~~~~~~~~[0m


[31m‚úò [41;31m[[41;97mERROR[41;31m][0m [1mTS2304: Cannot find name 'full_name'.[0m [1m[35m[plugin angular-compiler][0m

    src/app/core/services/profile.service.ts:229:6:
[37m      229 ‚îÇ       [32mfull_name[37m: data?.full_name,
          ‚ïµ       [32m~~~~~~~~~[0m


[31m‚úò [41;31m[[41;97mERROR[41;31m][0m [1mTS1005: ';' expected.[0m [1m[35m[plugin angular-compiler][0m

    src/app/core/services/profile.service.ts:229:15:
[37m      229 ‚îÇ       full_name[32m:[37m data?.full_name,
          ‚ïµ                [32m^[0m


[31m‚úò [41;31m[[41;97mERROR[41;31m][0m [1mTS1109: Expression expected.[0m [1m[35m[plugin angular-compiler][0m

    src/app/core/services/profile.service.ts:230:4:
[37m      230 ‚îÇ     [32m}[37m);
          ‚ïµ     [32m^[0m


[31m‚úò [41;31m[[41;97mERROR[41;31m][0m [1mTS1068: Unexpected token. A constructor, method, accessor, or property was expected.[0m [1m[35m[plugin angular-compiler][0m

    src/app/core/services/profile.service.ts:230:5:
[37m      230 ‚îÇ     }[32m)[37m;
          ‚ïµ      [32m^[0m


[31m‚úò [41;31m[[41;97mERROR[41;31m][0m [1mTS1068: Unexpected token. A constructor, method, accessor, or property was expected.[0m [1m[35m[plugin angular-compiler][0m

    src/app/core/services/profile.service.ts:231:4:
[37m      231 ‚îÇ     [32mreturn[37m data as UserProfile;
          ‚ïµ     [32m~~~~~~[0m


[31m‚úò [41;31m[[41;97mERROR[41;31m][0m [1mTS1128: Declaration or statement expected.[0m [1m[35m[plugin angular-compiler][0m

    src/app/core/services/profile.service.ts:232:2:
[37m      232 ‚îÇ   [32m}[37m
          ‚ïµ   [32m^[0m


[31m‚úò [41;31m[[41;97mERROR[41;31m][0m [1mTS1434: Unexpected keyword or identifier.[0m [1m[35m[plugin angular-compiler][0m

    src/app/core/services/profile.service.ts:237:2:
[37m      237 ‚îÇ   [32masync[37m canPublishCars(): Promise<boolean> {
          ‚ïµ   [32m~~~~~[0m


[31m‚úò [41;31m[[41;97mERROR[41;31m][0m [1mTS2304: Cannot find name 'async'.[0m [1m[35m[plugin angular-compiler][0m

    src/app/core/services/profile.service.ts:237:2:
[37m      237 ‚îÇ   [32masync[37m canPublishCars(): Promise<boolean> {
          ‚ïµ   [32m~~~~~[0m


[31m‚úò [41;31m[[41;97mERROR[41;31m][0m [1mTS2304: Cannot find name 'canPublishCars'.[0m [1m[35m[plugin angular-compiler][0m

    src/app/core/services/profile.service.ts:237:8:
[37m      237 ‚îÇ   async [32mcanPublishCars[37m(): Promise<boolean> {
          ‚ïµ         [32m~~~~~~~~~~~~~~[0m


[31m‚úò [41;31m[[41;97mERROR[41;31m][0m [1mTS1005: ';' expected.[0m [1m[35m[plugin angular-compiler][0m

    src/app/core/services/profile.service.ts:237:24:
[37m      237 ‚îÇ   async canPublishCars()[32m:[37m Promise<boolean> {
          ‚ïµ                         [32m^[0m


[31m‚úò [41;31m[[41;97mERROR[41;31m][0m [1mTS2365: Operator '>' cannot be applied to types 'boolean' and '{ const: any; return: boolean; }'.[0m [1m[35m[plugin angular-compiler][0m

    src/app/core/services/profile.service.ts:237:26:
[37m      237 ‚îÇ   async canPublishCars(): [32mPromise<boolean> {[37m
          ‚ïµ                           [32m~~~~~~~~~~~~~~~~~~[0m


[31m‚úò [41;31m[[41;97mERROR[41;31m][0m [1mTS2693: 'boolean' only refers to a type, but is being used as a value here.[0m [1m[35m[plugin angular-compiler][0m

    src/app/core/services/profile.service.ts:237:34:
[37m      237 ‚îÇ   async canPublishCars(): Promise<[32mboolean[37m> {
          ‚ïµ                                   [32m~~~~~~~[0m


[31m‚úò [41;31m[[41;97mERROR[41;31m][0m [1mTS1005: ':' expected.[0m [1m[35m[plugin angular-compiler][0m

    src/app/core/services/profile.service.ts:238:10:
[37m      238 ‚îÇ     const [32mprofile[37m = await this.getCurrentProfile();
          ‚ïµ           [32m~~~~~~~[0m


[31m‚úò [41;31m[[41;97mERROR[41;31m][0m [1mTS2304: Cannot find name 'profile'.[0m [1m[35m[plugin angular-compiler][0m

    src/app/core/services/profile.service.ts:238:10:
[37m      238 ‚îÇ     const [32mprofile[37m = await this.getCurrentProfile();
          ‚ïµ           [32m~~~~~~~[0m


[31m‚úò [41;31m[[41;97mERROR[41;31m][0m [1mTS2532: Object is possibly 'undefined'.[0m [1m[35m[plugin angular-compiler][0m

    src/app/core/services/profile.service.ts:238:26:
[37m      238 ‚îÇ     const profile = await [32mthis[37m.getCurrentProfile();
          ‚ïµ                           [32m~~~~[0m


[31m‚úò [41;31m[[41;97mERROR[41;31m][0m [1mTS1005: ',' expected.[0m [1m[35m[plugin angular-compiler][0m

    src/app/core/services/profile.service.ts:238:50:
[37m      238 ‚îÇ     const profile = await this.getCurrentProfile()[32m;[37m
          ‚ïµ                                                   [32m^[0m


[31m‚úò [41;31m[[41;97mERROR[41;31m][0m [1mTS1005: ':' expected.[0m [1m[35m[plugin angular-compiler][0m

    src/app/core/services/profile.service.ts:239:11:
[37m      239 ‚îÇ     return [32mprofile[37m?.role === 'owner' || profile?.role === 'both';
          ‚ïµ            [32m~~~~~~~[0m


[31m‚úò [41;31m[[41;97mERROR[41;31m][0m [1mTS2304: Cannot find name 'profile'.[0m [1m[35m[plugin angular-compiler][0m

    src/app/core/services/profile.service.ts:239:11:
[37m      239 ‚îÇ     return [32mprofile[37m?.role === 'owner' || profile?.role === 'both';
          ‚ïµ            [32m~~~~~~~[0m


[31m‚úò [41;31m[[41;97mERROR[41;31m][0m [1mTS2304: Cannot find name 'profile'.[0m [1m[35m[plugin angular-compiler][0m

    src/app/core/services/profile.service.ts:239:40:
[37m      239 ‚îÇ     return profile?.role === 'owner' || [32mprofile[37m?.role === 'both';
          ‚ïµ                                         [32m~~~~~~~[0m


[31m‚úò [41;31m[[41;97mERROR[41;31m][0m [1mTS1005: ',' expected.[0m [1m[35m[plugin angular-compiler][0m

    src/app/core/services/profile.service.ts:239:64:
[37m      239 ‚îÇ     return profile?.role === 'owner' || profile?.role === 'both'[32m;[37m
          ‚ïµ                                                                 [32m^[0m


[31m‚úò [41;31m[[41;97mERROR[41;31m][0m [1mTS1434: Unexpected keyword or identifier.[0m [1m[35m[plugin angular-compiler][0m

    src/app/core/services/profile.service.ts:245:2:
[37m      245 ‚îÇ   [32masync[37m canBookCars(): Promise<boolean> {
          ‚ïµ   [32m~~~~~[0m


[31m‚úò [41;31m[[41;97mERROR[41;31m][0m [1mTS2304: Cannot find name 'async'.[0m [1m[35m[plugin angular-compiler][0m

    src/app/core/services/profile.service.ts:245:2:
[37m      245 ‚îÇ   [32masync[37m canBookCars(): Promise<boolean> {
          ‚ïµ   [32m~~~~~[0m


[31m‚úò [41;31m[[41;97mERROR[41;31m][0m [1mTS2304: Cannot find name 'canBookCars'.[0m [1m[35m[plugin angular-compiler][0m

    src/app/core/services/profile.service.ts:245:8:
[37m      245 ‚îÇ   async [32mcanBookCars[37m(): Promise<boolean> {
          ‚ïµ         [32m~~~~~~~~~~~[0m


[31m‚úò [41;31m[[41;97mERROR[41;31m][0m [1mTS1005: ';' expected.[0m [1m[35m[plugin angular-compiler][0m

    src/app/core/services/profile.service.ts:245:21:
[37m      245 ‚îÇ   async canBookCars()[32m:[37m Promise<boolean> {
          ‚ïµ                      [32m^[0m


[31m‚úò [41;31m[[41;97mERROR[41;31m][0m [1mTS2365: Operator '>' cannot be applied to types 'boolean' and '{ const: any; return: boolean; }'.[0m [1m[35m[plugin angular-compiler][0m

    src/app/core/services/profile.service.ts:245:23:
[37m      245 ‚îÇ   async canBookCars(): [32mPromise<boolean> {[37m
          ‚ïµ                        [32m~~~~~~~~~~~~~~~~~~[0m


[31m‚úò [41;31m[[41;97mERROR[41;31m][0m [1mTS2693: 'boolean' only refers to a type, but is being used as a value here.[0m [1m[35m[plugin angular-compiler][0m

    src/app/core/services/profile.service.ts:245:31:
[37m      245 ‚îÇ   async canBookCars(): Promise<[32mboolean[37m> {
          ‚ïµ                                [32m~~~~~~~[0m


[31m‚úò [41;31m[[41;97mERROR[41;31m][0m [1mTS1005: ':' expected.[0m [1m[35m[plugin angular-compiler][0m

    src/app/core/services/profile.service.ts:246:10:
[37m      246 ‚îÇ     const [32mprofile[37m = await this.getCurrentProfile();
          ‚ïµ           [32m~~~~~~~[0m


[31m‚úò [41;31m[[41;97mERROR[41;31m][0m [1mTS2304: Cannot find name 'profile'.[0m [1m[35m[plugin angular-compiler][0m

    src/app/core/services/profile.service.ts:246:10:
[37m      246 ‚îÇ     const [32mprofile[37m = await this.getCurrentProfile();
          ‚ïµ           [32m~~~~~~~[0m


[31m‚úò [41;31m[[41;97mERROR[41;31m][0m [1mTS2532: Object is possibly 'undefined'.[0m [1m[35m[plugin angular-compiler][0m

    src/app/core/services/profile.service.ts:246:26:
[37m      246 ‚îÇ     const profile = await [32mthis[37m.getCurrentProfile();
          ‚ïµ                           [32m~~~~[0m


[31m‚úò [41;31m[[41;97mERROR[41;31m][0m [1mTS1005: ',' expected.[0m [1m[35m[plugin angular-compiler][0m

    src/app/core/services/profile.service.ts:246:50:
[37m      246 ‚îÇ     const profile = await this.getCurrentProfile()[32m;[37m
          ‚ïµ                                                   [32m^[0m


[31m‚úò [41;31m[[41;97mERROR[41;31m][0m [1mTS1005: ':' expected.[0m [1m[35m[plugin angular-compiler][0m

    src/app/core/services/profile.service.ts:247:11:
[37m      247 ‚îÇ     return [32mprofile[37m?.role === 'renter' || profile?.role === 'both';
          ‚ïµ            [32m~~~~~~~[0m


[31m‚úò [41;31m[[41;97mERROR[41;31m][0m [1mTS2304: Cannot find name 'profile'.[0m [1m[35m[plugin angular-compiler][0m

    src/app/core/services/profile.service.ts:247:11:
[37m      247 ‚îÇ     return [32mprofile[37m?.role === 'renter' || profile?.role === 'both';
          ‚ïµ            [32m~~~~~~~[0m


[31m‚úò [41;31m[[41;97mERROR[41;31m][0m [1mTS2304: Cannot find name 'profile'.[0m [1m[35m[plugin angular-compiler][0m

    src/app/core/services/profile.service.ts:247:41:
[37m      247 ‚îÇ     return profile?.role === 'renter' || [32mprofile[37m?.role === 'both';
          ‚ïµ                                          [32m~~~~~~~[0m


[31m‚úò [41;31m[[41;97mERROR[41;31m][0m [1mTS1005: ',' expected.[0m [1m[35m[plugin angular-compiler][0m

    src/app/core/services/profile.service.ts:247:65:
[37m      247 ‚îÇ     return profile?.role === 'renter' || profile?.role === 'both'[32m;[37m
          ‚ïµ                                                                  [32m^[0m


[31m‚úò [41;31m[[41;97mERROR[41;31m][0m [1mTS1434: Unexpected keyword or identifier.[0m [1m[35m[plugin angular-compiler][0m

    src/app/core/services/profile.service.ts:258:2:
[37m      258 ‚îÇ   [32masync[37m getMe(): Promise<UserProfile> {
          ‚ïµ   [32m~~~~~[0m


[31m‚úò [41;31m[[41;97mERROR[41;31m][0m [1mTS2304: Cannot find name 'async'.[0m [1m[35m[plugin angular-compiler][0m

    src/app/core/services/profile.service.ts:258:2:
[37m      258 ‚îÇ   [32masync[37m getMe(): Promise<UserProfile> {
          ‚ïµ   [32m~~~~~[0m


[31m‚úò [41;31m[[41;97mERROR[41;31m][0m [1mTS2304: Cannot find name 'getMe'.[0m [1m[35m[plugin angular-compiler][0m

    src/app/core/services/profile.service.ts:258:8:
[37m      258 ‚îÇ   async [32mgetMe[37m(): Promise<UserProfile> {
          ‚ïµ         [32m~~~~~[0m


[31m‚úò [41;31m[[41;97mERROR[41;31m][0m [1mTS1005: ';' expected.[0m [1m[35m[plugin angular-compiler][0m

    src/app/core/services/profile.service.ts:258:15:
[37m      258 ‚îÇ   async getMe()[32m:[37m Promise<UserProfile> {
          ‚ïµ                [32m^[0m


[31m‚úò [41;31m[[41;97mERROR[41;31m][0m [1mTS2365: Operator '>' cannot be applied to types 'boolean' and '{ const: any; if(error: any): never; return: UserProfile; }'.[0m [1m[35m[plugin angular-compiler][0m

    src/app/core/services/profile.service.ts:258:17:
[37m      258 ‚îÇ   async getMe(): [32mPromise<UserProfile> {[37m
          ‚ïµ                  [32m~~~~~~~~~~~~~~~~~~~~~~[0m


[31m‚úò [41;31m[[41;97mERROR[41;31m][0m [1mTS2693: 'UserProfile' only refers to a type, but is being used as a value here.[0m [1m[35m[plugin angular-compiler][0m

    src/app/core/services/profile.service.ts:258:25:
[37m      258 ‚îÇ   async getMe(): Promise<[32mUserProfile[37m> {
          ‚ïµ                          [32m~~~~~~~~~~~[0m


[31m‚úò [41;31m[[41;97mERROR[41;31m][0m [1mTS1005: ':' expected.[0m [1m[35m[plugin angular-compiler][0m

    src/app/core/services/profile.service.ts:259:10:
[37m      259 ‚îÇ     const [32m{[37m data, error } = await this.supabase.from('me_profile'...
          ‚ïµ           [32m^[0m


[31m‚úò [41;31m[[41;97mERROR[41;31m][0m [1mTS2448: Block-scoped variable 'data' used before its declaration.[0m [1m[35m[plugin angular-compiler][0m

    src/app/core/services/profile.service.ts:259:12:
[37m      259 ‚îÇ     const { [32mdata[37m, error } = await this.supabase.from('me_profile'...
          ‚ïµ             [32m~~~~[0m

  'data' is declared here.

    src/app/core/services/profile.service.ts:337:12:
[37m      337 ‚îÇ     const { [32mdata[37m, error: insertError } = await this.supabase
          ‚ïµ             [32m~~~~[0m


[31m‚úò [41;31m[[41;97mERROR[41;31m][0m [1mTS2588: Cannot assign to 'data' because it is a constant.[0m [1m[35m[plugin angular-compiler][0m

    src/app/core/services/profile.service.ts:259:12:
[37m      259 ‚îÇ     const { [32mdata[37m, error } = await this.supabase.from('me_profile'...
          ‚ïµ             [32m~~~~[0m


[31m‚úò [41;31m[[41;97mERROR[41;31m][0m [1mTS18004: No value exists in scope for the shorthand property 'error'. Either declare one or provide an initializer.[0m [1m[35m[plugin angular-compiler][0m

    src/app/core/services/profile.service.ts:259:18:
[37m      259 ‚îÇ     const { data, [32merror[37m } = await this.supabase.from('me_profile'...
          ‚ïµ                   [32m~~~~~[0m


[31m‚úò [41;31m[[41;97mERROR[41;31m][0m [1mTS2532: Object is possibly 'undefined'.[0m [1m[35m[plugin angular-compiler][0m

    src/app/core/services/profile.service.ts:259:34:
[37m      259 ‚îÇ ...onst { data, error } = await [32mthis[37m.supabase.from('me_profile')....
          ‚ïµ                                 [32m~~~~[0m


[31m‚úò [41;31m[[41;97mERROR[41;31m][0m [1mTS1005: ',' expected.[0m [1m[35m[plugin angular-compiler][0m

    src/app/core/services/profile.service.ts:259:87:
[37m      259 ‚îÇ ... } = await this.supabase.from('me_profile').select('*').single()[32m;[37m
          ‚ïµ                                                                    [32m^[0m


[31m‚úò [41;31m[[41;97mERROR[41;31m][0m [1mTS7006: Parameter 'error' implicitly has an 'any' type.[0m [1m[35m[plugin angular-compiler][0m

    src/app/core/services/profile.service.ts:261:8:
[37m      261 ‚îÇ     if ([32merror[37m) {
          ‚ïµ         [32m~~~~~[0m


[31m‚úò [41;31m[[41;97mERROR[41;31m][0m [1mTS1005: ',' expected.[0m [1m[35m[plugin angular-compiler][0m

    src/app/core/services/profile.service.ts:265:4:
[37m      265 ‚îÇ     [32mreturn[37m data as UserProfile;
          ‚ïµ     [32m~~~~~~[0m


[31m‚úò [41;31m[[41;97mERROR[41;31m][0m [1mTS1005: ':' expected.[0m [1m[35m[plugin angular-compiler][0m

    src/app/core/services/profile.service.ts:265:11:
[37m      265 ‚îÇ     return [32mdata[37m as UserProfile;
          ‚ïµ            [32m~~~~[0m


[31m‚úò [41;31m[[41;97mERROR[41;31m][0m [1mTS2448: Block-scoped variable 'data' used before its declaration.[0m [1m[35m[plugin angular-compiler][0m

    src/app/core/services/profile.service.ts:265:11:
[37m      265 ‚îÇ     return [32mdata[37m as UserProfile;
          ‚ïµ            [32m~~~~[0m

  'data' is declared here.

    src/app/core/services/profile.service.ts:337:12:
[37m      337 ‚îÇ     const { [32mdata[37m, error: insertError } = await this.supabase
          ‚ïµ             [32m~~~~[0m


[31m‚úò [41;31m[[41;97mERROR[41;31m][0m [1mTS1005: ',' expected.[0m [1m[35m[plugin angular-compiler][0m

    src/app/core/services/profile.service.ts:265:30:
[37m      265 ‚îÇ     return data as UserProfile[32m;[37m
          ‚ïµ                               [32m^[0m


[31m‚úò [41;31m[[41;97mERROR[41;31m][0m [1mTS1434: Unexpected keyword or identifier.[0m [1m[35m[plugin angular-compiler][0m

    src/app/core/services/profile.service.ts:272:2:
[37m      272 ‚îÇ   [32masync[37m updateProfileSafe(payload: Partial<UpdateProfileData>): P...
          ‚ïµ   [32m~~~~~[0m


[31m‚úò [41;31m[[41;97mERROR[41;31m][0m [1mTS2304: Cannot find name 'async'.[0m [1m[35m[plugin angular-compiler][0m

    src/app/core/services/profile.service.ts:272:2:
[37m      272 ‚îÇ   [32masync[37m updateProfileSafe(payload: Partial<UpdateProfileData>): P...
          ‚ïµ   [32m~~~~~[0m


[31m‚úò [41;31m[[41;97mERROR[41;31m][0m [1mTS2304: Cannot find name 'updateProfileSafe'.[0m [1m[35m[plugin angular-compiler][0m

    src/app/core/services/profile.service.ts:272:8:
[37m      272 ‚îÇ   async [32mupdateProfileSafe[37m(payload: Partial<UpdateProfileData>): P...
          ‚ïµ         [32m~~~~~~~~~~~~~~~~~[0m


[31m‚úò [41;31m[[41;97mERROR[41;31m][0m [1mTS2304: Cannot find name 'payload'.[0m [1m[35m[plugin angular-compiler][0m

    src/app/core/services/profile.service.ts:272:26:
[37m      272 ‚îÇ   async updateProfileSafe([32mpayload[37m: Partial<UpdateProfileData>): P...
          ‚ïµ                           [32m~~~~~~~[0m


[31m‚úò [41;31m[[41;97mERROR[41;31m][0m [1mTS1005: ',' expected.[0m [1m[35m[plugin angular-compiler][0m

    src/app/core/services/profile.service.ts:272:33:
[37m      272 ‚îÇ   async updateProfileSafe(payload[32m:[37m Partial<UpdateProfileData>): P...
          ‚ïµ                                  [32m^[0m


[31m‚úò [41;31m[[41;97mERROR[41;31m][0m [1mTS2693: 'Partial' only refers to a type, but is being used as a value here.[0m [1m[35m[plugin angular-compiler][0m

    src/app/core/services/profile.service.ts:272:35:
[37m      272 ‚îÇ ... updateProfileSafe(payload: [32mPartial[37m<UpdateProfileData>): Promi...
          ‚ïµ                                [32m~~~~~~~[0m


[31m‚úò [41;31m[[41;97mERROR[41;31m][0m [1mTS1005: ';' expected.[0m [1m[35m[plugin angular-compiler][0m

    src/app/core/services/profile.service.ts:272:62:
[37m      272 ‚îÇ ...Safe(payload: Partial<UpdateProfileData>)[32m:[37m Promise<UserProfile> {
          ‚ïµ                                             [32m^[0m


[31m‚úò [41;31m[[41;97mERROR[41;31m][0m [1mTS2365: Operator '>' cannot be applied to types 'boolean' and '{ const: any; if(error: any): never; return: UserProfile; }'.[0m [1m[35m[plugin angular-compiler][0m

    src/app/core/services/profile.service.ts:272:64:
[37m      272 ‚îÇ ...Safe(payload: Partial<UpdateProfileData>): [32mPromise<UserProfile> {[37m
          ‚ïµ                                               [32m~~~~~~~~~~~~~~~~~~~~~~[0m


[31m‚úò [41;31m[[41;97mERROR[41;31m][0m [1mTS2693: 'UserProfile' only refers to a type, but is being used as a value here.[0m [1m[35m[plugin angular-compiler][0m

    src/app/core/services/profile.service.ts:272:72:
[37m      272 ‚îÇ ...Safe(payload: Partial<UpdateProfileData>): Promise<[32mUserProfile[37m> {
          ‚ïµ                                                       [32m~~~~~~~~~~~[0m


[31m‚úò [41;31m[[41;97mERROR[41;31m][0m [1mTS1005: ':' expected.[0m [1m[35m[plugin angular-compiler][0m

    src/app/core/services/profile.service.ts:273:10:
[37m      273 ‚îÇ     const [32m{[37m data, error } = await this.supabase.rpc('update_profi...
          ‚ïµ           [32m^[0m


[31m‚úò [41;31m[[41;97mERROR[41;31m][0m [1mTS2448: Block-scoped variable 'data' used before its declaration.[0m [1m[35m[plugin angular-compiler][0m

    src/app/core/services/profile.service.ts:273:12:
[37m      273 ‚îÇ     const { [32mdata[37m, error } = await this.supabase.rpc('update_profi...
          ‚ïµ             [32m~~~~[0m

  'data' is declared here.

    src/app/core/services/profile.service.ts:337:12:
[37m      337 ‚îÇ     const { [32mdata[37m, error: insertError } = await this.supabase
          ‚ïµ             [32m~~~~[0m


[31m‚úò [41;31m[[41;97mERROR[41;31m][0m [1mTS2588: Cannot assign to 'data' because it is a constant.[0m [1m[35m[plugin angular-compiler][0m

    src/app/core/services/profile.service.ts:273:12:
[37m      273 ‚îÇ     const { [32mdata[37m, error } = await this.supabase.rpc('update_profi...
          ‚ïµ             [32m~~~~[0m


[31m‚úò [41;31m[[41;97mERROR[41;31m][0m [1mTS18004: No value exists in scope for the shorthand property 'error'. Either declare one or provide an initializer.[0m [1m[35m[plugin angular-compiler][0m

    src/app/core/services/profile.service.ts:273:18:
[37m      273 ‚îÇ     const { data, [32merror[37m } = await this.supabase.rpc('update_profi...
          ‚ïµ                   [32m~~~~~[0m


[31m‚úò [41;31m[[41;97mERROR[41;31m][0m [1mTS2532: Object is possibly 'undefined'.[0m [1m[35m[plugin angular-compiler][0m

    src/app/core/services/profile.service.ts:273:34:
[37m      273 ‚îÇ ...onst { data, error } = await [32mthis[37m.supabase.rpc('update_profile...
          ‚ïµ                                 [32m~~~~[0m


[31m‚úò [41;31m[[41;97mERROR[41;31m][0m [1mTS2304: Cannot find name 'payload'.[0m [1m[35m[plugin angular-compiler][0m

    src/app/core/services/profile.service.ts:274:16:
[37m      274 ‚îÇ       _payload: [32mpayload[37m,
          ‚ïµ                 [32m~~~~~~~[0m


[31m‚úò [41;31m[[41;97mERROR[41;31m][0m [1mTS1005: ',' expected.[0m [1m[35m[plugin angular-compiler][0m

    src/app/core/services/profile.service.ts:275:6:
[37m      275 ‚îÇ     })[32m;[37m
          ‚ïµ       [32m^[0m


[31m‚úò [41;31m[[41;97mERROR[41;31m][0m [1mTS7006: Parameter 'error' implicitly has an 'any' type.[0m [1m[35m[plugin angular-compiler][0m

    src/app/core/services/profile.service.ts:277:8:
[37m      277 ‚îÇ     if ([32merror[37m) {
          ‚ïµ         [32m~~~~~[0m


[31m‚úò [41;31m[[41;97mERROR[41;31m][0m [1mTS1005: ',' expected.[0m [1m[35m[plugin angular-compiler][0m

    src/app/core/services/profile.service.ts:281:4:
[37m      281 ‚îÇ     [32mreturn[37m data as UserProfile;
          ‚ïµ     [32m~~~~~~[0m


[31m‚úò [41;31m[[41;97mERROR[41;31m][0m [1mTS1005: ':' expected.[0m [1m[35m[plugin angular-compiler][0m

    src/app/core/services/profile.service.ts:281:11:
[37m      281 ‚îÇ     return [32mdata[37m as UserProfile;
          ‚ïµ            [32m~~~~[0m


[31m‚úò [41;31m[[41;97mERROR[41;31m][0m [1mTS2448: Block-scoped variable 'data' used before its declaration.[0m [1m[35m[plugin angular-compiler][0m

    src/app/core/services/profile.service.ts:281:11:
[37m      281 ‚îÇ     return [32mdata[37m as UserProfile;
          ‚ïµ            [32m~~~~[0m

  'data' is declared here.

    src/app/core/services/profile.service.ts:337:12:
[37m      337 ‚îÇ     const { [32mdata[37m, error: insertError } = await this.supabase
          ‚ïµ             [32m~~~~[0m


[31m‚úò [41;31m[[41;97mERROR[41;31m][0m [1mTS1005: ',' expected.[0m [1m[35m[plugin angular-compiler][0m

    src/app/core/services/profile.service.ts:281:30:
[37m      281 ‚îÇ     return data as UserProfile[32m;[37m
          ‚ïµ                               [32m^[0m


[31m‚úò [41;31m[[41;97mERROR[41;31m][0m [1mTS1434: Unexpected keyword or identifier.[0m [1m[35m[plugin angular-compiler][0m

    src/app/core/services/profile.service.ts:287:2:
[37m      287 ‚îÇ   [32masync[37m setAvatar(publicUrl: string): Promise<void> {
          ‚ïµ   [32m~~~~~[0m


[31m‚úò [41;31m[[41;97mERROR[41;31m][0m [1mTS2304: Cannot find name 'async'.[0m [1m[35m[plugin angular-compiler][0m

    src/app/core/services/profile.service.ts:287:2:
[37m      287 ‚îÇ   [32masync[37m setAvatar(publicUrl: string): Promise<void> {
          ‚ïµ   [32m~~~~~[0m


[31m‚úò [41;31m[[41;97mERROR[41;31m][0m [1mTS2304: Cannot find name 'setAvatar'.[0m [1m[35m[plugin angular-compiler][0m

    src/app/core/services/profile.service.ts:287:8:
[37m      287 ‚îÇ   async [32msetAvatar[37m(publicUrl: string): Promise<void> {
          ‚ïµ         [32m~~~~~~~~~[0m


[31m‚úò [41;31m[[41;97mERROR[41;31m][0m [1mTS2304: Cannot find name 'publicUrl'.[0m [1m[35m[plugin angular-compiler][0m

    src/app/core/services/profile.service.ts:287:18:
[37m      287 ‚îÇ   async setAvatar([32mpublicUrl[37m: string): Promise<void> {
          ‚ïµ                   [32m~~~~~~~~~[0m


[31m‚úò [41;31m[[41;97mERROR[41;31m][0m [1mTS1005: ',' expected.[0m [1m[35m[plugin angular-compiler][0m

    src/app/core/services/profile.service.ts:287:27:
[37m      287 ‚îÇ   async setAvatar(publicUrl[32m:[37m string): Promise<void> {
          ‚ïµ                            [32m^[0m


[31m‚úò [41;31m[[41;97mERROR[41;31m][0m [1mTS2693: 'string' only refers to a type, but is being used as a value here.[0m [1m[35m[plugin angular-compiler][0m

    src/app/core/services/profile.service.ts:287:29:
[37m      287 ‚îÇ   async setAvatar(publicUrl: [32mstring[37m): Promise<void> {
          ‚ïµ                              [32m~~~~~~[0m


[31m‚úò [41;31m[[41;97mERROR[41;31m][0m [1mTS1005: ';' expected.[0m [1m[35m[plugin angular-compiler][0m

    src/app/core/services/profile.service.ts:287:36:
[37m      287 ‚îÇ   async setAvatar(publicUrl: string)[32m:[37m Promise<void> {
          ‚ïµ                                     [32m^[0m


[31m‚úò [41;31m[[41;97mERROR[41;31m][0m [1mTS2365: Operator '>' cannot be applied to types 'boolean' and '{ const: any; if(error: any): never; }'.[0m [1m[35m[plugin angular-compiler][0m

    src/app/core/services/profile.service.ts:287:38:
[37m      287 ‚îÇ   async setAvatar(publicUrl: string): [32mPromise<void> {[37m
          ‚ïµ                                       [32m~~~~~~~~~~~~~~~[0m


[31m‚úò [41;31m[[41;97mERROR[41;31m][0m [1mTS2532: Object is possibly 'undefined'.[0m [1m[35m[plugin angular-compiler][0m

    src/app/core/services/profile.service.ts:287:46:
[37m      287 ‚îÇ   async setAvatar(publicUrl: string): Promise<[32mvoid[37m> {
          ‚ïµ                                               [32m~~~~[0m


[31m‚úò [41;31m[[41;97mERROR[41;31m][0m [1mTS1109: Expression expected.[0m [1m[35m[plugin angular-compiler][0m

    src/app/core/services/profile.service.ts:287:50:
[37m      287 ‚îÇ   async setAvatar(publicUrl: string): Promise<void[32m>[37m {
          ‚ïµ                                                   [32m^[0m


[31m‚úò [41;31m[[41;97mERROR[41;31m][0m [1mTS1005: ':' expected.[0m [1m[35m[plugin angular-compiler][0m

    src/app/core/services/profile.service.ts:288:10:
[37m      288 ‚îÇ     const [32m{[37m error } = await this.supabase.rpc('set_avatar', {
          ‚ïµ           [32m^[0m


[31m‚úò [41;31m[[41;97mERROR[41;31m][0m [1mTS18004: No value exists in scope for the shorthand property 'error'. Either declare one or provide an initializer.[0m [1m[35m[plugin angular-compiler][0m

    src/app/core/services/profile.service.ts:288:12:
[37m      288 ‚îÇ     const { [32merror[37m } = await this.supabase.rpc('set_avatar', {
          ‚ïµ             [32m~~~~~[0m


[31m‚úò [41;31m[[41;97mERROR[41;31m][0m [1mTS2532: Object is possibly 'undefined'.[0m [1m[35m[plugin angular-compiler][0m

    src/app/core/services/profile.service.ts:288:28:
[37m      288 ‚îÇ     const { error } = await [32mthis[37m.supabase.rpc('set_avatar', {
          ‚ïµ                             [32m~~~~[0m


[31m‚úò [41;31m[[41;97mERROR[41;31m][0m [1mTS2304: Cannot find name 'publicUrl'.[0m [1m[35m[plugin angular-compiler][0m

    src/app/core/services/profile.service.ts:289:19:
[37m      289 ‚îÇ       _public_url: [32mpublicUrl[37m,
          ‚ïµ                    [32m~~~~~~~~~[0m


[31m‚úò [41;31m[[41;97mERROR[41;31m][0m [1mTS1005: ',' expected.[0m [1m[35m[plugin angular-compiler][0m

    src/app/core/services/profile.service.ts:290:6:
[37m      290 ‚îÇ     })[32m;[37m
          ‚ïµ       [32m^[0m


[31m‚úò [41;31m[[41;97mERROR[41;31m][0m [1mTS7006: Parameter 'error' implicitly has an 'any' type.[0m [1m[35m[plugin angular-compiler][0m

    src/app/core/services/profile.service.ts:292:8:
[37m      292 ‚îÇ     if ([32merror[37m) {
          ‚ïµ         [32m~~~~~[0m


[31m‚úò [41;31m[[41;97mERROR[41;31m][0m [1mTS1434: Unexpected keyword or identifier.[0m [1m[35m[plugin angular-compiler][0m

    src/app/core/services/profile.service.ts:300:2:
[37m      300 ‚îÇ   [32masync[37m uploadDocument(file: File, kind: DocumentKind): Promise<U...
          ‚ïµ   [32m~~~~~[0m


[31m‚úò [41;31m[[41;97mERROR[41;31m][0m [1mTS2304: Cannot find name 'async'.[0m [1m[35m[plugin angular-compiler][0m

    src/app/core/services/profile.service.ts:300:2:
[37m      300 ‚îÇ   [32masync[37m uploadDocument(file: File, kind: DocumentKind): Promise<U...
          ‚ïµ   [32m~~~~~[0m


[31m‚úò [41;31m[[41;97mERROR[41;31m][0m [1mTS2304: Cannot find name 'uploadDocument'.[0m [1m[35m[plugin angular-compiler][0m

    src/app/core/services/profile.service.ts:300:8:
[37m      300 ‚îÇ   async [32muploadDocument[37m(file: File, kind: DocumentKind): Promise<U...
          ‚ïµ         [32m~~~~~~~~~~~~~~[0m


[31m‚úò [41;31m[[41;97mERROR[41;31m][0m [1mTS2304: Cannot find name 'file'.[0m [1m[35m[plugin angular-compiler][0m

    src/app/core/services/profile.service.ts:300:23:
[37m      300 ‚îÇ   async uploadDocument([32mfile[37m: File, kind: DocumentKind): Promise<U...
          ‚ïµ                        [32m~~~~[0m


[31m‚úò [41;31m[[41;97mERROR[41;31m][0m [1mTS1005: ',' expected.[0m [1m[35m[plugin angular-compiler][0m

    src/app/core/services/profile.service.ts:300:27:
[37m      300 ‚îÇ   async uploadDocument(file[32m:[37m File, kind: DocumentKind): Promise<U...
          ‚ïµ                            [32m^[0m


[31m‚úò [41;31m[[41;97mERROR[41;31m][0m [1mTS2304: Cannot find name 'kind'.[0m [1m[35m[plugin angular-compiler][0m

    src/app/core/services/profile.service.ts:300:35:
[37m      300 ‚îÇ ...c uploadDocument(file: File, [32mkind[37m: DocumentKind): Promise<User...
          ‚ïµ                                 [32m~~~~[0m


[31m‚úò [41;31m[[41;97mERROR[41;31m][0m [1mTS1005: ',' expected.[0m [1m[35m[plugin angular-compiler][0m

    src/app/core/services/profile.service.ts:300:39:
[37m      300 ‚îÇ ...uploadDocument(file: File, kind[32m:[37m DocumentKind): Promise<UserDo...
          ‚ïµ                                   [32m^[0m


[31m‚úò [41;31m[[41;97mERROR[41;31m][0m [1mTS2693: 'DocumentKind' only refers to a type, but is being used as a value here.[0m [1m[35m[plugin angular-compiler][0m

    src/app/core/services/profile.service.ts:300:41:
[37m      300 ‚îÇ ...Document(file: File, kind: [32mDocumentKind[37m): Promise<UserDocument> {
          ‚ïµ                               [32m~~~~~~~~~~~~[0m


[31m‚úò [41;31m[[41;97mERROR[41;31m][0m [1mTS1005: ';' expected.[0m [1m[35m[plugin angular-compiler][0m

    src/app/core/services/profile.service.ts:300:54:
[37m      300 ‚îÇ ...Document(file: File, kind: DocumentKind)[32m:[37m Promise<UserDocument> {
          ‚ïµ                                            [32m^[0m


[31m‚úò [41;31m[[41;97mERROR[41;31m][0m [1mTS2365: Operator '>' cannot be applied to types 'boolean' and '{ const: string[]; if(: any, user: any): never; if(: any, allowedTypes: any): any; "": any; }'.[0m [1m[35m[plugin angular-compiler][0m

    src/app/core/services/profile.service.ts:300:56:
[37m      300 ‚îÇ ...Document(file: File, kind: DocumentKind): [32mPromise<UserDocument> {[37m
          ‚ïµ                                              [32m~~~~~~~~~~~~~~~~~~~~~~~[0m


[31m‚úò [41;31m[[41;97mERROR[41;31m][0m [1mTS2693: 'UserDocument' only refers to a type, but is being used as a value here.[0m [1m[35m[plugin angular-compiler][0m

    src/app/core/services/profile.service.ts:300:64:
[37m      300 ‚îÇ ...Document(file: File, kind: DocumentKind): Promise<[32mUserDocument[37m> {
          ‚ïµ                                                      [32m~~~~~~~~~~~~[0m


[31m‚úò [41;31m[[41;97mERROR[41;31m][0m [1mTS1005: ':' expected.[0m [1m[35m[plugin angular-compiler][0m

    src/app/core/services/profile.service.ts:301:10:
[37m      301 ‚îÇ     const [32m{[37m
          ‚ïµ           [32m^[0m


[31m‚úò [41;31m[[41;97mERROR[41;31m][0m [1mTS18004: No value exists in scope for the shorthand property 'user'. Either declare one or provide an initializer.[0m [1m[35m[plugin angular-compiler][0m

    src/app/core/services/profile.service.ts:302:14:
[37m      302 ‚îÇ       data: { [32muser[37m },
          ‚ïµ               [32m~~~~[0m


[31m‚úò [41;31m[[41;97mERROR[41;31m][0m [1mTS2532: Object is possibly 'undefined'.[0m [1m[35m[plugin angular-compiler][0m

    src/app/core/services/profile.service.ts:303:14:
[37m      303 ‚îÇ     } = await [32mthis[37m.supabase.auth.getUser();
          ‚ïµ               [32m~~~~[0m


[31m‚úò [41;31m[[41;97mERROR[41;31m][0m [1mTS1005: ',' expected.[0m [1m[35m[plugin angular-compiler][0m

    src/app/core/services/profile.service.ts:303:42:
[37m      303 ‚îÇ     } = await this.supabase.auth.getUser()[32m;[37m
          ‚ïµ                                           [32m^[0m


[31m‚úò [41;31m[[41;97mERROR[41;31m][0m [1mTS1003: Identifier expected.[0m [1m[35m[plugin angular-compiler][0m

    src/app/core/services/profile.service.ts:305:8:
[37m      305 ‚îÇ     if ([32m![37muser) {
          ‚ïµ         [32m^[0m


[31m‚úò [41;31m[[41;97mERROR[41;31m][0m [1mTS7006: Parameter '(Missing)' implicitly has an 'any' type.[0m [1m[35m[plugin angular-compiler][0m

    src/app/core/services/profile.service.ts:305:8:
[37m      305 ‚îÇ     if ([32m[37m!user) {
          ‚ïµ         [32m^[0m


[31m‚úò [41;31m[[41;97mERROR[41;31m][0m [1mTS7006: Parameter 'user' implicitly has an 'any' type.[0m [1m[35m[plugin angular-compiler][0m

    src/app/core/services/profile.service.ts:305:9:
[37m      305 ‚îÇ     if (![32muser[37m) {
          ‚ïµ          [32m~~~~[0m


[31m‚úò [41;31m[[41;97mERROR[41;31m][0m [1mTS1005: ',' expected.[0m [1m[35m[plugin angular-compiler][0m

    src/app/core/services/profile.service.ts:310:4:
[37m      310 ‚îÇ     [32mconst[37m allowedTypes = ['image/jpeg', 'image/jpg', 'image/png',...
          ‚ïµ     [32m~~~~~[0m


[31m‚úò [41;31m[[41;97mERROR[41;31m][0m [1mTS1005: ':' expected.[0m [1m[35m[plugin angular-compiler][0m

    src/app/core/services/profile.service.ts:310:10:
[37m      310 ‚îÇ     const [32mallowedTypes[37m = ['image/jpeg', 'image/jpg', 'image/png',...
          ‚ïµ           [32m~~~~~~~~~~~~[0m


[31m‚úò [41;31m[[41;97mERROR[41;31m][0m [1mTS2304: Cannot find name 'allowedTypes'.[0m [1m[35m[plugin angular-compiler][0m

    src/app/core/services/profile.service.ts:310:10:
[37m      310 ‚îÇ     const [32mallowedTypes[37m = ['image/jpeg', 'image/jpg', 'image/png',...
          ‚ïµ           [32m~~~~~~~~~~~~[0m


[31m‚úò [41;31m[[41;97mERROR[41;31m][0m [1mTS1005: ',' expected.[0m [1m[35m[plugin angular-compiler][0m

    src/app/core/services/profile.service.ts:310:84:
[37m      310 ‚îÇ ...es = ['image/jpeg', 'image/jpg', 'image/png', 'application/pdf'][32m;[37m
          ‚ïµ                                                                    [32m^[0m


[31m‚úò [41;31m[[41;97mERROR[41;31m][0m [1mTS1003: Identifier expected.[0m [1m[35m[plugin angular-compiler][0m

    src/app/core/services/profile.service.ts:311:8:
[37m      311 ‚îÇ     if ([32m![37mallowedTypes.includes(file.type)) {
          ‚ïµ         [32m^[0m


[31m‚úò [41;31m[[41;97mERROR[41;31m][0m [1mTS7006: Parameter '(Missing)' implicitly has an 'any' type.[0m [1m[35m[plugin angular-compiler][0m

    src/app/core/services/profile.service.ts:311:8:
[37m      311 ‚îÇ     if ([32m[37m!allowedTypes.includes(file.type)) {
          ‚ïµ         [32m^[0m


[31m‚úò [41;31m[[41;97mERROR[41;31m][0m [1mTS7006: Parameter 'allowedTypes' implicitly has an 'any' type.[0m [1m[35m[plugin angular-compiler][0m

    src/app/core/services/profile.service.ts:311:9:
[37m      311 ‚îÇ     if (![32mallowedTypes[37m.includes(file.type)) {
          ‚ïµ          [32m~~~~~~~~~~~~[0m


[31m‚úò [41;31m[[41;97mERROR[41;31m][0m [1mTS1005: ',' expected.[0m [1m[35m[plugin angular-compiler][0m

    src/app/core/services/profile.service.ts:311:21:
[37m      311 ‚îÇ     if (!allowedTypes[32m.[37mincludes(file.type)) {
          ‚ïµ                      [32m^[0m


[31m‚úò [41;31m[[41;97mERROR[41;31m][0m [1mTS2304: Cannot find name 'file'.[0m [1m[35m[plugin angular-compiler][0m

    src/app/core/services/profile.service.ts:311:31:
[37m      311 ‚îÇ     if (!allowedTypes.includes([32mfile[37m.type)) {
          ‚ïµ                                [32m~~~~[0m


[31m‚úò [41;31m[[41;97mERROR[41;31m][0m [1mTS1005: ',' expected.[0m [1m[35m[plugin angular-compiler][0m

    src/app/core/services/profile.service.ts:311:41:
[37m      311 ‚îÇ     if (!allowedTypes.includes(file.type)[32m)[37m {
          ‚ïµ                                          [32m^[0m


[31m‚úò [41;31m[[41;97mERROR[41;31m][0m [1mTS1136: Property assignment expected.[0m [1m[35m[plugin angular-compiler][0m

    src/app/core/services/profile.service.ts:311:43:
[37m      311 ‚îÇ     if (!allowedTypes.includes(file.type)) [32m{[37m
          ‚ïµ                                            [32m^[0m


[31m‚úò [41;31m[[41;97mERROR[41;31m][0m [1mTS2304: Cannot find name 'file'.[0m [1m[35m[plugin angular-compiler][0m

    src/app/core/services/profile.service.ts:316:8:
[37m      316 ‚îÇ     if ([32mfile[37m.size > 5 * 1024 * 1024) {
          ‚ïµ         [32m~~~~[0m


[31m‚úò [41;31m[[41;97mERROR[41;31m][0m [1mTS2304: Cannot find name 'file'.[0m [1m[35m[plugin angular-compiler][0m

    src/app/core/services/profile.service.ts:320:22:
[37m      320 ‚îÇ     const extension = [32mfile[37m.name.split('.').pop() ?? 'jpg';
          ‚ïµ                       [32m~~~~[0m


[31m‚úò [41;31m[[41;97mERROR[41;31m][0m [1mTS2304: Cannot find name 'kind'.[0m [1m[35m[plugin angular-compiler][0m

    src/app/core/services/profile.service.ts:321:36:
[37m      321 ‚îÇ     const filename = `${uuidv4()}-${[32mkind[37m}.${extension}`;
          ‚ïµ                                     [32m~~~~[0m


[31m‚úò [41;31m[[41;97mERROR[41;31m][0m [1mTS2304: Cannot find name 'user'.[0m [1m[35m[plugin angular-compiler][0m

    src/app/core/services/profile.service.ts:322:24:
[37m      322 ‚îÇ     const filePath = `${[32muser[37m.id}/${filename}`;
          ‚ïµ                         [32m~~~~[0m


[31m‚úò [41;31m[[41;97mERROR[41;31m][0m [1mTS2532: Object is possibly 'undefined'.[0m [1m[35m[plugin angular-compiler][0m

    src/app/core/services/profile.service.ts:325:41:
[37m      325 ‚îÇ     const { error: uploadError } = await [32mthis[37m.supabase.storage
          ‚ïµ                                          [32m~~~~[0m


[31m‚úò [41;31m[[41;97mERROR[41;31m][0m [1mTS2304: Cannot find name 'file'.[0m [1m[35m[plugin angular-compiler][0m

    src/app/core/services/profile.service.ts:327:24:
[37m      327 ‚îÇ       .upload(filePath, [32mfile[37m, {
          ‚ïµ                         [32m~~~~[0m


[31m‚úò [41;31m[[41;97mERROR[41;31m][0m [1mTS2532: Object is possibly 'undefined'.[0m [1m[35m[plugin angular-compiler][0m

    src/app/core/services/profile.service.ts:337:47:
[37m      337 ‚îÇ     const { data, error: insertError } = await [32mthis[37m.supabase
          ‚ïµ                                                [32m~~~~[0m


[31m‚úò [41;31m[[41;97mERROR[41;31m][0m [1mTS2304: Cannot find name 'user'.[0m [1m[35m[plugin angular-compiler][0m

    src/app/core/services/profile.service.ts:340:17:
[37m      340 ‚îÇ         user_id: [32muser[37m.id,
          ‚ïµ                  [32m~~~~[0m


[31m‚úò [41;31m[[41;97mERROR[41;31m][0m [1mTS18004: No value exists in scope for the shorthand property 'kind'. Either declare one or provide an initializer.[0m [1m[35m[plugin angular-compiler][0m

    src/app/core/services/profile.service.ts:341:8:
[37m      341 ‚îÇ         [32mkind[37m,
          ‚ïµ         [32m~~~~[0m


[31m‚úò [41;31m[[41;97mERROR[41;31m][0m [1mTS2532: Object is possibly 'undefined'.[0m [1m[35m[plugin angular-compiler][0m

    src/app/core/services/profile.service.ts:350:12:
[37m      350 ‚îÇ       await [32mthis[37m.supabase.storage.from('documents').remove([fileP...
          ‚ïµ             [32m~~~~[0m


[31m‚úò [41;31m[[41;97mERROR[41;31m][0m [1mTS2532: Object is possibly 'undefined'.[0m [1m[35m[plugin angular-compiler][0m

    src/app/core/services/profile.service.ts:356:12:
[37m      356 ‚îÇ       await [32mthis[37m.supabase.functions.invoke('verify-user-docs', {
          ‚ïµ             [32m~~~~[0m


[31m‚úò [41;31m[[41;97mERROR[41;31m][0m [1mTS18004: No value exists in scope for the shorthand property 'kind'. Either declare one or provide an initializer.[0m [1m[35m[plugin angular-compiler][0m

    src/app/core/services/profile.service.ts:359:10:
[37m      359 ‚îÇ           [32mkind[37m,
          ‚ïµ           [32m~~~~[0m


[31m‚úò [41;31m[[41;97mERROR[41;31m][0m [1mTS1128: Declaration or statement expected.[0m [1m[35m[plugin angular-compiler][0m

    src/app/core/services/profile.service.ts:368:2:
[37m      368 ‚îÇ   [32m}[37m
          ‚ïµ   [32m^[0m


[31m‚úò [41;31m[[41;97mERROR[41;31m][0m [1mTS1434: Unexpected keyword or identifier.[0m [1m[35m[plugin angular-compiler][0m

    src/app/core/services/profile.service.ts:373:2:
[37m      373 ‚îÇ   [32masync[37m getMyDocuments(): Promise<UserDocument[]> {
          ‚ïµ   [32m~~~~~[0m


[31m‚úò [41;31m[[41;97mERROR[41;31m][0m [1mTS2304: Cannot find name 'async'.[0m [1m[35m[plugin angular-compiler][0m

    src/app/core/services/profile.service.ts:373:2:
[37m      373 ‚îÇ   [32masync[37m getMyDocuments(): Promise<UserDocument[]> {
          ‚ïµ   [32m~~~~~[0m


[31m‚úò [41;31m[[41;97mERROR[41;31m][0m [1mTS2304: Cannot find name 'getMyDocuments'.[0m [1m[35m[plugin angular-compiler][0m

    src/app/core/services/profile.service.ts:373:8:
[37m      373 ‚îÇ   async [32mgetMyDocuments[37m(): Promise<UserDocument[]> {
          ‚ïµ         [32m~~~~~~~~~~~~~~[0m


[31m‚úò [41;31m[[41;97mERROR[41;31m][0m [1mTS1005: ';' expected.[0m [1m[35m[plugin angular-compiler][0m

    src/app/core/services/profile.service.ts:373:24:
[37m      373 ‚îÇ   async getMyDocuments()[32m:[37m Promise<UserDocument[]> {
          ‚ïµ                         [32m^[0m


[31m‚úò [41;31m[[41;97mERROR[41;31m][0m [1mTS2365: Operator '>' cannot be applied to types 'boolean' and '{ const: any; if(: any, user: any): never; if(error: any): never; return(data: any, as: any, UserDocument: any, []: Iterable<any, void, undefined>): any; }'.[0m [1m[35m[plugin angular-compiler][0m

    src/app/core/services/profile.service.ts:373:26:
[37m      373 ‚îÇ   async getMyDocuments(): [32mPromise<UserDocument[]> {[37m
          ‚ïµ                           [32m~~~~~~~~~~~~~~~~~~~~~~~~~[0m


[31m‚úò [41;31m[[41;97mERROR[41;31m][0m [1mTS2869: Right operand of ?? is unreachable because the left operand is never nullish.[0m [1m[35m[plugin angular-compiler][0m

    src/app/core/services/profile.service.ts:373:26:
[37m      373 ‚îÇ   async getMyDocuments(): [32mPromise<UserDocument[]> {[37m
          ‚ïµ                           [32m~~~~~~~~~~~~~~~~~~~~~~~~~[0m


[31m‚úò [41;31m[[41;97mERROR[41;31m][0m [1mTS2693: 'UserDocument' only refers to a type, but is being used as a value here.[0m [1m[35m[plugin angular-compiler][0m

    src/app/core/services/profile.service.ts:373:34:
[37m      373 ‚îÇ   async getMyDocuments(): Promise<[32mUserDocument[37m[]> {
          ‚ïµ                                   [32m~~~~~~~~~~~~[0m


[31m‚úò [41;31m[[41;97mERROR[41;31m][0m [1mTS1011: An element access expression should take an argument.[0m [1m[35m[plugin angular-compiler][0m

    src/app/core/services/profile.service.ts:373:47:
[37m      373 ‚îÇ   async getMyDocuments(): Promise<UserDocument[[32m[37m]> {
          ‚ïµ                                                [32m^[0m


[31m‚úò [41;31m[[41;97mERROR[41;31m][0m [1mTS1005: ':' expected.[0m [1m[35m[plugin angular-compiler][0m

    src/app/core/services/profile.service.ts:374:10:
[37m      374 ‚îÇ     const [32m{[37m
          ‚ïµ           [32m^[0m


[31m‚úò [41;31m[[41;97mERROR[41;31m][0m [1mTS18004: No value exists in scope for the shorthand property 'user'. Either declare one or provide an initializer.[0m [1m[35m[plugin angular-compiler][0m

    src/app/core/services/profile.service.ts:375:14:
[37m      375 ‚îÇ       data: { [32muser[37m },
          ‚ïµ               [32m~~~~[0m


[31m‚úò [41;31m[[41;97mERROR[41;31m][0m [1mTS2532: Object is possibly 'undefined'.[0m [1m[35m[plugin angular-compiler][0m

    src/app/core/services/profile.service.ts:376:14:
[37m      376 ‚îÇ     } = await [32mthis[37m.supabase.auth.getUser();
          ‚ïµ               [32m~~~~[0m


[31m‚úò [41;31m[[41;97mERROR[41;31m][0m [1mTS1005: ',' expected.[0m [1m[35m[plugin angular-compiler][0m

    src/app/core/services/profile.service.ts:376:42:
[37m      376 ‚îÇ     } = await this.supabase.auth.getUser()[32m;[37m
          ‚ïµ                                           [32m^[0m


[31m‚úò [41;31m[[41;97mERROR[41;31m][0m [1mTS1003: Identifier expected.[0m [1m[35m[plugin angular-compiler][0m

    src/app/core/services/profile.service.ts:378:8:
[37m      378 ‚îÇ     if ([32m![37muser) {
          ‚ïµ         [32m^[0m


[31m‚úò [41;31m[[41;97mERROR[41;31m][0m [1mTS7006: Parameter '(Missing)' implicitly has an 'any' type.[0m [1m[35m[plugin angular-compiler][0m

    src/app/core/services/profile.service.ts:378:8:
[37m      378 ‚îÇ     if ([32m[37m!user) {
          ‚ïµ         [32m^[0m


[31m‚úò [41;31m[[41;97mERROR[41;31m][0m [1mTS7006: Parameter 'user' implicitly has an 'any' type.[0m [1m[35m[plugin angular-compiler][0m

    src/app/core/services/profile.service.ts:378:9:
[37m      378 ‚îÇ     if (![32muser[37m) {
          ‚ïµ          [32m~~~~[0m


[31m‚úò [41;31m[[41;97mERROR[41;31m][0m [1mTS1005: ',' expected.[0m [1m[35m[plugin angular-compiler][0m

    src/app/core/services/profile.service.ts:382:4:
[37m      382 ‚îÇ     [32mconst[37m { data, error } = await this.supabase
          ‚ïµ     [32m~~~~~[0m


[31m‚úò [41;31m[[41;97mERROR[41;31m][0m [1mTS1005: ':' expected.[0m [1m[35m[plugin angular-compiler][0m

    src/app/core/services/profile.service.ts:382:10:
[37m      382 ‚îÇ     const [32m{[37m data, error } = await this.supabase
          ‚ïµ           [32m^[0m


[31m‚úò [41;31m[[41;97mERROR[41;31m][0m [1mTS2588: Cannot assign to 'data' because it is a constant.[0m [1m[35m[plugin angular-compiler][0m

    src/app/core/services/profile.service.ts:382:12:
[37m      382 ‚îÇ     const { [32mdata[37m, error } = await this.supabase
          ‚ïµ             [32m~~~~[0m


[31m‚úò [41;31m[[41;97mERROR[41;31m][0m [1mTS18004: No value exists in scope for the shorthand property 'error'. Either declare one or provide an initializer.[0m [1m[35m[plugin angular-compiler][0m

    src/app/core/services/profile.service.ts:382:18:
[37m      382 ‚îÇ     const { data, [32merror[37m } = await this.supabase
          ‚ïµ                   [32m~~~~~[0m


[31m‚úò [41;31m[[41;97mERROR[41;31m][0m [1mTS2532: Object is possibly 'undefined'.[0m [1m[35m[plugin angular-compiler][0m

    src/app/core/services/profile.service.ts:382:34:
[37m      382 ‚îÇ     const { data, error } = await [32mthis[37m.supabase
          ‚ïµ                                   [32m~~~~[0m


[31m‚úò [41;31m[[41;97mERROR[41;31m][0m [1mTS2304: Cannot find name 'user'.[0m [1m[35m[plugin angular-compiler][0m

    src/app/core/services/profile.service.ts:385:21:
[37m      385 ‚îÇ       .eq('user_id', [32muser[37m.id)
          ‚ïµ                      [32m~~~~[0m


[31m‚úò [41;31m[[41;97mERROR[41;31m][0m [1mTS1005: ',' expected.[0m [1m[35m[plugin angular-compiler][0m

    src/app/core/services/profile.service.ts:386:48:
[37m      386 ‚îÇ       .order('created_at', { ascending: false })[32m;[37m
          ‚ïµ                                                 [32m^[0m


[31m‚úò [41;31m[[41;97mERROR[41;31m][0m [1mTS7006: Parameter 'error' implicitly has an 'any' type.[0m [1m[35m[plugin angular-compiler][0m

    src/app/core/services/profile.service.ts:388:8:
[37m      388 ‚îÇ     if ([32merror[37m) {
          ‚ïµ         [32m~~~~~[0m


[31m‚úò [41;31m[[41;97mERROR[41;31m][0m [1mTS1005: ',' expected.[0m [1m[35m[plugin angular-compiler][0m

    src/app/core/services/profile.service.ts:392:4:
[37m      392 ‚îÇ     [32mreturn[37m (data as UserDocument[]) ?? [];
          ‚ïµ     [32m~~~~~~[0m


[31m‚úò [41;31m[[41;97mERROR[41;31m][0m [1mTS7006: Parameter 'data' implicitly has an 'any' type.[0m [1m[35m[plugin angular-compiler][0m

    src/app/core/services/profile.service.ts:392:12:
[37m      392 ‚îÇ     return ([32mdata[37m as UserDocument[]) ?? [];
          ‚ïµ             [32m~~~~[0m


[31m‚úò [41;31m[[41;97mERROR[41;31m][0m [1mTS1005: ',' expected.[0m [1m[35m[plugin angular-compiler][0m

    src/app/core/services/profile.service.ts:392:17:
[37m      392 ‚îÇ     return (data [32mas[37m UserDocument[]) ?? [];
          ‚ïµ                  [32m~~[0m


[31m‚úò [41;31m[[41;97mERROR[41;31m][0m [1mTS7006: Parameter 'as' implicitly has an 'any' type.[0m [1m[35m[plugin angular-compiler][0m

    src/app/core/services/profile.service.ts:392:17:
[37m      392 ‚îÇ     return (data [32mas[37m UserDocument[]) ?? [];
          ‚ïµ                  [32m~~[0m


[31m‚úò [41;31m[[41;97mERROR[41;31m][0m [1mTS1005: ',' expected.[0m [1m[35m[plugin angular-compiler][0m

    src/app/core/services/profile.service.ts:392:20:
[37m      392 ‚îÇ     return (data as [32mUserDocument[37m[]) ?? [];
          ‚ïµ                     [32m~~~~~~~~~~~~[0m


[31m‚úò [41;31m[[41;97mERROR[41;31m][0m [1mTS7006: Parameter 'UserDocument' implicitly has an 'any' type.[0m [1m[35m[plugin angular-compiler][0m

    src/app/core/services/profile.service.ts:392:20:
[37m      392 ‚îÇ     return (data as [32mUserDocument[37m[]) ?? [];
          ‚ïµ                     [32m~~~~~~~~~~~~[0m


[31m‚úò [41;31m[[41;97mERROR[41;31m][0m [1mTS1005: ',' expected.[0m [1m[35m[plugin angular-compiler][0m

    src/app/core/services/profile.service.ts:392:32:
[37m      392 ‚îÇ     return (data as UserDocument[32m[[37m]) ?? [];
          ‚ïµ                                 [32m^[0m


[31m‚úò [41;31m[[41;97mERROR[41;31m][0m [1mTS1005: '{' expected.[0m [1m[35m[plugin angular-compiler][0m

    src/app/core/services/profile.service.ts:392:36:
[37m      392 ‚îÇ     return (data as UserDocument[]) [32m??[37m [];
          ‚ïµ                                     [32m~~[0m


[31m‚úò [41;31m[[41;97mERROR[41;31m][0m [1mTS1128: Declaration or statement expected.[0m [1m[35m[plugin angular-compiler][0m

    src/app/core/services/profile.service.ts:393:2:
[37m      393 ‚îÇ   [32m}[37m
          ‚ïµ   [32m^[0m


[31m‚úò [41;31m[[41;97mERROR[41;31m][0m [1mTS1434: Unexpected keyword or identifier.[0m [1m[35m[plugin angular-compiler][0m

    src/app/core/services/profile.service.ts:398:2:
[37m      398 ‚îÇ   [32masync[37m getDocument(documentId: string): Promise<UserDocument | n...
          ‚ïµ   [32m~~~~~[0m


[31m‚úò [41;31m[[41;97mERROR[41;31m][0m [1mTS2304: Cannot find name 'async'.[0m [1m[35m[plugin angular-compiler][0m

    src/app/core/services/profile.service.ts:398:2:
[37m      398 ‚îÇ   [32masync[37m getDocument(documentId: string): Promise<UserDocument | n...
          ‚ïµ   [32m~~~~~[0m


[31m‚úò [41;31m[[41;97mERROR[41;31m][0m [1mTS2304: Cannot find name 'getDocument'.[0m [1m[35m[plugin angular-compiler][0m

    src/app/core/services/profile.service.ts:398:8:
[37m      398 ‚îÇ   async [32mgetDocument[37m(documentId: string): Promise<UserDocument | n...
          ‚ïµ         [32m~~~~~~~~~~~[0m


[31m‚úò [41;31m[[41;97mERROR[41;31m][0m [1mTS2304: Cannot find name 'documentId'.[0m [1m[35m[plugin angular-compiler][0m

    src/app/core/services/profile.service.ts:398:20:
[37m      398 ‚îÇ   async getDocument([32mdocumentId[37m: string): Promise<UserDocument | n...
          ‚ïµ                     [32m~~~~~~~~~~[0m


[31m‚úò [41;31m[[41;97mERROR[41;31m][0m [1mTS1005: ',' expected.[0m [1m[35m[plugin angular-compiler][0m

    src/app/core/services/profile.service.ts:398:30:
[37m      398 ‚îÇ   async getDocument(documentId[32m:[37m string): Promise<UserDocument | n...
          ‚ïµ                               [32m^[0m


[31m‚úò [41;31m[[41;97mERROR[41;31m][0m [1mTS2693: 'string' only refers to a type, but is being used as a value here.[0m [1m[35m[plugin angular-compiler][0m

    src/app/core/services/profile.service.ts:398:32:
[37m      398 ‚îÇ ...ync getDocument(documentId: [32mstring[37m): Promise<UserDocument | nu...
          ‚ïµ                                [32m~~~~~~[0m


[31m‚úò [41;31m[[41;97mERROR[41;31m][0m [1mTS1005: ';' expected.[0m [1m[35m[plugin angular-compiler][0m

    src/app/core/services/profile.service.ts:398:39:
[37m      398 ‚îÇ ...c getDocument(documentId: string)[32m:[37m Promise<UserDocument | null> {
          ‚ïµ                                     [32m^[0m


[31m‚úò [41;31m[[41;97mERROR[41;31m][0m [1mTS2447: The '|' operator is not allowed for boolean types. Consider using '||' instead.[0m [1m[35m[plugin angular-compiler][0m

    src/app/core/services/profile.service.ts:398:41:
[37m      398 ‚îÇ ...c getDocument(documentId: string): [32mPromise<UserDocument | null> {[37m
          ‚ïµ                                       [32m~~~~~~~~~~~~~~~~~~~~~~~~~~~~~~[0m


[31m‚úò [41;31m[[41;97mERROR[41;31m][0m [1mTS2693: 'UserDocument' only refers to a type, but is being used as a value here.[0m [1m[35m[plugin angular-compiler][0m

    src/app/core/services/profile.service.ts:398:49:
[37m      398 ‚îÇ ...c getDocument(documentId: string): Promise<[32mUserDocument[37m | null> {
          ‚ïµ                                               [32m~~~~~~~~~~~~[0m


[31m‚úò [41;31m[[41;97mERROR[41;31m][0m [1mTS18050: The value 'null' cannot be used here.[0m [1m[35m[plugin angular-compiler][0m

    src/app/core/services/profile.service.ts:398:64:
[37m      398 ‚îÇ ...c getDocument(documentId: string): Promise<UserDocument | [32mnull[37m> {
          ‚ïµ                                                              [32m~~~~[0m


[31m‚úò [41;31m[[41;97mERROR[41;31m][0m [1mTS1005: ':' expected.[0m [1m[35m[plugin angular-compiler][0m

    src/app/core/services/profile.service.ts:399:10:
[37m      399 ‚îÇ     const [32m{[37m data, error } = await this.supabase
          ‚ïµ           [32m^[0m


[31m‚úò [41;31m[[41;97mERROR[41;31m][0m [1mTS2588: Cannot assign to 'data' because it is a constant.[0m [1m[35m[plugin angular-compiler][0m

    src/app/core/services/profile.service.ts:399:12:
[37m      399 ‚îÇ     const { [32mdata[37m, error } = await this.supabase
          ‚ïµ             [32m~~~~[0m


[31m‚úò [41;31m[[41;97mERROR[41;31m][0m [1mTS18004: No value exists in scope for the shorthand property 'error'. Either declare one or provide an initializer.[0m [1m[35m[plugin angular-compiler][0m

    src/app/core/services/profile.service.ts:399:18:
[37m      399 ‚îÇ     const { data, [32merror[37m } = await this.supabase
          ‚ïµ                   [32m~~~~~[0m


[31m‚úò [41;31m[[41;97mERROR[41;31m][0m [1mTS2532: Object is possibly 'undefined'.[0m [1m[35m[plugin angular-compiler][0m

    src/app/core/services/profile.service.ts:399:34:
[37m      399 ‚îÇ     const { data, error } = await [32mthis[37m.supabase
          ‚ïµ                                   [32m~~~~[0m


[31m‚úò [41;31m[[41;97mERROR[41;31m][0m [1mTS2304: Cannot find name 'documentId'.[0m [1m[35m[plugin angular-compiler][0m

    src/app/core/services/profile.service.ts:402:16:
[37m      402 ‚îÇ       .eq('id', [32mdocumentId[37m)
          ‚ïµ                 [32m~~~~~~~~~~[0m


[31m‚úò [41;31m[[41;97mERROR[41;31m][0m [1mTS1005: ',' expected.[0m [1m[35m[plugin angular-compiler][0m

    src/app/core/services/profile.service.ts:403:15:
[37m      403 ‚îÇ       .single()[32m;[37m
          ‚ïµ                [32m^[0m


[31m‚úò [41;31m[[41;97mERROR[41;31m][0m [1mTS7006: Parameter 'error' implicitly has an 'any' type.[0m [1m[35m[plugin angular-compiler][0m

    src/app/core/services/profile.service.ts:405:8:
[37m      405 ‚îÇ     if ([32merror[37m) {
          ‚ïµ         [32m~~~~~[0m


[31m‚úò [41;31m[[41;97mERROR[41;31m][0m [1mTS1005: ',' expected.[0m [1m[35m[plugin angular-compiler][0m

    src/app/core/services/profile.service.ts:410:4:
[37m      410 ‚îÇ     [32mreturn[37m data as UserDocument;
          ‚ïµ     [32m~~~~~~[0m


[31m‚úò [41;31m[[41;97mERROR[41;31m][0m [1mTS1005: ':' expected.[0m [1m[35m[plugin angular-compiler][0m

    src/app/core/services/profile.service.ts:410:11:
[37m      410 ‚îÇ     return [32mdata[37m as UserDocument;
          ‚ïµ            [32m~~~~[0m


[31m‚úò [41;31m[[41;97mERROR[41;31m][0m [1mTS1005: ',' expected.[0m [1m[35m[plugin angular-compiler][0m

    src/app/core/services/profile.service.ts:410:31:
[37m      410 ‚îÇ     return data as UserDocument[32m;[37m
          ‚ïµ                                [32m^[0m


[31m‚úò [41;31m[[41;97mERROR[41;31m][0m [1mTS1434: Unexpected keyword or identifier.[0m [1m[35m[plugin angular-compiler][0m

    src/app/core/services/profile.service.ts:416:2:
[37m      416 ‚îÇ   [32masync[37m deleteDocument(documentId: string): Promise<void> {
          ‚ïµ   [32m~~~~~[0m


[31m‚úò [41;31m[[41;97mERROR[41;31m][0m [1mTS2304: Cannot find name 'async'.[0m [1m[35m[plugin angular-compiler][0m

    src/app/core/services/profile.service.ts:416:2:
[37m      416 ‚îÇ   [32masync[37m deleteDocument(documentId: string): Promise<void> {
          ‚ïµ   [32m~~~~~[0m


[31m‚úò [41;31m[[41;97mERROR[41;31m][0m [1mTS2304: Cannot find name 'deleteDocument'.[0m [1m[35m[plugin angular-compiler][0m

    src/app/core/services/profile.service.ts:416:8:
[37m      416 ‚îÇ   async [32mdeleteDocument[37m(documentId: string): Promise<void> {
          ‚ïµ         [32m~~~~~~~~~~~~~~[0m


[31m‚úò [41;31m[[41;97mERROR[41;31m][0m [1mTS2304: Cannot find name 'documentId'.[0m [1m[35m[plugin angular-compiler][0m

    src/app/core/services/profile.service.ts:416:23:
[37m      416 ‚îÇ   async deleteDocument([32mdocumentId[37m: string): Promise<void> {
          ‚ïµ                        [32m~~~~~~~~~~[0m


[31m‚úò [41;31m[[41;97mERROR[41;31m][0m [1mTS1005: ',' expected.[0m [1m[35m[plugin angular-compiler][0m

    src/app/core/services/profile.service.ts:416:33:
[37m      416 ‚îÇ   async deleteDocument(documentId[32m:[37m string): Promise<void> {
          ‚ïµ                                  [32m^[0m


[31m‚úò [41;31m[[41;97mERROR[41;31m][0m [1mTS2693: 'string' only refers to a type, but is being used as a value here.[0m [1m[35m[plugin angular-compiler][0m

    src/app/core/services/profile.service.ts:416:35:
[37m      416 ‚îÇ   async deleteDocument(documentId: [32mstring[37m): Promise<void> {
          ‚ïµ                                    [32m~~~~~~[0m


[31m‚úò [41;31m[[41;97mERROR[41;31m][0m [1mTS1005: ';' expected.[0m [1m[35m[plugin angular-compiler][0m

    src/app/core/services/profile.service.ts:416:42:
[37m      416 ‚îÇ   async deleteDocument(documentId: string)[32m:[37m Promise<void> {
          ‚ïµ                                           [32m^[0m


[31m‚úò [41;31m[[41;97mERROR[41;31m][0m [1mTS2365: Operator '>' cannot be applied to types 'boolean' and '{ const: any; if(: any, document: any): never; if(error: any): never; await: any; this: any; }'.[0m [1m[35m[plugin angular-compiler][0m

    src/app/core/services/profile.service.ts:416:44:
[37m      416 ‚îÇ   async deleteDocument(documentId: string): [32mPromise<void> {[37m
          ‚ïµ                                             [32m~~~~~~~~~~~~~~~[0m


[31m‚úò [41;31m[[41;97mERROR[41;31m][0m [1mTS2532: Object is possibly 'undefined'.[0m [1m[35m[plugin angular-compiler][0m

    src/app/core/services/profile.service.ts:416:52:
[37m      416 ‚îÇ   async deleteDocument(documentId: string): Promise<[32mvoid[37m> {
          ‚ïµ                                                     [32m~~~~[0m


[31m‚úò [41;31m[[41;97mERROR[41;31m][0m [1mTS1109: Expression expected.[0m [1m[35m[plugin angular-compiler][0m

    src/app/core/services/profile.service.ts:416:56:
[37m      416 ‚îÇ   async deleteDocument(documentId: string): Promise<void[32m>[37m {
          ‚ïµ                                                         [32m^[0m


[31m‚úò [41;31m[[41;97mERROR[41;31m][0m [1mTS1005: ':' expected.[0m [1m[35m[plugin angular-compiler][0m

    src/app/core/services/profile.service.ts:417:10:
[37m      417 ‚îÇ     const [32mdocument[37m = await this.getDocument(documentId);
          ‚ïµ           [32m~~~~~~~~[0m


[31m‚úò [41;31m[[41;97mERROR[41;31m][0m [1mTS2532: Object is possibly 'undefined'.[0m [1m[35m[plugin angular-compiler][0m

    src/app/core/services/profile.service.ts:417:27:
[37m      417 ‚îÇ     const document = await [32mthis[37m.getDocument(documentId);
          ‚ïµ                            [32m~~~~[0m


[31m‚úò [41;31m[[41;97mERROR[41;31m][0m [1mTS2304: Cannot find name 'documentId'.[0m [1m[35m[plugin angular-compiler][0m

    src/app/core/services/profile.service.ts:417:44:
[37m      417 ‚îÇ     const document = await this.getDocument([32mdocumentId[37m);
          ‚ïµ                                             [32m~~~~~~~~~~[0m


[31m‚úò [41;31m[[41;97mERROR[41;31m][0m [1mTS1005: ',' expected.[0m [1m[35m[plugin angular-compiler][0m

    src/app/core/services/profile.service.ts:417:55:
[37m      417 ‚îÇ     const document = await this.getDocument(documentId)[32m;[37m
          ‚ïµ                                                        [32m^[0m


[31m‚úò [41;31m[[41;97mERROR[41;31m][0m [1mTS1003: Identifier expected.[0m [1m[35m[plugin angular-compiler][0m

    src/app/core/services/profile.service.ts:419:8:
[37m      419 ‚îÇ     if ([32m![37mdocument) {
          ‚ïµ         [32m^[0m


[31m‚úò [41;31m[[41;97mERROR[41;31m][0m [1mTS7006: Parameter '(Missing)' implicitly has an 'any' type.[0m [1m[35m[plugin angular-compiler][0m

    src/app/core/services/profile.service.ts:419:8:
[37m      419 ‚îÇ     if ([32m[37m!document) {
          ‚ïµ         [32m^[0m


[31m‚úò [41;31m[[41;97mERROR[41;31m][0m [1mTS7006: Parameter 'document' implicitly has an 'any' type.[0m [1m[35m[plugin angular-compiler][0m

    src/app/core/services/profile.service.ts:419:9:
[37m      419 ‚îÇ     if (![32mdocument[37m) {
          ‚ïµ          [32m~~~~~~~~[0m


[31m‚úò [41;31m[[41;97mERROR[41;31m][0m [1mTS1005: ',' expected.[0m [1m[35m[plugin angular-compiler][0m

    src/app/core/services/profile.service.ts:424:4:
[37m      424 ‚îÇ     [32mawait[37m this.supabase.storage.from('documents').remove([documen...
          ‚ïµ     [32m~~~~~[0m


[31m‚úò [41;31m[[41;97mERROR[41;31m][0m [1mTS18004: No value exists in scope for the shorthand property 'await'. Either declare one or provide an initializer.[0m [1m[35m[plugin angular-compiler][0m

    src/app/core/services/profile.service.ts:424:4:
[37m      424 ‚îÇ     [32mawait[37m this.supabase.storage.from('documents').remove([documen...
          ‚ïµ     [32m~~~~~[0m


[31m‚úò [41;31m[[41;97mERROR[41;31m][0m [1mTS1005: ',' expected.[0m [1m[35m[plugin angular-compiler][0m

    src/app/core/services/profile.service.ts:424:10:
[37m      424 ‚îÇ     await [32mthis[37m.supabase.storage.from('documents').remove([documen...
          ‚ïµ           [32m~~~~[0m


[31m‚úò [41;31m[[41;97mERROR[41;31m][0m [1mTS1005: ':' expected.[0m [1m[35m[plugin angular-compiler][0m

    src/app/core/services/profile.service.ts:424:14:
[37m      424 ‚îÇ     await this[32m.[37msupabase.storage.from('documents').remove([documen...
          ‚ïµ               [32m^[0m


[31m‚úò [41;31m[[41;97mERROR[41;31m][0m [1mTS2339: Property 'storage_path' does not exist on type 'Document'.[0m [1m[35m[plugin angular-compiler][0m

    src/app/core/services/profile.service.ts:424:67:
[37m      424 ‚îÇ ...pabase.storage.from('documents').remove([document.[32mstorage_path[37m]);
          ‚ïµ                                                      [32m~~~~~~~~~~~~[0m


[31m‚úò [41;31m[[41;97mERROR[41;31m][0m [1mTS1005: ',' expected.[0m [1m[35m[plugin angular-compiler][0m

    src/app/core/services/profile.service.ts:424:81:
[37m      424 ‚îÇ ...pabase.storage.from('documents').remove([document.storage_path])[32m;[37m
          ‚ïµ                                                                    [32m^[0m


[31m‚úò [41;31m[[41;97mERROR[41;31m][0m [1mTS1005: ':' expected.[0m [1m[35m[plugin angular-compiler][0m

    src/app/core/services/profile.service.ts:427:10:
[37m      427 ‚îÇ     const [32m{[37m error } = await this.supabase.from('user_documents')....
          ‚ïµ           [32m^[0m


[31m‚úò [41;31m[[41;97mERROR[41;31m][0m [1mTS18004: No value exists in scope for the shorthand property 'error'. Either declare one or provide an initializer.[0m [1m[35m[plugin angular-compiler][0m

    src/app/core/services/profile.service.ts:427:12:
[37m      427 ‚îÇ     const { [32merror[37m } = await this.supabase.from('user_documents')....
          ‚ïµ             [32m~~~~~[0m


[31m‚úò [41;31m[[41;97mERROR[41;31m][0m [1mTS2532: Object is possibly 'undefined'.[0m [1m[35m[plugin angular-compiler][0m

    src/app/core/services/profile.service.ts:427:28:
[37m      427 ‚îÇ     const { error } = await [32mthis[37m.supabase.from('user_documents')....
          ‚ïµ                             [32m~~~~[0m


[31m‚úò [41;31m[[41;97mERROR[41;31m][0m [1mTS2304: Cannot find name 'documentId'.[0m [1m[35m[plugin angular-compiler][0m

    src/app/core/services/profile.service.ts:427:83:
[37m      427 ‚îÇ ...is.supabase.from('user_documents').delete().eq('id', [32mdocumentId[37m);
          ‚ïµ                                                         [32m~~~~~~~~~~[0m


[31m‚úò [41;31m[[41;97mERROR[41;31m][0m [1mTS1005: ',' expected.[0m [1m[35m[plugin angular-compiler][0m

    src/app/core/services/profile.service.ts:427:94:
[37m      427 ‚îÇ ...is.supabase.from('user_documents').delete().eq('id', documentId)[32m;[37m
          ‚ïµ                                                                    [32m^[0m


[31m‚úò [41;31m[[41;97mERROR[41;31m][0m [1mTS7006: Parameter 'error' implicitly has an 'any' type.[0m [1m[35m[plugin angular-compiler][0m

    src/app/core/services/profile.service.ts:429:8:
[37m      429 ‚îÇ     if ([32merror[37m) {
          ‚ïµ         [32m~~~~~[0m


[31m‚úò [41;31m[[41;97mERROR[41;31m][0m [1mTS1434: Unexpected keyword or identifier.[0m [1m[35m[plugin angular-compiler][0m

    src/app/core/services/profile.service.ts:437:2:
[37m      437 ‚îÇ   [32masync[37m getDocumentSignedUrl(storagePath: string): Promise<string> {
          ‚ïµ   [32m~~~~~[0m


[31m‚úò [41;31m[[41;97mERROR[41;31m][0m [1mTS2304: Cannot find name 'async'.[0m [1m[35m[plugin angular-compiler][0m

    src/app/core/services/profile.service.ts:437:2:
[37m      437 ‚îÇ   [32masync[37m getDocumentSignedUrl(storagePath: string): Promise<string> {
          ‚ïµ   [32m~~~~~[0m


[31m‚úò [41;31m[[41;97mERROR[41;31m][0m [1mTS2304: Cannot find name 'getDocumentSignedUrl'.[0m [1m[35m[plugin angular-compiler][0m

    src/app/core/services/profile.service.ts:437:8:
[37m      437 ‚îÇ   async [32mgetDocumentSignedUrl[37m(storagePath: string): Promise<string> {
          ‚ïµ         [32m~~~~~~~~~~~~~~~~~~~~[0m


[31m‚úò [41;31m[[41;97mERROR[41;31m][0m [1mTS2304: Cannot find name 'storagePath'.[0m [1m[35m[plugin angular-compiler][0m

    src/app/core/services/profile.service.ts:437:29:
[37m      437 ‚îÇ   async getDocumentSignedUrl([32mstoragePath[37m: string): Promise<string> {
          ‚ïµ                              [32m~~~~~~~~~~~[0m


[31m‚úò [41;31m[[41;97mERROR[41;31m][0m [1mTS1005: ',' expected.[0m [1m[35m[plugin angular-compiler][0m

    src/app/core/services/profile.service.ts:437:40:
[37m      437 ‚îÇ   async getDocumentSignedUrl(storagePath[32m:[37m string): Promise<string> {
          ‚ïµ                                         [32m^[0m


[31m‚úò [41;31m[[41;97mERROR[41;31m][0m [1mTS2693: 'string' only refers to a type, but is being used as a value here.[0m [1m[35m[plugin angular-compiler][0m

    src/app/core/services/profile.service.ts:437:42:
[37m      437 ‚îÇ   async getDocumentSignedUrl(storagePath: [32mstring[37m): Promise<string> {
          ‚ïµ                                           [32m~~~~~~[0m


[31m‚úò [41;31m[[41;97mERROR[41;31m][0m [1mTS1005: ';' expected.[0m [1m[35m[plugin angular-compiler][0m

    src/app/core/services/profile.service.ts:437:49:
[37m      437 ‚îÇ   async getDocumentSignedUrl(storagePath: string)[32m:[37m Promise<string> {
          ‚ïµ                                                  [32m^[0m


[31m‚úò [41;31m[[41;97mERROR[41;31m][0m [1mTS2365: Operator '>' cannot be applied to types 'boolean' and '{ const: any; if(error: any): never; return: any; }'.[0m [1m[35m[plugin angular-compiler][0m

    src/app/core/services/profile.service.ts:437:51:
[37m      437 ‚îÇ   async getDocumentSignedUrl(storagePath: string): [32mPromise<string> {[37m
          ‚ïµ                                                    [32m~~~~~~~~~~~~~~~~~[0m


[31m‚úò [41;31m[[41;97mERROR[41;31m][0m [1mTS2693: 'string' only refers to a type, but is being used as a value here.[0m [1m[35m[plugin angular-compiler][0m

    src/app/core/services/profile.service.ts:437:59:
[37m      437 ‚îÇ   async getDocumentSignedUrl(storagePath: string): Promise<[32mstring[37m> {
          ‚ïµ                                                            [32m~~~~~~[0m


[31m‚úò [41;31m[[41;97mERROR[41;31m][0m [1mTS1005: ':' expected.[0m [1m[35m[plugin angular-compiler][0m

    src/app/core/services/profile.service.ts:438:10:
[37m      438 ‚îÇ     const [32m{[37m data, error } = await this.supabase.storage
          ‚ïµ           [32m^[0m


[31m‚úò [41;31m[[41;97mERROR[41;31m][0m [1mTS2588: Cannot assign to 'data' because it is a constant.[0m [1m[35m[plugin angular-compiler][0m

    src/app/core/services/profile.service.ts:438:12:
[37m      438 ‚îÇ     const { [32mdata[37m, error } = await this.supabase.storage
          ‚ïµ             [32m~~~~[0m


[31m‚úò [41;31m[[41;97mERROR[41;31m][0m [1mTS18004: No value exists in scope for the shorthand property 'error'. Either declare one or provide an initializer.[0m [1m[35m[plugin angular-compiler][0m

    src/app/core/services/profile.service.ts:438:18:
[37m      438 ‚îÇ     const { data, [32merror[37m } = await this.supabase.storage
          ‚ïµ                   [32m~~~~~[0m


[31m‚úò [41;31m[[41;97mERROR[41;31m][0m [1mTS2532: Object is possibly 'undefined'.[0m [1m[35m[plugin angular-compiler][0m

    src/app/core/services/profile.service.ts:438:34:
[37m      438 ‚îÇ     const { data, error } = await [32mthis[37m.supabase.storage
          ‚ïµ                                   [32m~~~~[0m


[31m‚úò [41;31m[[41;97mERROR[41;31m][0m [1mTS2304: Cannot find name 'storagePath'.[0m [1m[35m[plugin angular-compiler][0m

    src/app/core/services/profile.service.ts:440:23:
[37m      440 ‚îÇ       .createSignedUrl([32mstoragePath[37m, 3600); // 1 hora
          ‚ïµ                        [32m~~~~~~~~~~~[0m


[31m‚úò [41;31m[[41;97mERROR[41;31m][0m [1mTS1005: ',' expected.[0m [1m[35m[plugin angular-compiler][0m

    src/app/core/services/profile.service.ts:440:41:
[37m      440 ‚îÇ       .createSignedUrl(storagePath, 3600)[32m;[37m // 1 hora
          ‚ïµ                                          [32m^[0m


[31m‚úò [41;31m[[41;97mERROR[41;31m][0m [1mTS7006: Parameter 'error' implicitly has an 'any' type.[0m [1m[35m[plugin angular-compiler][0m

    src/app/core/services/profile.service.ts:442:8:
[37m      442 ‚îÇ     if ([32merror[37m) {
          ‚ïµ         [32m~~~~~[0m


[31m‚úò [41;31m[[41;97mERROR[41;31m][0m [1mTS1005: ',' expected.[0m [1m[35m[plugin angular-compiler][0m

    src/app/core/services/profile.service.ts:446:4:
[37m      446 ‚îÇ     [32mreturn[37m data.signedUrl;
          ‚ïµ     [32m~~~~~~[0m


[31m‚úò [41;31m[[41;97mERROR[41;31m][0m [1mTS1005: ':' expected.[0m [1m[35m[plugin angular-compiler][0m

    src/app/core/services/profile.service.ts:446:11:
[37m      446 ‚îÇ     return [32mdata[37m.signedUrl;
          ‚ïµ            [32m~~~~[0m


[31m‚úò [41;31m[[41;97mERROR[41;31m][0m [1mTS1005: ',' expected.[0m [1m[35m[plugin angular-compiler][0m

    src/app/core/services/profile.service.ts:446:25:
[37m      446 ‚îÇ     return data.signedUrl[32m;[37m
          ‚ïµ                          [32m^[0m


[31m‚úò [41;31m[[41;97mERROR[41;31m][0m [1mTS1434: Unexpected keyword or identifier.[0m [1m[35m[plugin angular-compiler][0m

    src/app/core/services/profile.service.ts:452:2:
[37m      452 ‚îÇ   [32masync[37m hasCompletedOnboarding(): Promise<boolean> {
          ‚ïµ   [32m~~~~~[0m


[31m‚úò [41;31m[[41;97mERROR[41;31m][0m [1mTS2304: Cannot find name 'async'.[0m [1m[35m[plugin angular-compiler][0m

    src/app/core/services/profile.service.ts:452:2:
[37m      452 ‚îÇ   [32masync[37m hasCompletedOnboarding(): Promise<boolean> {
          ‚ïµ   [32m~~~~~[0m


[31m‚úò [41;31m[[41;97mERROR[41;31m][0m [1mTS2304: Cannot find name 'hasCompletedOnboarding'.[0m [1m[35m[plugin angular-compiler][0m

    src/app/core/services/profile.service.ts:452:8:
[37m      452 ‚îÇ   async [32mhasCompletedOnboarding[37m(): Promise<boolean> {
          ‚ïµ         [32m~~~~~~~~~~~~~~~~~~~~~~[0m


[31m‚úò [41;31m[[41;97mERROR[41;31m][0m [1mTS1005: ';' expected.[0m [1m[35m[plugin angular-compiler][0m

    src/app/core/services/profile.service.ts:452:32:
[37m      452 ‚îÇ   async hasCompletedOnboarding()[32m:[37m Promise<boolean> {
          ‚ïµ                                 [32m^[0m


[31m‚úò [41;31m[[41;97mERROR[41;31m][0m [1mTS2365: Operator '>' cannot be applied to types 'boolean' and '{ const: any; return: boolean; }'.[0m [1m[35m[plugin angular-compiler][0m

    src/app/core/services/profile.service.ts:452:34:
[37m      452 ‚îÇ   async hasCompletedOnboarding(): [32mPromise<boolean> {[37m
          ‚ïµ                                   [32m~~~~~~~~~~~~~~~~~~[0m


[31m‚úò [41;31m[[41;97mERROR[41;31m][0m [1mTS2693: 'boolean' only refers to a type, but is being used as a value here.[0m [1m[35m[plugin angular-compiler][0m

    src/app/core/services/profile.service.ts:452:42:
[37m      452 ‚îÇ   async hasCompletedOnboarding(): Promise<[32mboolean[37m> {
          ‚ïµ                                           [32m~~~~~~~[0m


[31m‚úò [41;31m[[41;97mERROR[41;31m][0m [1mTS1005: ':' expected.[0m [1m[35m[plugin angular-compiler][0m

    src/app/core/services/profile.service.ts:453:10:
[37m      453 ‚îÇ     const [32mprofile[37m = await this.getMe();
          ‚ïµ           [32m~~~~~~~[0m


[31m‚úò [41;31m[[41;97mERROR[41;31m][0m [1mTS2304: Cannot find name 'profile'.[0m [1m[35m[plugin angular-compiler][0m

    src/app/core/services/profile.service.ts:453:10:
[37m      453 ‚îÇ     const [32mprofile[37m = await this.getMe();
          ‚ïµ           [32m~~~~~~~[0m


[31m‚úò [41;31m[[41;97mERROR[41;31m][0m [1mTS2532: Object is possibly 'undefined'.[0m [1m[35m[plugin angular-compiler][0m

    src/app/core/services/profile.service.ts:453:26:
[37m      453 ‚îÇ     const profile = await [32mthis[37m.getMe();
          ‚ïµ                           [32m~~~~[0m


[31m‚úò [41;31m[[41;97mERROR[41;31m][0m [1mTS1005: ',' expected.[0m [1m[35m[plugin angular-compiler][0m

    src/app/core/services/profile.service.ts:453:38:
[37m      453 ‚îÇ     const profile = await this.getMe()[32m;[37m
          ‚ïµ                                       [32m^[0m


[31m‚úò [41;31m[[41;97mERROR[41;31m][0m [1mTS1005: ':' expected.[0m [1m[35m[plugin angular-compiler][0m

    src/app/core/services/profile.service.ts:454:11:
[37m      454 ‚îÇ     return [32mprofile[37m.onboarding === 'complete';
          ‚ïµ            [32m~~~~~~~[0m


[31m‚úò [41;31m[[41;97mERROR[41;31m][0m [1mTS2304: Cannot find name 'profile'.[0m [1m[35m[plugin angular-compiler][0m

    src/app/core/services/profile.service.ts:454:11:
[37m      454 ‚îÇ     return [32mprofile[37m.onboarding === 'complete';
          ‚ïµ            [32m~~~~~~~[0m


[31m‚úò [41;31m[[41;97mERROR[41;31m][0m [1mTS1005: ',' expected.[0m [1m[35m[plugin angular-compiler][0m

    src/app/core/services/profile.service.ts:454:44:
[37m      454 ‚îÇ     return profile.onboarding === 'complete'[32m;[37m
          ‚ïµ                                             [32m^[0m


[31m‚úò [41;31m[[41;97mERROR[41;31m][0m [1mTS1434: Unexpected keyword or identifier.[0m [1m[35m[plugin angular-compiler][0m

    src/app/core/services/profile.service.ts:460:2:
[37m      460 ‚îÇ   [32masync[37m hasAcceptedTOS(): Promise<boolean> {
          ‚ïµ   [32m~~~~~[0m


[31m‚úò [41;31m[[41;97mERROR[41;31m][0m [1mTS2304: Cannot find name 'async'.[0m [1m[35m[plugin angular-compiler][0m

    src/app/core/services/profile.service.ts:460:2:
[37m      460 ‚îÇ   [32masync[37m hasAcceptedTOS(): Promise<boolean> {
          ‚ïµ   [32m~~~~~[0m


[31m‚úò [41;31m[[41;97mERROR[41;31m][0m [1mTS2304: Cannot find name 'hasAcceptedTOS'.[0m [1m[35m[plugin angular-compiler][0m

    src/app/core/services/profile.service.ts:460:8:
[37m      460 ‚îÇ   async [32mhasAcceptedTOS[37m(): Promise<boolean> {
          ‚ïµ         [32m~~~~~~~~~~~~~~[0m


[31m‚úò [41;31m[[41;97mERROR[41;31m][0m [1mTS1005: ';' expected.[0m [1m[35m[plugin angular-compiler][0m

    src/app/core/services/profile.service.ts:460:24:
[37m      460 ‚îÇ   async hasAcceptedTOS()[32m:[37m Promise<boolean> {
          ‚ïµ                         [32m^[0m


[31m‚úò [41;31m[[41;97mERROR[41;31m][0m [1mTS2365: Operator '>' cannot be applied to types 'boolean' and '{ const: any; return: boolean; }'.[0m [1m[35m[plugin angular-compiler][0m

    src/app/core/services/profile.service.ts:460:26:
[37m      460 ‚îÇ   async hasAcceptedTOS(): [32mPromise<boolean> {[37m
          ‚ïµ                           [32m~~~~~~~~~~~~~~~~~~[0m


[31m‚úò [41;31m[[41;97mERROR[41;31m][0m [1mTS2693: 'boolean' only refers to a type, but is being used as a value here.[0m [1m[35m[plugin angular-compiler][0m

    src/app/core/services/profile.service.ts:460:34:
[37m      460 ‚îÇ   async hasAcceptedTOS(): Promise<[32mboolean[37m> {
          ‚ïµ                                   [32m~~~~~~~[0m


[31m‚úò [41;31m[[41;97mERROR[41;31m][0m [1mTS1005: ':' expected.[0m [1m[35m[plugin angular-compiler][0m

    src/app/core/services/profile.service.ts:461:10:
[37m      461 ‚îÇ     const [32mprofile[37m = await this.getMe();
          ‚ïµ           [32m~~~~~~~[0m


[31m‚úò [41;31m[[41;97mERROR[41;31m][0m [1mTS2304: Cannot find name 'profile'.[0m [1m[35m[plugin angular-compiler][0m

    src/app/core/services/profile.service.ts:461:10:
[37m      461 ‚îÇ     const [32mprofile[37m = await this.getMe();
          ‚ïµ           [32m~~~~~~~[0m


[31m‚úò [41;31m[[41;97mERROR[41;31m][0m [1mTS2532: Object is possibly 'undefined'.[0m [1m[35m[plugin angular-compiler][0m

    src/app/core/services/profile.service.ts:461:26:
[37m      461 ‚îÇ     const profile = await [32mthis[37m.getMe();
          ‚ïµ                           [32m~~~~[0m


[31m‚úò [41;31m[[41;97mERROR[41;31m][0m [1mTS1005: ',' expected.[0m [1m[35m[plugin angular-compiler][0m

    src/app/core/services/profile.service.ts:461:38:
[37m      461 ‚îÇ     const profile = await this.getMe()[32m;[37m
          ‚ïµ                                       [32m^[0m


[31m‚úò [41;31m[[41;97mERROR[41;31m][0m [1mTS1005: ':' expected.[0m [1m[35m[plugin angular-compiler][0m

    src/app/core/services/profile.service.ts:462:11:
[37m      462 ‚îÇ     return [32mprofile[37m.tos_accepted_at !== null;
          ‚ïµ            [32m~~~~~~~[0m


[31m‚úò [41;31m[[41;97mERROR[41;31m][0m [1mTS2304: Cannot find name 'profile'.[0m [1m[35m[plugin angular-compiler][0m

    src/app/core/services/profile.service.ts:462:11:
[37m      462 ‚îÇ     return [32mprofile[37m.tos_accepted_at !== null;
          ‚ïµ            [32m~~~~~~~[0m


[31m‚úò [41;31m[[41;97mERROR[41;31m][0m [1mTS1005: ',' expected.[0m [1m[35m[plugin angular-compiler][0m

    src/app/core/services/profile.service.ts:462:43:
[37m      462 ‚îÇ     return profile.tos_accepted_at !== null[32m;[37m
          ‚ïµ                                            [32m^[0m


[31m‚úò [41;31m[[41;97mERROR[41;31m][0m [1mTS1434: Unexpected keyword or identifier.[0m [1m[35m[plugin angular-compiler][0m

    src/app/core/services/profile.service.ts:468:2:
[37m      468 ‚îÇ   [32masync[37m completeOnboarding(): Promise<void> {
          ‚ïµ   [32m~~~~~[0m


[31m‚úò [41;31m[[41;97mERROR[41;31m][0m [1mTS2304: Cannot find name 'async'.[0m [1m[35m[plugin angular-compiler][0m

    src/app/core/services/profile.service.ts:468:2:
[37m      468 ‚îÇ   [32masync[37m completeOnboarding(): Promise<void> {
          ‚ïµ   [32m~~~~~[0m


[31m‚úò [41;31m[[41;97mERROR[41;31m][0m [1mTS2304: Cannot find name 'completeOnboarding'.[0m [1m[35m[plugin angular-compiler][0m

    src/app/core/services/profile.service.ts:468:8:
[37m      468 ‚îÇ   async [32mcompleteOnboarding[37m(): Promise<void> {
          ‚ïµ         [32m~~~~~~~~~~~~~~~~~~[0m


[31m‚úò [41;31m[[41;97mERROR[41;31m][0m [1mTS1005: ';' expected.[0m [1m[35m[plugin angular-compiler][0m

    src/app/core/services/profile.service.ts:468:28:
[37m      468 ‚îÇ   async completeOnboarding()[32m:[37m Promise<void> {
          ‚ïµ                             [32m^[0m


[31m‚úò [41;31m[[41;97mERROR[41;31m][0m [1mTS2365: Operator '>' cannot be applied to types 'boolean' and '{ const: any; if(: any, user: any): never; if(error: any): never; }'.[0m [1m[35m[plugin angular-compiler][0m

    src/app/core/services/profile.service.ts:468:30:
[37m      468 ‚îÇ   async completeOnboarding(): [32mPromise<void> {[37m
          ‚ïµ                               [32m~~~~~~~~~~~~~~~[0m


[31m‚úò [41;31m[[41;97mERROR[41;31m][0m [1mTS2532: Object is possibly 'undefined'.[0m [1m[35m[plugin angular-compiler][0m

    src/app/core/services/profile.service.ts:468:38:
[37m      468 ‚îÇ   async completeOnboarding(): Promise<[32mvoid[37m> {
          ‚ïµ                                       [32m~~~~[0m


[31m‚úò [41;31m[[41;97mERROR[41;31m][0m [1mTS1109: Expression expected.[0m [1m[35m[plugin angular-compiler][0m

    src/app/core/services/profile.service.ts:468:42:
[37m      468 ‚îÇ   async completeOnboarding(): Promise<void[32m>[37m {
          ‚ïµ                                           [32m^[0m


[31m‚úò [41;31m[[41;97mERROR[41;31m][0m [1mTS1005: ':' expected.[0m [1m[35m[plugin angular-compiler][0m

    src/app/core/services/profile.service.ts:469:10:
[37m      469 ‚îÇ     const [32m{[37m
          ‚ïµ           [32m^[0m


[31m‚úò [41;31m[[41;97mERROR[41;31m][0m [1mTS18004: No value exists in scope for the shorthand property 'user'. Either declare one or provide an initializer.[0m [1m[35m[plugin angular-compiler][0m

    src/app/core/services/profile.service.ts:470:14:
[37m      470 ‚îÇ       data: { [32muser[37m },
          ‚ïµ               [32m~~~~[0m


[31m‚úò [41;31m[[41;97mERROR[41;31m][0m [1mTS2532: Object is possibly 'undefined'.[0m [1m[35m[plugin angular-compiler][0m

    src/app/core/services/profile.service.ts:471:14:
[37m      471 ‚îÇ     } = await [32mthis[37m.supabase.auth.getUser();
          ‚ïµ               [32m~~~~[0m


[31m‚úò [41;31m[[41;97mERROR[41;31m][0m [1mTS1005: ',' expected.[0m [1m[35m[plugin angular-compiler][0m

    src/app/core/services/profile.service.ts:471:42:
[37m      471 ‚îÇ     } = await this.supabase.auth.getUser()[32m;[37m
          ‚ïµ                                           [32m^[0m


[31m‚úò [41;31m[[41;97mERROR[41;31m][0m [1mTS1003: Identifier expected.[0m [1m[35m[plugin angular-compiler][0m

    src/app/core/services/profile.service.ts:473:8:
[37m      473 ‚îÇ     if ([32m![37muser) {
          ‚ïµ         [32m^[0m


[31m‚úò [41;31m[[41;97mERROR[41;31m][0m [1mTS7006: Parameter '(Missing)' implicitly has an 'any' type.[0m [1m[35m[plugin angular-compiler][0m

    src/app/core/services/profile.service.ts:473:8:
[37m      473 ‚îÇ     if ([32m[37m!user) {
          ‚ïµ         [32m^[0m


[31m‚úò [41;31m[[41;97mERROR[41;31m][0m [1mTS7006: Parameter 'user' implicitly has an 'any' type.[0m [1m[35m[plugin angular-compiler][0m

    src/app/core/services/profile.service.ts:473:9:
[37m      473 ‚îÇ     if (![32muser[37m) {
          ‚ïµ          [32m~~~~[0m


[31m‚úò [41;31m[[41;97mERROR[41;31m][0m [1mTS1005: ',' expected.[0m [1m[35m[plugin angular-compiler][0m

    src/app/core/services/profile.service.ts:477:4:
[37m      477 ‚îÇ     [32mconst[37m { error } = await this.supabase
          ‚ïµ     [32m~~~~~[0m


[31m‚úò [41;31m[[41;97mERROR[41;31m][0m [1mTS1005: ':' expected.[0m [1m[35m[plugin angular-compiler][0m

    src/app/core/services/profile.service.ts:477:10:
[37m      477 ‚îÇ     const [32m{[37m error } = await this.supabase
          ‚ïµ           [32m^[0m


[31m‚úò [41;31m[[41;97mERROR[41;31m][0m [1mTS18004: No value exists in scope for the shorthand property 'error'. Either declare one or provide an initializer.[0m [1m[35m[plugin angular-compiler][0m

    src/app/core/services/profile.service.ts:477:12:
[37m      477 ‚îÇ    